[0.014s] Invoking command in '/home/magnum/simuate_ws/src/robot/src/visual_marker/build/visual_marker': CMAKE_PREFIX_PATH=/opt/ros/foxy /usr/bin/cmake /home/magnum/simuate_ws/src/robot/src/visual_marker -DCMAKE_INSTALL_PREFIX=/home/magnum/simuate_ws/src/robot/src/visual_marker/install/visual_marker
[0.023s] -- Found ament_cmake: 0.9.11 (/opt/ros/foxy/share/ament_cmake/cmake)
[0.044s] -- Using PYTHON_EXECUTABLE: /usr/bin/python3
[0.233s] -- Found rclcpp: 2.4.2 (/opt/ros/foxy/share/rclcpp/cmake)
[0.260s] -- Using all available rosidl_typesupport_c: rosidl_typesupport_fastrtps_c;rosidl_typesupport_introspection_c
[0.262s] -- Found rosidl_adapter: 1.3.0 (/opt/ros/foxy/share/rosidl_adapter/cmake)
[0.370s] -- Using all available rosidl_typesupport_cpp: rosidl_typesupport_fastrtps_cpp;rosidl_typesupport_introspection_cpp
[0.404s] -- Found rmw_implementation_cmake: 1.0.3 (/opt/ros/foxy/share/rmw_implementation_cmake/cmake)
[0.404s] -- Using RMW implementation 'rmw_fastrtps_cpp' as default
[0.508s] -- Found sensor_msgs: 2.0.5 (/opt/ros/foxy/share/sensor_msgs/cmake)
[0.595s] -- Found visualization_msgs: 2.0.5 (/opt/ros/foxy/share/visualization_msgs/cmake)
[0.650s] -- Found ament_lint_auto: 0.9.7 (/opt/ros/foxy/share/ament_lint_auto/cmake)
[0.723s] -- Added test 'copyright' to check source files copyright and LICENSE
[0.728s] -- Added test 'cppcheck' to perform static code analysis on C / C++ code
[0.728s] -- Configured cppcheck include dirs: 
[0.728s] -- Configured cppcheck exclude dirs and/or files: 
[0.732s] -- Added test 'cpplint' to check C / C++ code against the Google style
[0.732s] -- Configured cpplint exclude dirs and/or files: 
[0.733s] -- Added test 'flake8' to check Python code syntax and style conventions
[0.734s] -- Added test 'lint_cmake' to check CMake code style
[0.735s] -- Added test 'pep257' to check Python code against some of the style conventions in PEP 257
[0.740s] -- Added test 'uncrustify' to check C / C++ code style
[0.740s] -- Configured uncrustify additional arguments: 
[0.741s] -- Added test 'xmllint' to check XML markup files
[0.742s] -- Configuring done
[0.744s] [31mCMake Error at CMakeLists.txt:26 (add_executable):
[0.744s]   Cannot find source file:
[0.744s] 
[0.744s]     src/bump_go_node.cpp
[0.744s] 
[0.744s]   Tried extensions .c .C .c++ .cc .cpp .cxx .cu .mpp .m .M .mm .ixx .cppm .h
[0.744s]   .hh .h++ .hm .hpp .hxx .in .txx .f .F .for .f77 .f90 .f95 .f03 .hip .ispc
[0.744s] 
[0.745s] [0m
[0.745s] [31mCMake Error at CMakeLists.txt:26 (add_executable):
[0.745s]   No SOURCES given to target: visual_marker
[0.745s] 
[0.745s] [0m
[0.745s] [0mCMake Generate step failed.  Build files cannot be regenerated correctly.[0m
[0.751s] Invoked command in '/home/magnum/simuate_ws/src/robot/src/visual_marker/build/visual_marker' returned '1': CMAKE_PREFIX_PATH=/opt/ros/foxy /usr/bin/cmake /home/magnum/simuate_ws/src/robot/src/visual_marker -DCMAKE_INSTALL_PREFIX=/home/magnum/simuate_ws/src/robot/src/visual_marker/install/visual_marker
