[0.677s] Invoking command in '/home/magnum/simuate_ws/src/robot/src/obstacle_detction_python': PYTHONPATH=/home/magnum/simuate_ws/src/robot/src/build/obstacle_detction_python/prefix_override:/home/magnum/simuate_ws/src/robot/src/install/obstacle_detction_python/lib/python3.8/site-packages:${PYTHONPATH} /usr/bin/python3 setup.py egg_info --egg-base ../build/obstacle_detction_python build --build-base /home/magnum/simuate_ws/src/robot/src/build/obstacle_detction_python/build install --record /home/magnum/simuate_ws/src/robot/src/build/obstacle_detction_python/install.log --install-scripts $base/lib/obstacle_detction_python --single-version-externally-managed
[0.839s] running egg_info
[0.840s] writing ../build/obstacle_detction_python/obstacle_detction_python.egg-info/PKG-INFO
[0.840s] writing dependency_links to ../build/obstacle_detction_python/obstacle_detction_python.egg-info/dependency_links.txt
[0.840s] writing entry points to ../build/obstacle_detction_python/obstacle_detction_python.egg-info/entry_points.txt
[0.840s] writing requirements to ../build/obstacle_detction_python/obstacle_detction_python.egg-info/requires.txt
[0.840s] writing top-level names to ../build/obstacle_detction_python/obstacle_detction_python.egg-info/top_level.txt
[0.865s] reading manifest file '../build/obstacle_detction_python/obstacle_detction_python.egg-info/SOURCES.txt'
[0.866s] writing manifest file '../build/obstacle_detction_python/obstacle_detction_python.egg-info/SOURCES.txt'
[0.866s] running build
[0.866s] running build_py
[0.866s] running install
[0.866s] running install_lib
[0.867s] running install_data
[0.868s] running install_egg_info
[0.869s] removing '/home/magnum/simuate_ws/src/robot/src/install/obstacle_detction_python/lib/python3.8/site-packages/obstacle_detction_python-0.0.0-py3.8.egg-info' (and everything under it)
[0.869s] Copying ../build/obstacle_detction_python/obstacle_detction_python.egg-info to /home/magnum/simuate_ws/src/robot/src/install/obstacle_detction_python/lib/python3.8/site-packages/obstacle_detction_python-0.0.0-py3.8.egg-info
[0.869s] running install_scripts
[0.881s] writing list of installed files to '/home/magnum/simuate_ws/src/robot/src/build/obstacle_detction_python/install.log'
[0.911s] Invoked command in '/home/magnum/simuate_ws/src/robot/src/obstacle_detction_python' returned '0': PYTHONPATH=/home/magnum/simuate_ws/src/robot/src/build/obstacle_detction_python/prefix_override:/home/magnum/simuate_ws/src/robot/src/install/obstacle_detction_python/lib/python3.8/site-packages:${PYTHONPATH} /usr/bin/python3 setup.py egg_info --egg-base ../build/obstacle_detction_python build --build-base /home/magnum/simuate_ws/src/robot/src/build/obstacle_detction_python/build install --record /home/magnum/simuate_ws/src/robot/src/build/obstacle_detction_python/install.log --install-scripts $base/lib/obstacle_detction_python --single-version-externally-managed
