Performing C SOURCE FILE Test CMAKE_HAVE_LIBC_PTHREAD failed with the following output:
Change Dir: /home/magnum/simuate_ws/src/robot/src/visual_marker/build/visual_marker/CMakeFiles/CMakeScratch/TryCompile-jzEuYq

Run Build Command(s):/usr/bin/make -f Makefile cmTC_2eb93/fast && /usr/bin/make  -f CMakeFiles/cmTC_2eb93.dir/build.make CMakeFiles/cmTC_2eb93.dir/build
make[1]: Entering directory '/home/magnum/simuate_ws/src/robot/src/visual_marker/build/visual_marker/CMakeFiles/CMakeScratch/TryCompile-jzEuYq'
Building C object CMakeFiles/cmTC_2eb93.dir/src.c.o
/usr/bin/cc -DCMAKE_HAVE_LIBC_PTHREAD   -o CMakeFiles/cmTC_2eb93.dir/src.c.o -c /home/magnum/simuate_ws/src/robot/src/visual_marker/build/visual_marker/CMakeFiles/CMakeScratch/TryCompile-jzEuYq/src.c
Linking C executable cmTC_2eb93
/usr/bin/cmake -E cmake_link_script CMakeFiles/cmTC_2eb93.dir/link.txt --verbose=1
/usr/bin/cc CMakeFiles/cmTC_2eb93.dir/src.c.o -o cmTC_2eb93 
/usr/bin/ld: CMakeFiles/cmTC_2eb93.dir/src.c.o: in function `main':
src.c:(.text+0x46): undefined reference to `pthread_create'
/usr/bin/ld: src.c:(.text+0x52): undefined reference to `pthread_detach'
/usr/bin/ld: src.c:(.text+0x5e): undefined reference to `pthread_cancel'
/usr/bin/ld: src.c:(.text+0x6f): undefined reference to `pthread_join'
collect2: error: ld returned 1 exit status
make[1]: *** [CMakeFiles/cmTC_2eb93.dir/build.make:99: cmTC_2eb93] Error 1
make[1]: Leaving directory '/home/magnum/simuate_ws/src/robot/src/visual_marker/build/visual_marker/CMakeFiles/CMakeScratch/TryCompile-jzEuYq'
make: *** [Makefile:127: cmTC_2eb93/fast] Error 2


Source file was:
#include <pthread.h>

static void* test_func(void* data)
{
  return data;
}

int main(void)
{
  pthread_t thread;
  pthread_create(&thread, NULL, test_func, NULL);
  pthread_detach(thread);
  pthread_cancel(thread);
  pthread_join(thread, NULL);
  pthread_atfork(NULL, NULL, NULL);
  pthread_exit(NULL);

  return 0;
}


Determining if the function pthread_create exists in the pthreads failed with the following output:
Change Dir: /home/magnum/simuate_ws/src/robot/src/visual_marker/build/visual_marker/CMakeFiles/CMakeScratch/TryCompile-YYElis

Run Build Command(s):/usr/bin/make -f Makefile cmTC_afce9/fast && /usr/bin/make  -f CMakeFiles/cmTC_afce9.dir/build.make CMakeFiles/cmTC_afce9.dir/build
make[1]: Entering directory '/home/magnum/simuate_ws/src/robot/src/visual_marker/build/visual_marker/CMakeFiles/CMakeScratch/TryCompile-YYElis'
Building C object CMakeFiles/cmTC_afce9.dir/CheckFunctionExists.c.o
/usr/bin/cc   -DCHECK_FUNCTION_EXISTS=pthread_create -o CMakeFiles/cmTC_afce9.dir/CheckFunctionExists.c.o -c /home/magnum/simuate_ws/src/robot/src/visual_marker/build/visual_marker/CMakeFiles/CMakeScratch/TryCompile-YYElis/CheckFunctionExists.c
Linking C executable cmTC_afce9
/usr/bin/cmake -E cmake_link_script CMakeFiles/cmTC_afce9.dir/link.txt --verbose=1
/usr/bin/cc  -DCHECK_FUNCTION_EXISTS=pthread_create CMakeFiles/cmTC_afce9.dir/CheckFunctionExists.c.o -o cmTC_afce9  -lpthreads 
/usr/bin/ld: cannot find -lpthreads
collect2: error: ld returned 1 exit status
make[1]: *** [CMakeFiles/cmTC_afce9.dir/build.make:99: cmTC_afce9] Error 1
make[1]: Leaving directory '/home/magnum/simuate_ws/src/robot/src/visual_marker/build/visual_marker/CMakeFiles/CMakeScratch/TryCompile-YYElis'
make: *** [Makefile:127: cmTC_afce9/fast] Error 2



