[0.048s] Invoking command in '/home/magnum/simuate_ws/src/robot/src/propotional_bump_go/build/propotional_bump_go': CMAKE_PREFIX_PATH=${CMAKE_PREFIX_PATH}:/opt/ros/foxy /usr/bin/cmake --build /home/magnum/simuate_ws/src/robot/src/propotional_bump_go/build/propotional_bump_go -- -j8 -l8
[0.126s] [ 50%] [32mBuilding CXX object CMakeFiles/bump_go_node.dir/src/bump_go_node.cpp.o[0m
[9.988s] [100%] [32m[1mLinking CXX executable bump_go_node[0m
[10.497s] [100%] Built target bump_go_node
[10.524s] Invoked command in '/home/magnum/simuate_ws/src/robot/src/propotional_bump_go/build/propotional_bump_go' returned '0': CMAKE_PREFIX_PATH=${CMAKE_PREFIX_PATH}:/opt/ros/foxy /usr/bin/cmake --build /home/magnum/simuate_ws/src/robot/src/propotional_bump_go/build/propotional_bump_go -- -j8 -l8
[10.652s] Invoking command in '/home/magnum/simuate_ws/src/robot/src/propotional_bump_go/build/propotional_bump_go': CMAKE_PREFIX_PATH=${CMAKE_PREFIX_PATH}:/opt/ros/foxy /usr/bin/cmake --install /home/magnum/simuate_ws/src/robot/src/propotional_bump_go/build/propotional_bump_go
[10.674s] -- Install configuration: ""
[10.674s] -- Installing: /home/magnum/simuate_ws/src/robot/src/propotional_bump_go/install/propotional_bump_go/lib/propotional_bump_go/bump_go_node
[10.677s] -- Set runtime path of "/home/magnum/simuate_ws/src/robot/src/propotional_bump_go/install/propotional_bump_go/lib/propotional_bump_go/bump_go_node" to ""
[10.677s] -- Up-to-date: /home/magnum/simuate_ws/src/robot/src/propotional_bump_go/install/propotional_bump_go/share/ament_index/resource_index/package_run_dependencies/propotional_bump_go
[10.677s] -- Up-to-date: /home/magnum/simuate_ws/src/robot/src/propotional_bump_go/install/propotional_bump_go/share/ament_index/resource_index/parent_prefix_path/propotional_bump_go
[10.677s] -- Up-to-date: /home/magnum/simuate_ws/src/robot/src/propotional_bump_go/install/propotional_bump_go/share/propotional_bump_go/environment/ament_prefix_path.sh
[10.677s] -- Up-to-date: /home/magnum/simuate_ws/src/robot/src/propotional_bump_go/install/propotional_bump_go/share/propotional_bump_go/environment/ament_prefix_path.dsv
[10.677s] -- Up-to-date: /home/magnum/simuate_ws/src/robot/src/propotional_bump_go/install/propotional_bump_go/share/propotional_bump_go/environment/path.sh
[10.677s] -- Up-to-date: /home/magnum/simuate_ws/src/robot/src/propotional_bump_go/install/propotional_bump_go/share/propotional_bump_go/environment/path.dsv
[10.678s] -- Up-to-date: /home/magnum/simuate_ws/src/robot/src/propotional_bump_go/install/propotional_bump_go/share/propotional_bump_go/local_setup.bash
[10.678s] -- Up-to-date: /home/magnum/simuate_ws/src/robot/src/propotional_bump_go/install/propotional_bump_go/share/propotional_bump_go/local_setup.sh
[10.678s] -- Up-to-date: /home/magnum/simuate_ws/src/robot/src/propotional_bump_go/install/propotional_bump_go/share/propotional_bump_go/local_setup.zsh
[10.678s] -- Up-to-date: /home/magnum/simuate_ws/src/robot/src/propotional_bump_go/install/propotional_bump_go/share/propotional_bump_go/local_setup.dsv
[10.678s] -- Installing: /home/magnum/simuate_ws/src/robot/src/propotional_bump_go/install/propotional_bump_go/share/propotional_bump_go/package.dsv
[10.678s] -- Up-to-date: /home/magnum/simuate_ws/src/robot/src/propotional_bump_go/install/propotional_bump_go/share/ament_index/resource_index/packages/propotional_bump_go
[10.678s] -- Up-to-date: /home/magnum/simuate_ws/src/robot/src/propotional_bump_go/install/propotional_bump_go/share/propotional_bump_go/cmake/propotional_bump_goConfig.cmake
[10.678s] -- Up-to-date: /home/magnum/simuate_ws/src/robot/src/propotional_bump_go/install/propotional_bump_go/share/propotional_bump_go/cmake/propotional_bump_goConfig-version.cmake
[10.679s] -- Up-to-date: /home/magnum/simuate_ws/src/robot/src/propotional_bump_go/install/propotional_bump_go/share/propotional_bump_go/package.xml
[10.686s] Invoked command in '/home/magnum/simuate_ws/src/robot/src/propotional_bump_go/build/propotional_bump_go' returned '0': CMAKE_PREFIX_PATH=${CMAKE_PREFIX_PATH}:/opt/ros/foxy /usr/bin/cmake --install /home/magnum/simuate_ws/src/robot/src/propotional_bump_go/build/propotional_bump_go
