[0.289s] DEBUG:colcon:Command line arguments: ['/usr/bin/colcon', 'build']
[0.289s] DEBUG:colcon:Parsed command line arguments: Namespace(allow_overriding=[], ament_cmake_args=None, base_paths=['.'], build_base='build', catkin_cmake_args=None, catkin_skip_building_tests=False, cmake_args=None, cmake_clean_cache=False, cmake_clean_first=False, cmake_force_configure=False, cmake_target=None, cmake_target_skip_unavailable=False, continue_on_error=False, event_handlers=None, executor='parallel', ignore_user_meta=False, install_base='install', log_base=None, log_level=None, main=<bound method BuildVerb.main of <colcon_core.verb.build.BuildVerb object at 0x7ff3415c2c10>>, merge_install=False, metas=['./colcon.meta'], packages_above=None, packages_above_and_dependencies=None, packages_above_depth=None, packages_end=None, packages_ignore=None, packages_ignore_regex=None, packages_select=None, packages_select_build_failed=False, packages_select_by_dep=None, packages_select_regex=None, packages_select_test_failures=False, packages_skip=None, packages_skip_build_finished=False, packages_skip_by_dep=None, packages_skip_regex=None, packages_skip_test_passed=False, packages_skip_up_to=None, packages_start=None, packages_up_to=None, packages_up_to_regex=None, parallel_workers=8, paths=None, symlink_install=False, test_result_base=None, verb_extension=<colcon_core.verb.build.BuildVerb object at 0x7ff3415c2c10>, verb_name='build', verb_parser=<colcon_defaults.argument_parser.defaults.DefaultArgumentsDecorator object at 0x7ff3415cd1c0>)
[0.330s] Level 1:colcon.colcon_core.package_discovery:discover_packages(colcon_meta) check parameters
[0.331s] Level 1:colcon.colcon_core.package_discovery:discover_packages(recursive) check parameters
[0.331s] Level 1:colcon.colcon_core.package_discovery:discover_packages(ignore) check parameters
[0.331s] Level 1:colcon.colcon_core.package_discovery:discover_packages(path) check parameters
[0.331s] Level 1:colcon.colcon_core.package_discovery:discover_packages(colcon_meta) discover
[0.331s] Level 1:colcon.colcon_core.package_discovery:discover_packages(recursive) discover
[0.332s] INFO:colcon.colcon_core.package_discovery:Crawling recursively for packages in '/home/magnum/simuate_ws/src/robot/src/propotional_bump_go'
[0.332s] Level 1:colcon.colcon_core.package_identification:_identify(.) by extensions ['ignore', 'ignore_ament_install']
[0.332s] Level 1:colcon.colcon_core.package_identification:_identify(.) by extension 'ignore'
[0.333s] Level 1:colcon.colcon_core.package_identification:_identify(.) by extension 'ignore_ament_install'
[0.333s] Level 1:colcon.colcon_core.package_identification:_identify(.) by extensions ['colcon_pkg']
[0.333s] Level 1:colcon.colcon_core.package_identification:_identify(.) by extension 'colcon_pkg'
[0.333s] Level 1:colcon.colcon_core.package_identification:_identify(.) by extensions ['colcon_meta']
[0.333s] Level 1:colcon.colcon_core.package_identification:_identify(.) by extension 'colcon_meta'
[0.333s] Level 1:colcon.colcon_core.package_identification:_identify(.) by extensions ['ros']
[0.333s] Level 1:colcon.colcon_core.package_identification:_identify(.) by extension 'ros'
[0.375s] DEBUG:colcon.colcon_core.package_identification:Package '.' with type 'ros.ament_cmake' and name 'propotional_bump_go'
[0.375s] Level 1:colcon.colcon_core.package_discovery:discover_packages(recursive) using defaults
[0.375s] Level 1:colcon.colcon_core.package_discovery:discover_packages(ignore) discover
[0.375s] Level 1:colcon.colcon_core.package_discovery:discover_packages(ignore) using defaults
[0.375s] Level 1:colcon.colcon_core.package_discovery:discover_packages(path) discover
[0.375s] Level 1:colcon.colcon_core.package_discovery:discover_packages(path) using defaults
[0.413s] Level 1:colcon.colcon_core.package_discovery:discover_packages(prefix_path) check parameters
[0.413s] Level 1:colcon.colcon_core.package_discovery:discover_packages(prefix_path) discover
[0.417s] DEBUG:colcon.colcon_installed_package_information.package_discovery:Found 1 installed packages in /home/magnum/simuate_ws/src/robot/src/propotional_bump_go/install
[0.419s] DEBUG:colcon.colcon_installed_package_information.package_discovery:Found 1 installed packages in /home/magnum/simuate_ws/src/robot/install
[0.423s] DEBUG:colcon.colcon_installed_package_information.package_discovery:Found 397 installed packages in /opt/ros/foxy
[0.427s] Level 1:colcon.colcon_core.package_discovery:discover_packages(prefix_path) using defaults
[0.569s] Level 5:colcon.colcon_core.verb:set package 'propotional_bump_go' build argument 'cmake_args' from command line to 'None'
[0.569s] Level 5:colcon.colcon_core.verb:set package 'propotional_bump_go' build argument 'cmake_target' from command line to 'None'
[0.570s] Level 5:colcon.colcon_core.verb:set package 'propotional_bump_go' build argument 'cmake_target_skip_unavailable' from command line to 'False'
[0.570s] Level 5:colcon.colcon_core.verb:set package 'propotional_bump_go' build argument 'cmake_clean_cache' from command line to 'False'
[0.570s] Level 5:colcon.colcon_core.verb:set package 'propotional_bump_go' build argument 'cmake_clean_first' from command line to 'False'
[0.570s] Level 5:colcon.colcon_core.verb:set package 'propotional_bump_go' build argument 'cmake_force_configure' from command line to 'False'
[0.570s] Level 5:colcon.colcon_core.verb:set package 'propotional_bump_go' build argument 'ament_cmake_args' from command line to 'None'
[0.570s] Level 5:colcon.colcon_core.verb:set package 'propotional_bump_go' build argument 'catkin_cmake_args' from command line to 'None'
[0.570s] Level 5:colcon.colcon_core.verb:set package 'propotional_bump_go' build argument 'catkin_skip_building_tests' from command line to 'False'
[0.570s] DEBUG:colcon.colcon_core.verb:Building package 'propotional_bump_go' with the following arguments: {'ament_cmake_args': None, 'build_base': '/home/magnum/simuate_ws/src/robot/src/propotional_bump_go/build/propotional_bump_go', 'catkin_cmake_args': None, 'catkin_skip_building_tests': False, 'cmake_args': None, 'cmake_clean_cache': False, 'cmake_clean_first': False, 'cmake_force_configure': False, 'cmake_target': None, 'cmake_target_skip_unavailable': False, 'install_base': '/home/magnum/simuate_ws/src/robot/src/propotional_bump_go/install/propotional_bump_go', 'merge_install': False, 'path': '/home/magnum/simuate_ws/src/robot/src/propotional_bump_go', 'symlink_install': False, 'test_result_base': None}
[0.572s] INFO:colcon.colcon_core.executor:Executing jobs using 'parallel' executor
[0.581s] DEBUG:colcon.colcon_parallel_executor.executor.parallel:run_until_complete
[0.582s] INFO:colcon.colcon_ros.task.ament_cmake.build:Building ROS package in '/home/magnum/simuate_ws/src/robot/src/propotional_bump_go' with build type 'ament_cmake'
[0.582s] INFO:colcon.colcon_cmake.task.cmake.build:Building CMake package in '/home/magnum/simuate_ws/src/robot/src/propotional_bump_go'
[0.590s] INFO:colcon.colcon_core.plugin_system:Skipping extension 'colcon_core.shell.bat': Not used on non-Windows systems
[0.590s] INFO:colcon.colcon_core.shell:Skip shell extension 'powershell' for command environment: Not usable outside of PowerShell
[0.590s] DEBUG:colcon.colcon_core.shell:Skip shell extension 'dsv' for command environment
[0.634s] DEBUG:colcon.colcon_core.event_handler.log_command:Invoking command in '/home/magnum/simuate_ws/src/robot/src/propotional_bump_go/build/propotional_bump_go': CMAKE_PREFIX_PATH=${CMAKE_PREFIX_PATH}:/opt/ros/foxy /usr/bin/cmake --build /home/magnum/simuate_ws/src/robot/src/propotional_bump_go/build/propotional_bump_go -- -j8 -l8
[11.110s] DEBUG:colcon.colcon_core.event_handler.log_command:Invoked command in '/home/magnum/simuate_ws/src/robot/src/propotional_bump_go/build/propotional_bump_go' returned '0': CMAKE_PREFIX_PATH=${CMAKE_PREFIX_PATH}:/opt/ros/foxy /usr/bin/cmake --build /home/magnum/simuate_ws/src/robot/src/propotional_bump_go/build/propotional_bump_go -- -j8 -l8
[11.238s] DEBUG:colcon.colcon_core.event_handler.log_command:Invoking command in '/home/magnum/simuate_ws/src/robot/src/propotional_bump_go/build/propotional_bump_go': CMAKE_PREFIX_PATH=${CMAKE_PREFIX_PATH}:/opt/ros/foxy /usr/bin/cmake --install /home/magnum/simuate_ws/src/robot/src/propotional_bump_go/build/propotional_bump_go
[11.265s] Level 1:colcon.colcon_core.environment:create_environment_scripts_only(propotional_bump_go)
[11.272s] DEBUG:colcon.colcon_core.event_handler.log_command:Invoked command in '/home/magnum/simuate_ws/src/robot/src/propotional_bump_go/build/propotional_bump_go' returned '0': CMAKE_PREFIX_PATH=${CMAKE_PREFIX_PATH}:/opt/ros/foxy /usr/bin/cmake --install /home/magnum/simuate_ws/src/robot/src/propotional_bump_go/build/propotional_bump_go
[11.274s] Level 1:colcon.colcon_core.environment:checking '/home/magnum/simuate_ws/src/robot/src/propotional_bump_go/install/propotional_bump_go' for CMake module files
[11.276s] Level 1:colcon.colcon_core.environment:checking '/home/magnum/simuate_ws/src/robot/src/propotional_bump_go/install/propotional_bump_go' for CMake config files
[11.276s] Level 1:colcon.colcon_core.shell:create_environment_hook('propotional_bump_go', 'cmake_prefix_path')
[11.281s] INFO:colcon.colcon_core.shell:Creating environment hook '/home/magnum/simuate_ws/src/robot/src/propotional_bump_go/install/propotional_bump_go/share/propotional_bump_go/hook/cmake_prefix_path.ps1'
[11.283s] INFO:colcon.colcon_core.shell:Creating environment descriptor '/home/magnum/simuate_ws/src/robot/src/propotional_bump_go/install/propotional_bump_go/share/propotional_bump_go/hook/cmake_prefix_path.dsv'
[11.284s] INFO:colcon.colcon_core.shell:Creating environment hook '/home/magnum/simuate_ws/src/robot/src/propotional_bump_go/install/propotional_bump_go/share/propotional_bump_go/hook/cmake_prefix_path.sh'
[11.286s] Level 1:colcon.colcon_core.environment:checking '/home/magnum/simuate_ws/src/robot/src/propotional_bump_go/install/propotional_bump_go/lib'
[11.287s] Level 1:colcon.colcon_core.environment:checking '/home/magnum/simuate_ws/src/robot/src/propotional_bump_go/install/propotional_bump_go/bin'
[11.287s] Level 1:colcon.colcon_core.environment:checking '/home/magnum/simuate_ws/src/robot/src/propotional_bump_go/install/propotional_bump_go/lib/pkgconfig/propotional_bump_go.pc'
[11.287s] Level 1:colcon.colcon_core.environment:checking '/home/magnum/simuate_ws/src/robot/src/propotional_bump_go/install/propotional_bump_go/lib/python3.8/site-packages'
[11.287s] Level 1:colcon.colcon_core.environment:checking '/home/magnum/simuate_ws/src/robot/src/propotional_bump_go/install/propotional_bump_go/bin'
[11.290s] INFO:colcon.colcon_core.shell:Creating package script '/home/magnum/simuate_ws/src/robot/src/propotional_bump_go/install/propotional_bump_go/share/propotional_bump_go/package.ps1'
[11.292s] INFO:colcon.colcon_core.shell:Creating package descriptor '/home/magnum/simuate_ws/src/robot/src/propotional_bump_go/install/propotional_bump_go/share/propotional_bump_go/package.dsv'
[11.293s] INFO:colcon.colcon_core.shell:Creating package script '/home/magnum/simuate_ws/src/robot/src/propotional_bump_go/install/propotional_bump_go/share/propotional_bump_go/package.sh'
[11.294s] INFO:colcon.colcon_core.shell:Creating package script '/home/magnum/simuate_ws/src/robot/src/propotional_bump_go/install/propotional_bump_go/share/propotional_bump_go/package.bash'
[11.296s] INFO:colcon.colcon_core.shell:Creating package script '/home/magnum/simuate_ws/src/robot/src/propotional_bump_go/install/propotional_bump_go/share/propotional_bump_go/package.zsh'
[11.297s] Level 1:colcon.colcon_core.environment:create_file_with_runtime_dependencies(/home/magnum/simuate_ws/src/robot/src/propotional_bump_go/install/propotional_bump_go/share/colcon-core/packages/propotional_bump_go)
[11.397s] Level 1:colcon.colcon_core.environment:create_environment_scripts_only(propotional_bump_go)
[11.402s] Level 1:colcon.colcon_core.environment:checking '/home/magnum/simuate_ws/src/robot/src/propotional_bump_go/install/propotional_bump_go' for CMake module files
[11.403s] Level 1:colcon.colcon_core.environment:checking '/home/magnum/simuate_ws/src/robot/src/propotional_bump_go/install/propotional_bump_go' for CMake config files
[11.403s] Level 1:colcon.colcon_core.shell:create_environment_hook('propotional_bump_go', 'cmake_prefix_path')
[11.406s] INFO:colcon.colcon_core.shell:Creating environment hook '/home/magnum/simuate_ws/src/robot/src/propotional_bump_go/install/propotional_bump_go/share/propotional_bump_go/hook/cmake_prefix_path.ps1'
[11.407s] INFO:colcon.colcon_core.shell:Creating environment descriptor '/home/magnum/simuate_ws/src/robot/src/propotional_bump_go/install/propotional_bump_go/share/propotional_bump_go/hook/cmake_prefix_path.dsv'
[11.408s] INFO:colcon.colcon_core.shell:Creating environment hook '/home/magnum/simuate_ws/src/robot/src/propotional_bump_go/install/propotional_bump_go/share/propotional_bump_go/hook/cmake_prefix_path.sh'
[11.409s] Level 1:colcon.colcon_core.environment:checking '/home/magnum/simuate_ws/src/robot/src/propotional_bump_go/install/propotional_bump_go/lib'
[11.409s] Level 1:colcon.colcon_core.environment:checking '/home/magnum/simuate_ws/src/robot/src/propotional_bump_go/install/propotional_bump_go/bin'
[11.410s] Level 1:colcon.colcon_core.environment:checking '/home/magnum/simuate_ws/src/robot/src/propotional_bump_go/install/propotional_bump_go/lib/pkgconfig/propotional_bump_go.pc'
[11.410s] Level 1:colcon.colcon_core.environment:checking '/home/magnum/simuate_ws/src/robot/src/propotional_bump_go/install/propotional_bump_go/lib/python3.8/site-packages'
[11.410s] Level 1:colcon.colcon_core.environment:checking '/home/magnum/simuate_ws/src/robot/src/propotional_bump_go/install/propotional_bump_go/bin'
[11.413s] INFO:colcon.colcon_core.shell:Creating package script '/home/magnum/simuate_ws/src/robot/src/propotional_bump_go/install/propotional_bump_go/share/propotional_bump_go/package.ps1'
[11.414s] INFO:colcon.colcon_core.shell:Creating package descriptor '/home/magnum/simuate_ws/src/robot/src/propotional_bump_go/install/propotional_bump_go/share/propotional_bump_go/package.dsv'
[11.415s] INFO:colcon.colcon_core.shell:Creating package script '/home/magnum/simuate_ws/src/robot/src/propotional_bump_go/install/propotional_bump_go/share/propotional_bump_go/package.sh'
[11.416s] INFO:colcon.colcon_core.shell:Creating package script '/home/magnum/simuate_ws/src/robot/src/propotional_bump_go/install/propotional_bump_go/share/propotional_bump_go/package.bash'
[11.417s] INFO:colcon.colcon_core.shell:Creating package script '/home/magnum/simuate_ws/src/robot/src/propotional_bump_go/install/propotional_bump_go/share/propotional_bump_go/package.zsh'
[11.417s] Level 1:colcon.colcon_core.environment:create_file_with_runtime_dependencies(/home/magnum/simuate_ws/src/robot/src/propotional_bump_go/install/propotional_bump_go/share/colcon-core/packages/propotional_bump_go)
[11.419s] DEBUG:colcon.colcon_parallel_executor.executor.parallel:closing loop
[11.419s] DEBUG:colcon.colcon_parallel_executor.executor.parallel:loop closed
[11.419s] DEBUG:colcon.colcon_parallel_executor.executor.parallel:run_until_complete finished with '0'
[11.419s] DEBUG:colcon.colcon_core.event_reactor:joining thread
[11.438s] INFO:colcon.colcon_core.plugin_system:Skipping extension 'colcon_notification.desktop_notification.terminal_notifier': Not used on non-Darwin systems
[11.438s] INFO:colcon.colcon_core.plugin_system:Skipping extension 'colcon_notification.desktop_notification.win32': Not used on non-Windows systems
[11.438s] INFO:colcon.colcon_notification.desktop_notification:Sending desktop notification using 'notify2'
[11.462s] DEBUG:colcon.colcon_core.event_reactor:joined thread
[11.466s] INFO:colcon.colcon_core.shell:Creating prefix script '/home/magnum/simuate_ws/src/robot/src/propotional_bump_go/install/local_setup.ps1'
[11.468s] INFO:colcon.colcon_core.shell:Creating prefix util module '/home/magnum/simuate_ws/src/robot/src/propotional_bump_go/install/_local_setup_util_ps1.py'
[11.471s] INFO:colcon.colcon_core.shell:Creating prefix chain script '/home/magnum/simuate_ws/src/robot/src/propotional_bump_go/install/setup.ps1'
[11.481s] INFO:colcon.colcon_core.shell:Creating prefix script '/home/magnum/simuate_ws/src/robot/src/propotional_bump_go/install/local_setup.sh'
[11.482s] INFO:colcon.colcon_core.shell:Creating prefix util module '/home/magnum/simuate_ws/src/robot/src/propotional_bump_go/install/_local_setup_util_sh.py'
[11.483s] INFO:colcon.colcon_core.shell:Creating prefix chain script '/home/magnum/simuate_ws/src/robot/src/propotional_bump_go/install/setup.sh'
[11.488s] INFO:colcon.colcon_core.shell:Creating prefix script '/home/magnum/simuate_ws/src/robot/src/propotional_bump_go/install/local_setup.bash'
[11.496s] INFO:colcon.colcon_core.shell:Creating prefix chain script '/home/magnum/simuate_ws/src/robot/src/propotional_bump_go/install/setup.bash'
[11.521s] INFO:colcon.colcon_core.shell:Creating prefix script '/home/magnum/simuate_ws/src/robot/src/propotional_bump_go/install/local_setup.zsh'
[11.523s] INFO:colcon.colcon_core.shell:Creating prefix chain script '/home/magnum/simuate_ws/src/robot/src/propotional_bump_go/install/setup.zsh'
