[0.296s] DEBUG:colcon:Command line arguments: ['/usr/bin/colcon', 'build']
[0.296s] DEBUG:colcon:Parsed command line arguments: Namespace(allow_overriding=[], ament_cmake_args=None, base_paths=['.'], build_base='build', catkin_cmake_args=None, catkin_skip_building_tests=False, cmake_args=None, cmake_clean_cache=False, cmake_clean_first=False, cmake_force_configure=False, cmake_target=None, cmake_target_skip_unavailable=False, continue_on_error=False, event_handlers=None, executor='parallel', ignore_user_meta=False, install_base='install', log_base=None, log_level=None, main=<bound method BuildVerb.main of <colcon_core.verb.build.BuildVerb object at 0x7f748a9767f0>>, merge_install=False, metas=['./colcon.meta'], packages_above=None, packages_above_and_dependencies=None, packages_above_depth=None, packages_end=None, packages_ignore=None, packages_ignore_regex=None, packages_select=None, packages_select_build_failed=False, packages_select_by_dep=None, packages_select_regex=None, packages_select_test_failures=False, packages_skip=None, packages_skip_build_finished=False, packages_skip_by_dep=None, packages_skip_regex=None, packages_skip_test_passed=False, packages_skip_up_to=None, packages_start=None, packages_up_to=None, packages_up_to_regex=None, parallel_workers=8, paths=None, symlink_install=False, test_result_base=None, verb_extension=<colcon_core.verb.build.BuildVerb object at 0x7f748a9767f0>, verb_name='build', verb_parser=<colcon_defaults.argument_parser.defaults.DefaultArgumentsDecorator object at 0x7f748a976d60>)
[0.336s] Level 1:colcon.colcon_core.package_discovery:discover_packages(colcon_meta) check parameters
[0.337s] Level 1:colcon.colcon_core.package_discovery:discover_packages(recursive) check parameters
[0.337s] Level 1:colcon.colcon_core.package_discovery:discover_packages(ignore) check parameters
[0.337s] Level 1:colcon.colcon_core.package_discovery:discover_packages(path) check parameters
[0.337s] Level 1:colcon.colcon_core.package_discovery:discover_packages(colcon_meta) discover
[0.337s] Level 1:colcon.colcon_core.package_discovery:discover_packages(recursive) discover
[0.337s] INFO:colcon.colcon_core.package_discovery:Crawling recursively for packages in '/home/magnum/ros2_ws/src/robot/Ros-2-simulated-robot./src/drive_to_point'
[0.337s] Level 1:colcon.colcon_core.package_identification:_identify(.) by extensions ['ignore', 'ignore_ament_install']
[0.338s] Level 1:colcon.colcon_core.package_identification:_identify(.) by extension 'ignore'
[0.338s] Level 1:colcon.colcon_core.package_identification:_identify(.) by extension 'ignore_ament_install'
[0.338s] Level 1:colcon.colcon_core.package_identification:_identify(.) by extensions ['colcon_pkg']
[0.338s] Level 1:colcon.colcon_core.package_identification:_identify(.) by extension 'colcon_pkg'
[0.338s] Level 1:colcon.colcon_core.package_identification:_identify(.) by extensions ['colcon_meta']
[0.338s] Level 1:colcon.colcon_core.package_identification:_identify(.) by extension 'colcon_meta'
[0.338s] Level 1:colcon.colcon_core.package_identification:_identify(.) by extensions ['ros']
[0.338s] Level 1:colcon.colcon_core.package_identification:_identify(.) by extension 'ros'
[0.375s] DEBUG:colcon.colcon_core.package_identification:Package '.' with type 'ros.ament_cmake' and name 'drive_to_point'
[0.375s] Level 1:colcon.colcon_core.package_discovery:discover_packages(recursive) using defaults
[0.375s] Level 1:colcon.colcon_core.package_discovery:discover_packages(ignore) discover
[0.376s] Level 1:colcon.colcon_core.package_discovery:discover_packages(ignore) using defaults
[0.376s] Level 1:colcon.colcon_core.package_discovery:discover_packages(path) discover
[0.376s] Level 1:colcon.colcon_core.package_discovery:discover_packages(path) using defaults
[0.413s] Level 1:colcon.colcon_core.package_discovery:discover_packages(prefix_path) check parameters
[0.414s] Level 1:colcon.colcon_core.package_discovery:discover_packages(prefix_path) discover
[0.421s] DEBUG:colcon.colcon_installed_package_information.package_discovery:Found 397 installed packages in /opt/ros/foxy
[0.425s] Level 1:colcon.colcon_core.package_discovery:discover_packages(prefix_path) using defaults
[0.581s] Level 5:colcon.colcon_core.verb:set package 'drive_to_point' build argument 'cmake_args' from command line to 'None'
[0.581s] Level 5:colcon.colcon_core.verb:set package 'drive_to_point' build argument 'cmake_target' from command line to 'None'
[0.581s] Level 5:colcon.colcon_core.verb:set package 'drive_to_point' build argument 'cmake_target_skip_unavailable' from command line to 'False'
[0.581s] Level 5:colcon.colcon_core.verb:set package 'drive_to_point' build argument 'cmake_clean_cache' from command line to 'False'
[0.582s] Level 5:colcon.colcon_core.verb:set package 'drive_to_point' build argument 'cmake_clean_first' from command line to 'False'
[0.582s] Level 5:colcon.colcon_core.verb:set package 'drive_to_point' build argument 'cmake_force_configure' from command line to 'False'
[0.582s] Level 5:colcon.colcon_core.verb:set package 'drive_to_point' build argument 'ament_cmake_args' from command line to 'None'
[0.582s] Level 5:colcon.colcon_core.verb:set package 'drive_to_point' build argument 'catkin_cmake_args' from command line to 'None'
[0.582s] Level 5:colcon.colcon_core.verb:set package 'drive_to_point' build argument 'catkin_skip_building_tests' from command line to 'False'
[0.582s] DEBUG:colcon.colcon_core.verb:Building package 'drive_to_point' with the following arguments: {'ament_cmake_args': None, 'build_base': '/home/magnum/ros2_ws/src/robot/Ros-2-simulated-robot./src/drive_to_point/build/drive_to_point', 'catkin_cmake_args': None, 'catkin_skip_building_tests': False, 'cmake_args': None, 'cmake_clean_cache': False, 'cmake_clean_first': False, 'cmake_force_configure': False, 'cmake_target': None, 'cmake_target_skip_unavailable': False, 'install_base': '/home/magnum/ros2_ws/src/robot/Ros-2-simulated-robot./src/drive_to_point/install/drive_to_point', 'merge_install': False, 'path': '/home/magnum/ros2_ws/src/robot/Ros-2-simulated-robot./src/drive_to_point', 'symlink_install': False, 'test_result_base': None}
[0.583s] INFO:colcon.colcon_core.executor:Executing jobs using 'parallel' executor
[0.594s] DEBUG:colcon.colcon_parallel_executor.executor.parallel:run_until_complete
[0.594s] INFO:colcon.colcon_ros.task.ament_cmake.build:Building ROS package in '/home/magnum/ros2_ws/src/robot/Ros-2-simulated-robot./src/drive_to_point' with build type 'ament_cmake'
[0.594s] INFO:colcon.colcon_cmake.task.cmake.build:Building CMake package in '/home/magnum/ros2_ws/src/robot/Ros-2-simulated-robot./src/drive_to_point'
[0.604s] INFO:colcon.colcon_core.plugin_system:Skipping extension 'colcon_core.shell.bat': Not used on non-Windows systems
[0.605s] INFO:colcon.colcon_core.shell:Skip shell extension 'powershell' for command environment: Not usable outside of PowerShell
[0.605s] DEBUG:colcon.colcon_core.shell:Skip shell extension 'dsv' for command environment
[0.632s] DEBUG:colcon.colcon_core.event_handler.log_command:Invoking command in '/home/magnum/ros2_ws/src/robot/Ros-2-simulated-robot./src/drive_to_point/build/drive_to_point': CMAKE_PREFIX_PATH=/opt/ros/foxy /usr/bin/cmake --build /home/magnum/ros2_ws/src/robot/Ros-2-simulated-robot./src/drive_to_point/build/drive_to_point -- -j8 -l8
[11.539s] DEBUG:colcon.colcon_core.event_handler.log_command:Invoked command in '/home/magnum/ros2_ws/src/robot/Ros-2-simulated-robot./src/drive_to_point/build/drive_to_point' returned '0': CMAKE_PREFIX_PATH=/opt/ros/foxy /usr/bin/cmake --build /home/magnum/ros2_ws/src/robot/Ros-2-simulated-robot./src/drive_to_point/build/drive_to_point -- -j8 -l8
[11.615s] DEBUG:colcon.colcon_core.event_handler.log_command:Invoking command in '/home/magnum/ros2_ws/src/robot/Ros-2-simulated-robot./src/drive_to_point/build/drive_to_point': CMAKE_PREFIX_PATH=/opt/ros/foxy /usr/bin/cmake --install /home/magnum/ros2_ws/src/robot/Ros-2-simulated-robot./src/drive_to_point/build/drive_to_point
[11.651s] Level 1:colcon.colcon_core.environment:create_environment_scripts_only(drive_to_point)
[11.660s] Level 1:colcon.colcon_core.environment:checking '/home/magnum/ros2_ws/src/robot/Ros-2-simulated-robot./src/drive_to_point/install/drive_to_point' for CMake module files
[11.651s] DEBUG:colcon.colcon_core.event_handler.log_command:Invoked command in '/home/magnum/ros2_ws/src/robot/Ros-2-simulated-robot./src/drive_to_point/build/drive_to_point' returned '0': CMAKE_PREFIX_PATH=/opt/ros/foxy /usr/bin/cmake --install /home/magnum/ros2_ws/src/robot/Ros-2-simulated-robot./src/drive_to_point/build/drive_to_point
[11.662s] Level 1:colcon.colcon_core.environment:checking '/home/magnum/ros2_ws/src/robot/Ros-2-simulated-robot./src/drive_to_point/install/drive_to_point' for CMake config files
[11.662s] Level 1:colcon.colcon_core.shell:create_environment_hook('drive_to_point', 'cmake_prefix_path')
[11.665s] INFO:colcon.colcon_core.shell:Creating environment hook '/home/magnum/ros2_ws/src/robot/Ros-2-simulated-robot./src/drive_to_point/install/drive_to_point/share/drive_to_point/hook/cmake_prefix_path.ps1'
[11.694s] INFO:colcon.colcon_core.shell:Creating environment descriptor '/home/magnum/ros2_ws/src/robot/Ros-2-simulated-robot./src/drive_to_point/install/drive_to_point/share/drive_to_point/hook/cmake_prefix_path.dsv'
[11.695s] INFO:colcon.colcon_core.shell:Creating environment hook '/home/magnum/ros2_ws/src/robot/Ros-2-simulated-robot./src/drive_to_point/install/drive_to_point/share/drive_to_point/hook/cmake_prefix_path.sh'
[11.697s] Level 1:colcon.colcon_core.environment:checking '/home/magnum/ros2_ws/src/robot/Ros-2-simulated-robot./src/drive_to_point/install/drive_to_point/lib'
[11.697s] Level 1:colcon.colcon_core.environment:checking '/home/magnum/ros2_ws/src/robot/Ros-2-simulated-robot./src/drive_to_point/install/drive_to_point/bin'
[11.698s] Level 1:colcon.colcon_core.environment:checking '/home/magnum/ros2_ws/src/robot/Ros-2-simulated-robot./src/drive_to_point/install/drive_to_point/lib/pkgconfig/drive_to_point.pc'
[11.698s] Level 1:colcon.colcon_core.environment:checking '/home/magnum/ros2_ws/src/robot/Ros-2-simulated-robot./src/drive_to_point/install/drive_to_point/lib/python3.8/site-packages'
[11.698s] Level 1:colcon.colcon_core.environment:checking '/home/magnum/ros2_ws/src/robot/Ros-2-simulated-robot./src/drive_to_point/install/drive_to_point/bin'
[11.701s] INFO:colcon.colcon_core.shell:Creating package script '/home/magnum/ros2_ws/src/robot/Ros-2-simulated-robot./src/drive_to_point/install/drive_to_point/share/drive_to_point/package.ps1'
[11.703s] INFO:colcon.colcon_core.shell:Creating package descriptor '/home/magnum/ros2_ws/src/robot/Ros-2-simulated-robot./src/drive_to_point/install/drive_to_point/share/drive_to_point/package.dsv'
[11.703s] INFO:colcon.colcon_core.shell:Creating package script '/home/magnum/ros2_ws/src/robot/Ros-2-simulated-robot./src/drive_to_point/install/drive_to_point/share/drive_to_point/package.sh'
[11.705s] INFO:colcon.colcon_core.shell:Creating package script '/home/magnum/ros2_ws/src/robot/Ros-2-simulated-robot./src/drive_to_point/install/drive_to_point/share/drive_to_point/package.bash'
[11.706s] INFO:colcon.colcon_core.shell:Creating package script '/home/magnum/ros2_ws/src/robot/Ros-2-simulated-robot./src/drive_to_point/install/drive_to_point/share/drive_to_point/package.zsh'
[11.708s] Level 1:colcon.colcon_core.environment:create_file_with_runtime_dependencies(/home/magnum/ros2_ws/src/robot/Ros-2-simulated-robot./src/drive_to_point/install/drive_to_point/share/colcon-core/packages/drive_to_point)
[11.830s] Level 1:colcon.colcon_core.environment:create_environment_scripts_only(drive_to_point)
[11.865s] Level 1:colcon.colcon_core.environment:checking '/home/magnum/ros2_ws/src/robot/Ros-2-simulated-robot./src/drive_to_point/install/drive_to_point' for CMake module files
[11.867s] Level 1:colcon.colcon_core.environment:checking '/home/magnum/ros2_ws/src/robot/Ros-2-simulated-robot./src/drive_to_point/install/drive_to_point' for CMake config files
[11.868s] Level 1:colcon.colcon_core.shell:create_environment_hook('drive_to_point', 'cmake_prefix_path')
[11.870s] INFO:colcon.colcon_core.shell:Creating environment hook '/home/magnum/ros2_ws/src/robot/Ros-2-simulated-robot./src/drive_to_point/install/drive_to_point/share/drive_to_point/hook/cmake_prefix_path.ps1'
[11.875s] INFO:colcon.colcon_core.shell:Creating environment descriptor '/home/magnum/ros2_ws/src/robot/Ros-2-simulated-robot./src/drive_to_point/install/drive_to_point/share/drive_to_point/hook/cmake_prefix_path.dsv'
[11.876s] INFO:colcon.colcon_core.shell:Creating environment hook '/home/magnum/ros2_ws/src/robot/Ros-2-simulated-robot./src/drive_to_point/install/drive_to_point/share/drive_to_point/hook/cmake_prefix_path.sh'
[11.877s] Level 1:colcon.colcon_core.environment:checking '/home/magnum/ros2_ws/src/robot/Ros-2-simulated-robot./src/drive_to_point/install/drive_to_point/lib'
[11.877s] Level 1:colcon.colcon_core.environment:checking '/home/magnum/ros2_ws/src/robot/Ros-2-simulated-robot./src/drive_to_point/install/drive_to_point/bin'
[11.877s] Level 1:colcon.colcon_core.environment:checking '/home/magnum/ros2_ws/src/robot/Ros-2-simulated-robot./src/drive_to_point/install/drive_to_point/lib/pkgconfig/drive_to_point.pc'
[11.877s] Level 1:colcon.colcon_core.environment:checking '/home/magnum/ros2_ws/src/robot/Ros-2-simulated-robot./src/drive_to_point/install/drive_to_point/lib/python3.8/site-packages'
[11.878s] Level 1:colcon.colcon_core.environment:checking '/home/magnum/ros2_ws/src/robot/Ros-2-simulated-robot./src/drive_to_point/install/drive_to_point/bin'
[11.881s] INFO:colcon.colcon_core.shell:Creating package script '/home/magnum/ros2_ws/src/robot/Ros-2-simulated-robot./src/drive_to_point/install/drive_to_point/share/drive_to_point/package.ps1'
[11.883s] INFO:colcon.colcon_core.shell:Creating package descriptor '/home/magnum/ros2_ws/src/robot/Ros-2-simulated-robot./src/drive_to_point/install/drive_to_point/share/drive_to_point/package.dsv'
[11.883s] INFO:colcon.colcon_core.shell:Creating package script '/home/magnum/ros2_ws/src/robot/Ros-2-simulated-robot./src/drive_to_point/install/drive_to_point/share/drive_to_point/package.sh'
[11.884s] INFO:colcon.colcon_core.shell:Creating package script '/home/magnum/ros2_ws/src/robot/Ros-2-simulated-robot./src/drive_to_point/install/drive_to_point/share/drive_to_point/package.bash'
[11.885s] INFO:colcon.colcon_core.shell:Creating package script '/home/magnum/ros2_ws/src/robot/Ros-2-simulated-robot./src/drive_to_point/install/drive_to_point/share/drive_to_point/package.zsh'
[11.885s] Level 1:colcon.colcon_core.environment:create_file_with_runtime_dependencies(/home/magnum/ros2_ws/src/robot/Ros-2-simulated-robot./src/drive_to_point/install/drive_to_point/share/colcon-core/packages/drive_to_point)
[11.887s] DEBUG:colcon.colcon_parallel_executor.executor.parallel:closing loop
[11.887s] DEBUG:colcon.colcon_parallel_executor.executor.parallel:loop closed
[11.887s] DEBUG:colcon.colcon_parallel_executor.executor.parallel:run_until_complete finished with '0'
[11.887s] DEBUG:colcon.colcon_core.event_reactor:joining thread
[11.928s] INFO:colcon.colcon_core.plugin_system:Skipping extension 'colcon_notification.desktop_notification.terminal_notifier': Not used on non-Darwin systems
[11.928s] INFO:colcon.colcon_core.plugin_system:Skipping extension 'colcon_notification.desktop_notification.win32': Not used on non-Windows systems
[11.928s] INFO:colcon.colcon_notification.desktop_notification:Sending desktop notification using 'notify2'
[12.002s] DEBUG:colcon.colcon_core.event_reactor:joined thread
[12.005s] INFO:colcon.colcon_core.shell:Creating prefix script '/home/magnum/ros2_ws/src/robot/Ros-2-simulated-robot./src/drive_to_point/install/local_setup.ps1'
[12.007s] INFO:colcon.colcon_core.shell:Creating prefix util module '/home/magnum/ros2_ws/src/robot/Ros-2-simulated-robot./src/drive_to_point/install/_local_setup_util_ps1.py'
[12.015s] INFO:colcon.colcon_core.shell:Creating prefix chain script '/home/magnum/ros2_ws/src/robot/Ros-2-simulated-robot./src/drive_to_point/install/setup.ps1'
[12.018s] INFO:colcon.colcon_core.shell:Creating prefix script '/home/magnum/ros2_ws/src/robot/Ros-2-simulated-robot./src/drive_to_point/install/local_setup.sh'
[12.023s] INFO:colcon.colcon_core.shell:Creating prefix util module '/home/magnum/ros2_ws/src/robot/Ros-2-simulated-robot./src/drive_to_point/install/_local_setup_util_sh.py'
[12.024s] INFO:colcon.colcon_core.shell:Creating prefix chain script '/home/magnum/ros2_ws/src/robot/Ros-2-simulated-robot./src/drive_to_point/install/setup.sh'
[12.027s] INFO:colcon.colcon_core.shell:Creating prefix script '/home/magnum/ros2_ws/src/robot/Ros-2-simulated-robot./src/drive_to_point/install/local_setup.bash'
[12.028s] INFO:colcon.colcon_core.shell:Creating prefix chain script '/home/magnum/ros2_ws/src/robot/Ros-2-simulated-robot./src/drive_to_point/install/setup.bash'
[12.033s] INFO:colcon.colcon_core.shell:Creating prefix script '/home/magnum/ros2_ws/src/robot/Ros-2-simulated-robot./src/drive_to_point/install/local_setup.zsh'
[12.035s] INFO:colcon.colcon_core.shell:Creating prefix chain script '/home/magnum/ros2_ws/src/robot/Ros-2-simulated-robot./src/drive_to_point/install/setup.zsh'
