[0.016s] Invoking command in '/home/magnum/simuate_ws/src/robot/src/project/build/project': CMAKE_PREFIX_PATH=${CMAKE_PREFIX_PATH}:/opt/ros/foxy /usr/bin/cmake --build /home/magnum/simuate_ws/src/robot/src/project/build/project -- -j8 -l8
[0.030s] -- Found ament_cmake: 0.9.11 (/opt/ros/foxy/share/ament_cmake/cmake)
[0.047s] -- Using PYTHON_EXECUTABLE: /usr/bin/python3
[0.210s] -- Override CMake install command with custom implementation using symlinks instead of copying resources
[0.215s] -- Found rclcpp: 2.4.2 (/opt/ros/foxy/share/rclcpp/cmake)
[0.238s] -- Using all available rosidl_typesupport_c: rosidl_typesupport_fastrtps_c;rosidl_typesupport_introspection_c
[0.240s] -- Found rosidl_adapter: 1.3.0 (/opt/ros/foxy/share/rosidl_adapter/cmake)
[0.336s] -- Using all available rosidl_typesupport_cpp: rosidl_typesupport_fastrtps_cpp;rosidl_typesupport_introspection_cpp
[0.364s] -- Found rmw_implementation_cmake: 1.0.3 (/opt/ros/foxy/share/rmw_implementation_cmake/cmake)
[0.365s] -- Using RMW implementation 'rmw_fastrtps_cpp' as default
[0.444s] -- Found geometry_msgs: 2.0.5 (/opt/ros/foxy/share/geometry_msgs/cmake)
[0.464s] -- Found ament_lint_auto: 0.9.7 (/opt/ros/foxy/share/ament_lint_auto/cmake)
[0.517s] -- Added test 'copyright' to check source files copyright and LICENSE
[0.531s] -- Added test 'cppcheck' to perform static code analysis on C / C++ code
[0.531s] -- Configured cppcheck include dirs: 
[0.531s] -- Configured cppcheck exclude dirs and/or files: 
[0.544s] -- Added test 'cpplint' to check C / C++ code against the Google style
[0.545s] -- Configured cpplint exclude dirs and/or files: 
[0.546s] -- Added test 'flake8' to check Python code syntax and style conventions
[0.550s] -- Added test 'lint_cmake' to check CMake code style
[0.552s] -- Added test 'pep257' to check Python code against some of the style conventions in PEP 257
[0.565s] -- Added test 'uncrustify' to check C / C++ code style
[0.565s] -- Configured uncrustify additional arguments: 
[0.566s] -- Added test 'xmllint' to check XML markup files
[0.568s] -- Configuring done
[0.582s] -- Generating done
[0.584s] -- Build files have been written to: /home/magnum/simuate_ws/src/robot/src/project/build/project
[0.605s] [ 16%] [32mBuilding CXX object CMakeFiles/sub.dir/src/sub.cpp.o[0m
[0.611s] [ 50%] Built target project
[0.612s] [ 83%] Built target move
[1.531s] [01m[K/home/magnum/simuate_ws/src/robot/src/project/src/sub.cpp:[m[K In constructor ‘[01m[Ksubscriber::subscriber()[m[K’:
[1.531s] [01m[K/home/magnum/simuate_ws/src/robot/src/project/src/sub.cpp:10:129:[m[K [01;31m[Kerror: [m[Kno matching function for call to ‘[01m[Ksubscriber::create_subscription<geometry_msgs::msg::Twist>(const char [9], std::_Bind_helper<false, void (subscriber::*)(std::shared_ptr<geometry_msgs::msg::Twist_<std::allocator<void> > >) const, subscriber*, const std::_Placeholder<1>&>::type)[m[K’
[1.531s]    10 |         sub = this->create_subscription<geometry_msgs::msg::Twist>("/cmd_vel",std::bind(&subscriber::subscriber_message,this,_1)[01;31m[K)[m[K;
[1.531s]       |                                                                                                                                 [01;31m[K^[m[K
[1.532s] In file included from [01m[K/opt/ros/foxy/include/rclcpp/executors/single_threaded_executor.hpp:28[m[K,
[1.532s]                  from [01m[K/opt/ros/foxy/include/rclcpp/executors.hpp:22[m[K,
[1.532s]                  from [01m[K/opt/ros/foxy/include/rclcpp/rclcpp.hpp:146[m[K,
[1.532s]                  from [01m[K/home/magnum/simuate_ws/src/robot/src/project/src/sub.cpp:2[m[K:
[1.532s] [01m[K/opt/ros/foxy/include/rclcpp/node.hpp:213:3:[m[K [01;36m[Knote: [m[Kcandidate: ‘[01m[Ktemplate<class MessageT, class CallbackT, class AllocatorT, class CallbackMessageT, class SubscriptionT, class MessageMemoryStrategyT> std::shared_ptr<SubscriptionT> rclcpp::Node::create_subscription(const string&, const rclcpp::QoS&, CallbackT&&, const rclcpp::SubscriptionOptionsWithAllocator<AllocatorT>&, typename MessageMemoryStrategyT::SharedPtr)[m[K’
[1.532s]   213 |   [01;36m[Kcreate_subscription[m[K(
[1.532s]       |   [01;36m[K^~~~~~~~~~~~~~~~~~~[m[K
[1.532s] [01m[K/opt/ros/foxy/include/rclcpp/node.hpp:213:3:[m[K [01;36m[Knote: [m[K  template argument deduction/substitution failed:
[1.532s] [01m[K/home/magnum/simuate_ws/src/robot/src/project/src/sub.cpp:10:129:[m[K [01;36m[Knote: [m[K  candidate expects 5 arguments, 2 provided
[1.532s]    10 |         sub = this->create_subscription<geometry_msgs::msg::Twist>("/cmd_vel",std::bind(&subscriber::subscriber_message,this,_1)[01;36m[K)[m[K;
[1.532s]       |                                                                                                                                 [01;36m[K^[m[K
[1.794s] make[2]: *** [CMakeFiles/sub.dir/build.make:76: CMakeFiles/sub.dir/src/sub.cpp.o] Error 1
[1.794s] make[1]: *** [CMakeFiles/Makefile2:193: CMakeFiles/sub.dir/all] Error 2
[1.794s] make: *** [Makefile:146: all] Error 2
[1.796s] Invoked command in '/home/magnum/simuate_ws/src/robot/src/project/build/project' returned '2': CMAKE_PREFIX_PATH=${CMAKE_PREFIX_PATH}:/opt/ros/foxy /usr/bin/cmake --build /home/magnum/simuate_ws/src/robot/src/project/build/project -- -j8 -l8
