[0.012s] Invoking command in '/home/magnum/ros2_ws/src/robot/Ros-2-simulated-robot./src/drive_to_point/build/drive_to_point': CMAKE_PREFIX_PATH=/opt/ros/foxy /usr/bin/cmake --build /home/magnum/ros2_ws/src/robot/Ros-2-simulated-robot./src/drive_to_point/build/drive_to_point -- -j8 -l8
[0.042s] -- Found ament_cmake: 0.9.11 (/opt/ros/foxy/share/ament_cmake/cmake)
[0.061s] -- Using PYTHON_EXECUTABLE: /usr/bin/python3
[0.234s] -- Found rclcpp: 2.4.2 (/opt/ros/foxy/share/rclcpp/cmake)
[0.265s] -- Using all available rosidl_typesupport_c: rosidl_typesupport_fastrtps_c;rosidl_typesupport_introspection_c
[0.269s] -- Found rosidl_adapter: 1.3.0 (/opt/ros/foxy/share/rosidl_adapter/cmake)
[0.373s] -- Using all available rosidl_typesupport_cpp: rosidl_typesupport_fastrtps_cpp;rosidl_typesupport_introspection_cpp
[0.409s] -- Found rmw_implementation_cmake: 1.0.3 (/opt/ros/foxy/share/rmw_implementation_cmake/cmake)
[0.410s] -- Using RMW implementation 'rmw_fastrtps_cpp' as default
[0.501s] -- Found geometry_msgs: 2.0.5 (/opt/ros/foxy/share/geometry_msgs/cmake)
[0.522s] -- Found nav_msgs: 2.0.5 (/opt/ros/foxy/share/nav_msgs/cmake)
[0.570s] -- Found ament_lint_auto: 0.9.7 (/opt/ros/foxy/share/ament_lint_auto/cmake)
[0.628s] -- Added test 'copyright' to check source files copyright and LICENSE
[0.648s] -- Added test 'cppcheck' to perform static code analysis on C / C++ code
[0.649s] -- Configured cppcheck include dirs: 
[0.649s] -- Configured cppcheck exclude dirs and/or files: 
[0.665s] -- Added test 'cpplint' to check C / C++ code against the Google style
[0.665s] -- Configured cpplint exclude dirs and/or files: 
[0.667s] -- Added test 'flake8' to check Python code syntax and style conventions
[0.671s] -- Added test 'lint_cmake' to check CMake code style
[0.673s] -- Added test 'pep257' to check Python code against some of the style conventions in PEP 257
[0.687s] -- Added test 'uncrustify' to check C / C++ code style
[0.687s] -- Configured uncrustify additional arguments: 
[0.689s] -- Added test 'xmllint' to check XML markup files
[0.690s] -- Configuring done
[0.703s] -- Generating done
[0.704s] -- Build files have been written to: /home/magnum/ros2_ws/src/robot/Ros-2-simulated-robot./src/drive_to_point/build/drive_to_point
[0.719s] [ 25%] [32mBuilding CXX object CMakeFiles/amclpose.dir/src/amcl_pose.cpp.o[0m
[0.725s] [ 50%] [32mBuilding CXX object CMakeFiles/drive_to_point.dir/src/drive_point.cpp.o[0m
[1.643s] [01m[K/home/magnum/ros2_ws/src/robot/Ros-2-simulated-robot./src/drive_to_point/src/amcl_pose.cpp:8:5:[m[K [01;31m[Kerror: [m[Kextra qualification ‘[01m[KPose_estimate::[m[K’ on member ‘[01m[KPose_estimate[m[K’ [[01;31m[K-fpermissive[m[K]
[1.643s]     8 |     [01;31m[KPose_estimate[m[K::Pose_estimate() : Node("pose_estimate"){
[1.644s]       |     [01;31m[K^~~~~~~~~~~~~[m[K
[1.988s] In file included from [01m[K/usr/include/x86_64-linux-gnu/c++/9/bits/c++allocator.h:33[m[K,
[1.988s]                  from [01m[K/usr/include/c++/9/bits/allocator.h:46[m[K,
[1.988s]                  from [01m[K/usr/include/c++/9/memory:63[m[K,
[1.988s]                  from [01m[K/opt/ros/foxy/include/rclcpp/rclcpp.hpp:144[m[K,
[1.988s]                  from [01m[K/home/magnum/ros2_ws/src/robot/Ros-2-simulated-robot./src/drive_to_point/src/amcl_pose.cpp:1[m[K:
[1.988s] /usr/include/c++/9/ext/new_allocator.h: In instantiation of ‘[01m[Kvoid __gnu_cxx::new_allocator<_Tp>::construct(_Up*, _Args&& ...) [with _Up = Pose_estimate; _Args = {}; _Tp = Pose_estimate][m[K’:
[1.988s] [01m[K/usr/include/c++/9/bits/alloc_traits.h:483:4:[m[K   required from ‘[01m[Kstatic void std::allocator_traits<std::allocator<_Tp1> >::construct(std::allocator_traits<std::allocator<_Tp1> >::allocator_type&, _Up*, _Args&& ...) [with _Up = Pose_estimate; _Args = {}; _Tp = Pose_estimate; std::allocator_traits<std::allocator<_Tp1> >::allocator_type = std::allocator<Pose_estimate>][m[K’
[1.989s] [01m[K/usr/include/c++/9/bits/shared_ptr_base.h:548:39:[m[K   required from ‘[01m[Kstd::_Sp_counted_ptr_inplace<_Tp, _Alloc, _Lp>::_Sp_counted_ptr_inplace(_Alloc, _Args&& ...) [with _Args = {}; _Tp = Pose_estimate; _Alloc = std::allocator<Pose_estimate>; __gnu_cxx::_Lock_policy _Lp = __gnu_cxx::_S_atomic][m[K’
[1.989s] [01m[K/usr/include/c++/9/bits/shared_ptr_base.h:679:16:[m[K   required from ‘[01m[Kstd::__shared_count<_Lp>::__shared_count(_Tp*&, std::_Sp_alloc_shared_tag<_Alloc>, _Args&& ...) [with _Tp = Pose_estimate; _Alloc = std::allocator<Pose_estimate>; _Args = {}; __gnu_cxx::_Lock_policy _Lp = __gnu_cxx::_S_atomic][m[K’
[1.989s] [01m[K/usr/include/c++/9/bits/shared_ptr_base.h:1344:71:[m[K   required from ‘[01m[Kstd::__shared_ptr<_Tp, _Lp>::__shared_ptr(std::_Sp_alloc_shared_tag<_Tp>, _Args&& ...) [with _Alloc = std::allocator<Pose_estimate>; _Args = {}; _Tp = Pose_estimate; __gnu_cxx::_Lock_policy _Lp = __gnu_cxx::_S_atomic][m[K’
[1.989s] [01m[K/usr/include/c++/9/bits/shared_ptr.h:359:59:[m[K   required from ‘[01m[Kstd::shared_ptr<_Tp>::shared_ptr(std::_Sp_alloc_shared_tag<_Tp>, _Args&& ...) [with _Alloc = std::allocator<Pose_estimate>; _Args = {}; _Tp = Pose_estimate][m[K’
[1.989s] [01m[K/usr/include/c++/9/bits/shared_ptr.h:701:14:[m[K   required from ‘[01m[Kstd::shared_ptr<_Tp> std::allocate_shared(const _Alloc&, _Args&& ...) [with _Tp = Pose_estimate; _Alloc = std::allocator<Pose_estimate>; _Args = {}][m[K’
[1.989s] [01m[K/usr/include/c++/9/bits/shared_ptr.h:717:39:[m[K   required from ‘[01m[Kstd::shared_ptr<_Tp> std::make_shared(_Args&& ...) [with _Tp = Pose_estimate; _Args = {}][m[K’
[1.989s] [01m[K/home/magnum/ros2_ws/src/robot/Ros-2-simulated-robot./src/drive_to_point/src/amcl_pose.cpp:31:49:[m[K   required from here
[1.989s] [01m[K/usr/include/c++/9/ext/new_allocator.h:146:4:[m[K [01;31m[Kerror: [m[K‘[01m[KPose_estimate::Pose_estimate()[m[K’ is private within this context
[1.989s]   146 |  { [01;31m[K::new((void *)__p) _Up(std::forward<_Args>(__args)...)[m[K; }
[1.989s]       |    [01;31m[K^~~~~~~~~~~~~~~~~~~~~~~~~~~~~~~~~~~~~~~~~~~~~~~~~~~~~~[m[K
[1.989s] [01m[K/home/magnum/ros2_ws/src/robot/Ros-2-simulated-robot./src/drive_to_point/src/amcl_pose.cpp:8:5:[m[K [01;36m[Knote: [m[Kdeclared private here
[1.989s]     8 |     [01;36m[KPose_estimate[m[K::Pose_estimate() : Node("pose_estimate"){
[1.990s]       |     [01;36m[K^~~~~~~~~~~~~[m[K
[2.337s] make[2]: *** [CMakeFiles/amclpose.dir/build.make:76: CMakeFiles/amclpose.dir/src/amcl_pose.cpp.o] Error 1
[2.337s] make[1]: *** [CMakeFiles/Makefile2:165: CMakeFiles/amclpose.dir/all] Error 2
[2.337s] make[1]: *** Waiting for unfinished jobs....
[4.463s] [ 75%] [32m[1mLinking CXX executable drive_to_point[0m
[4.669s] [ 75%] Built target drive_to_point
[4.669s] make: *** [Makefile:146: all] Error 2
[4.670s] Invoked command in '/home/magnum/ros2_ws/src/robot/Ros-2-simulated-robot./src/drive_to_point/build/drive_to_point' returned '2': CMAKE_PREFIX_PATH=/opt/ros/foxy /usr/bin/cmake --build /home/magnum/ros2_ws/src/robot/Ros-2-simulated-robot./src/drive_to_point/build/drive_to_point -- -j8 -l8
