[ 50%] [32mBuilding CXX object CMakeFiles/drive_to_point.dir/src/drive_point.cpp.o[0m
[100%] [32m[1mLinking CXX executable drive_to_point[0m
[100%] Built target drive_to_point
-- Install configuration: ""
-- Installing: /home/magnum/ros2_ws/src/robot/Ros-2-simulated-robot./src/drive_to_point/install/drive_to_point/lib/drive_to_point/drive_to_point
-- Set runtime path of "/home/magnum/ros2_ws/src/robot/Ros-2-simulated-robot./src/drive_to_point/install/drive_to_point/lib/drive_to_point/drive_to_point" to ""
-- Up-to-date: /home/magnum/ros2_ws/src/robot/Ros-2-simulated-robot./src/drive_to_point/install/drive_to_point/share/ament_index/resource_index/package_run_dependencies/drive_to_point
-- Up-to-date: /home/magnum/ros2_ws/src/robot/Ros-2-simulated-robot./src/drive_to_point/install/drive_to_point/share/ament_index/resource_index/parent_prefix_path/drive_to_point
-- Up-to-date: /home/magnum/ros2_ws/src/robot/Ros-2-simulated-robot./src/drive_to_point/install/drive_to_point/share/drive_to_point/environment/ament_prefix_path.sh
-- Up-to-date: /home/magnum/ros2_ws/src/robot/Ros-2-simulated-robot./src/drive_to_point/install/drive_to_point/share/drive_to_point/environment/ament_prefix_path.dsv
-- Up-to-date: /home/magnum/ros2_ws/src/robot/Ros-2-simulated-robot./src/drive_to_point/install/drive_to_point/share/drive_to_point/environment/path.sh
-- Up-to-date: /home/magnum/ros2_ws/src/robot/Ros-2-simulated-robot./src/drive_to_point/install/drive_to_point/share/drive_to_point/environment/path.dsv
-- Up-to-date: /home/magnum/ros2_ws/src/robot/Ros-2-simulated-robot./src/drive_to_point/install/drive_to_point/share/drive_to_point/local_setup.bash
-- Up-to-date: /home/magnum/ros2_ws/src/robot/Ros-2-simulated-robot./src/drive_to_point/install/drive_to_point/share/drive_to_point/local_setup.sh
-- Up-to-date: /home/magnum/ros2_ws/src/robot/Ros-2-simulated-robot./src/drive_to_point/install/drive_to_point/share/drive_to_point/local_setup.zsh
-- Up-to-date: /home/magnum/ros2_ws/src/robot/Ros-2-simulated-robot./src/drive_to_point/install/drive_to_point/share/drive_to_point/local_setup.dsv
-- Installing: /home/magnum/ros2_ws/src/robot/Ros-2-simulated-robot./src/drive_to_point/install/drive_to_point/share/drive_to_point/package.dsv
-- Up-to-date: /home/magnum/ros2_ws/src/robot/Ros-2-simulated-robot./src/drive_to_point/install/drive_to_point/share/ament_index/resource_index/packages/drive_to_point
-- Up-to-date: /home/magnum/ros2_ws/src/robot/Ros-2-simulated-robot./src/drive_to_point/install/drive_to_point/share/drive_to_point/cmake/drive_to_pointConfig.cmake
-- Up-to-date: /home/magnum/ros2_ws/src/robot/Ros-2-simulated-robot./src/drive_to_point/install/drive_to_point/share/drive_to_point/cmake/drive_to_pointConfig-version.cmake
-- Up-to-date: /home/magnum/ros2_ws/src/robot/Ros-2-simulated-robot./src/drive_to_point/install/drive_to_point/share/drive_to_point/package.xml
