[0.029s] Invoking command in '/home/magnum/ros2_ws/src/robot/Ros-2-simulated-robot./src/drive_to_point/build/drive_to_point': CMAKE_PREFIX_PATH=${CMAKE_PREFIX_PATH}:/opt/ros/foxy /usr/bin/cmake --build /home/magnum/ros2_ws/src/robot/Ros-2-simulated-robot./src/drive_to_point/build/drive_to_point -- -j8 -l8
[0.087s] [ 50%] [32mBuilding CXX object CMakeFiles/drive_to_point.dir/src/drive_point.cpp.o[0m
[5.408s] [100%] [32m[1mLinking CXX executable drive_to_point[0m
[5.693s] [100%] Built target drive_to_point
[5.703s] Invoked command in '/home/magnum/ros2_ws/src/robot/Ros-2-simulated-robot./src/drive_to_point/build/drive_to_point' returned '0': CMAKE_PREFIX_PATH=${CMAKE_PREFIX_PATH}:/opt/ros/foxy /usr/bin/cmake --build /home/magnum/ros2_ws/src/robot/Ros-2-simulated-robot./src/drive_to_point/build/drive_to_point -- -j8 -l8
[5.757s] Invoking command in '/home/magnum/ros2_ws/src/robot/Ros-2-simulated-robot./src/drive_to_point/build/drive_to_point': CMAKE_PREFIX_PATH=${CMAKE_PREFIX_PATH}:/opt/ros/foxy /usr/bin/cmake --install /home/magnum/ros2_ws/src/robot/Ros-2-simulated-robot./src/drive_to_point/build/drive_to_point
[5.763s] -- Install configuration: ""
[5.763s] -- Installing: /home/magnum/ros2_ws/src/robot/Ros-2-simulated-robot./src/drive_to_point/install/drive_to_point/lib/drive_to_point/drive_to_point
[5.764s] -- Set runtime path of "/home/magnum/ros2_ws/src/robot/Ros-2-simulated-robot./src/drive_to_point/install/drive_to_point/lib/drive_to_point/drive_to_point" to ""
[5.764s] -- Up-to-date: /home/magnum/ros2_ws/src/robot/Ros-2-simulated-robot./src/drive_to_point/install/drive_to_point/share/ament_index/resource_index/package_run_dependencies/drive_to_point
[5.765s] -- Up-to-date: /home/magnum/ros2_ws/src/robot/Ros-2-simulated-robot./src/drive_to_point/install/drive_to_point/share/ament_index/resource_index/parent_prefix_path/drive_to_point
[5.765s] -- Up-to-date: /home/magnum/ros2_ws/src/robot/Ros-2-simulated-robot./src/drive_to_point/install/drive_to_point/share/drive_to_point/environment/ament_prefix_path.sh
[5.765s] -- Up-to-date: /home/magnum/ros2_ws/src/robot/Ros-2-simulated-robot./src/drive_to_point/install/drive_to_point/share/drive_to_point/environment/ament_prefix_path.dsv
[5.766s] -- Up-to-date: /home/magnum/ros2_ws/src/robot/Ros-2-simulated-robot./src/drive_to_point/install/drive_to_point/share/drive_to_point/environment/path.sh
[5.766s] -- Up-to-date: /home/magnum/ros2_ws/src/robot/Ros-2-simulated-robot./src/drive_to_point/install/drive_to_point/share/drive_to_point/environment/path.dsv
[5.766s] -- Up-to-date: /home/magnum/ros2_ws/src/robot/Ros-2-simulated-robot./src/drive_to_point/install/drive_to_point/share/drive_to_point/local_setup.bash
[5.767s] -- Up-to-date: /home/magnum/ros2_ws/src/robot/Ros-2-simulated-robot./src/drive_to_point/install/drive_to_point/share/drive_to_point/local_setup.sh
[5.767s] -- Up-to-date: /home/magnum/ros2_ws/src/robot/Ros-2-simulated-robot./src/drive_to_point/install/drive_to_point/share/drive_to_point/local_setup.zsh
[5.767s] -- Up-to-date: /home/magnum/ros2_ws/src/robot/Ros-2-simulated-robot./src/drive_to_point/install/drive_to_point/share/drive_to_point/local_setup.dsv
[5.768s] -- Installing: /home/magnum/ros2_ws/src/robot/Ros-2-simulated-robot./src/drive_to_point/install/drive_to_point/share/drive_to_point/package.dsv
[5.768s] -- Up-to-date: /home/magnum/ros2_ws/src/robot/Ros-2-simulated-robot./src/drive_to_point/install/drive_to_point/share/ament_index/resource_index/packages/drive_to_point
[5.769s] -- Up-to-date: /home/magnum/ros2_ws/src/robot/Ros-2-simulated-robot./src/drive_to_point/install/drive_to_point/share/drive_to_point/cmake/drive_to_pointConfig.cmake
[5.769s] -- Up-to-date: /home/magnum/ros2_ws/src/robot/Ros-2-simulated-robot./src/drive_to_point/install/drive_to_point/share/drive_to_point/cmake/drive_to_pointConfig-version.cmake
[5.769s] -- Up-to-date: /home/magnum/ros2_ws/src/robot/Ros-2-simulated-robot./src/drive_to_point/install/drive_to_point/share/drive_to_point/package.xml
[5.777s] Invoked command in '/home/magnum/ros2_ws/src/robot/Ros-2-simulated-robot./src/drive_to_point/build/drive_to_point' returned '0': CMAKE_PREFIX_PATH=${CMAKE_PREFIX_PATH}:/opt/ros/foxy /usr/bin/cmake --install /home/magnum/ros2_ws/src/robot/Ros-2-simulated-robot./src/drive_to_point/build/drive_to_point
