[0.016s] Invoking command in '/home/magnum/simuate_ws/src/robot/src/project/build/project': CMAKE_PREFIX_PATH=/opt/ros/foxy /usr/bin/cmake --build /home/magnum/simuate_ws/src/robot/src/project/build/project -- -j8 -l8
[0.048s] -- Found ament_cmake: 0.9.11 (/opt/ros/foxy/share/ament_cmake/cmake)
[0.068s] -- Using PYTHON_EXECUTABLE: /usr/bin/python3
[0.236s] -- Override CMake install command with custom implementation using symlinks instead of copying resources
[0.251s] -- Found rclcpp: 2.4.2 (/opt/ros/foxy/share/rclcpp/cmake)
[0.288s] -- Using all available rosidl_typesupport_c: rosidl_typesupport_fastrtps_c;rosidl_typesupport_introspection_c
[0.292s] -- Found rosidl_adapter: 1.3.0 (/opt/ros/foxy/share/rosidl_adapter/cmake)
[0.400s] -- Using all available rosidl_typesupport_cpp: rosidl_typesupport_fastrtps_cpp;rosidl_typesupport_introspection_cpp
[0.441s] -- Found rmw_implementation_cmake: 1.0.3 (/opt/ros/foxy/share/rmw_implementation_cmake/cmake)
[0.443s] -- Using RMW implementation 'rmw_fastrtps_cpp' as default
[0.543s] -- Found geometry_msgs: 2.0.5 (/opt/ros/foxy/share/geometry_msgs/cmake)
[0.569s] [31mCMake Error at CMakeLists.txt:26 (add_executable):
[0.569s]   add_executable cannot create target "project" because another target with
[0.569s]   the same name already exists.  The existing target is an executable created
[0.569s]   in source directory "/home/magnum/simuate_ws/src/robot/src/project".  See
[0.569s]   documentation for policy CMP0002 for more details.
[0.569s] 
[0.569s] [0m
[0.571s] -- Found ament_lint_auto: 0.9.7 (/opt/ros/foxy/share/ament_lint_auto/cmake)
[0.629s] -- Added test 'copyright' to check source files copyright and LICENSE
[0.638s] -- Added test 'cppcheck' to perform static code analysis on C / C++ code
[0.638s] -- Configured cppcheck include dirs: 
[0.638s] -- Configured cppcheck exclude dirs and/or files: 
[0.646s] -- Added test 'cpplint' to check C / C++ code against the Google style
[0.647s] -- Configured cpplint exclude dirs and/or files: 
[0.647s] -- Added test 'flake8' to check Python code syntax and style conventions
[0.650s] -- Added test 'lint_cmake' to check CMake code style
[0.651s] -- Added test 'pep257' to check Python code against some of the style conventions in PEP 257
[0.659s] -- Added test 'uncrustify' to check C / C++ code style
[0.659s] -- Configured uncrustify additional arguments: 
[0.660s] -- Added test 'xmllint' to check XML markup files
[0.662s] -- Configuring incomplete, errors occurred!
[0.662s] See also "/home/magnum/simuate_ws/src/robot/src/project/build/project/CMakeFiles/CMakeOutput.log".
[0.662s] See also "/home/magnum/simuate_ws/src/robot/src/project/build/project/CMakeFiles/CMakeError.log".
[0.667s] make: *** [Makefile:267: cmake_check_build_system] Error 1
[0.670s] Invoked command in '/home/magnum/simuate_ws/src/robot/src/project/build/project' returned '2': CMAKE_PREFIX_PATH=/opt/ros/foxy /usr/bin/cmake --build /home/magnum/simuate_ws/src/robot/src/project/build/project -- -j8 -l8
