[0.012s] Invoking command in '/home/magnum/simuate_ws/src/robot/src/project/build/project': CMAKE_PREFIX_PATH=/opt/ros/foxy /usr/bin/cmake --build /home/magnum/simuate_ws/src/robot/src/project/build/project -- -j8 -l8
[0.029s] [ 12%] [32mBuilding CXX object CMakeFiles/avoid_obstacle.dir/src/avoid_obstacle.cpp.o[0m
[0.031s] [ 87%] Built target move
[0.032s] [ 87%] Built target project
[0.032s] [ 87%] Built target sub
[1.949s] [100%] [32m[1mLinking CXX executable avoid_obstacle[0m
[2.049s] [100%] Built target avoid_obstacle
[2.058s] Invoked command in '/home/magnum/simuate_ws/src/robot/src/project/build/project' returned '0': CMAKE_PREFIX_PATH=/opt/ros/foxy /usr/bin/cmake --build /home/magnum/simuate_ws/src/robot/src/project/build/project -- -j8 -l8
[2.079s] Invoking command in '/home/magnum/simuate_ws/src/robot/src/project/build/project': CMAKE_PREFIX_PATH=/opt/ros/foxy /usr/bin/cmake --install /home/magnum/simuate_ws/src/robot/src/project/build/project
[2.081s] -- Install configuration: ""
[2.082s] -- Execute custom install script
[2.082s] -- Up-to-date symlink: /home/magnum/simuate_ws/src/robot/src/project/install/project/lib/project/project
[2.082s] -- Up-to-date symlink: /home/magnum/simuate_ws/src/robot/src/project/install/project/lib/project/move
[2.082s] -- Up-to-date symlink: /home/magnum/simuate_ws/src/robot/src/project/install/project/lib/project/sub
[2.082s] -- Symlinking: /home/magnum/simuate_ws/src/robot/src/project/install/project/lib/project/avoid_obstacle
[2.085s] -- Up-to-date symlink: /home/magnum/simuate_ws/src/robot/src/project/install/project/share/ament_index/resource_index/package_run_dependencies/project
[2.085s] -- Up-to-date symlink: /home/magnum/simuate_ws/src/robot/src/project/install/project/share/ament_index/resource_index/parent_prefix_path/project
[2.085s] -- Up-to-date symlink: /home/magnum/simuate_ws/src/robot/src/project/install/project/share/project/environment/ament_prefix_path.sh
[2.085s] -- Up-to-date symlink: /home/magnum/simuate_ws/src/robot/src/project/install/project/share/project/environment/ament_prefix_path.dsv
[2.085s] -- Up-to-date symlink: /home/magnum/simuate_ws/src/robot/src/project/install/project/share/project/environment/path.sh
[2.085s] -- Up-to-date symlink: /home/magnum/simuate_ws/src/robot/src/project/install/project/share/project/environment/path.dsv
[2.085s] -- Up-to-date symlink: /home/magnum/simuate_ws/src/robot/src/project/install/project/share/project/local_setup.bash
[2.086s] -- Up-to-date symlink: /home/magnum/simuate_ws/src/robot/src/project/install/project/share/project/local_setup.sh
[2.086s] -- Up-to-date symlink: /home/magnum/simuate_ws/src/robot/src/project/install/project/share/project/local_setup.zsh
[2.086s] -- Up-to-date symlink: /home/magnum/simuate_ws/src/robot/src/project/install/project/share/project/local_setup.dsv
[2.086s] -- Symlinking: /home/magnum/simuate_ws/src/robot/src/project/install/project/share/project/package.dsv
[2.088s] -- Up-to-date symlink: /home/magnum/simuate_ws/src/robot/src/project/install/project/share/ament_index/resource_index/packages/project
[2.088s] -- Up-to-date symlink: /home/magnum/simuate_ws/src/robot/src/project/install/project/share/project/cmake/projectConfig.cmake
[2.088s] -- Up-to-date symlink: /home/magnum/simuate_ws/src/robot/src/project/install/project/share/project/cmake/projectConfig-version.cmake
[2.088s] -- Up-to-date symlink: /home/magnum/simuate_ws/src/robot/src/project/install/project/share/project/package.xml
[2.090s] Invoked command in '/home/magnum/simuate_ws/src/robot/src/project/build/project' returned '0': CMAKE_PREFIX_PATH=/opt/ros/foxy /usr/bin/cmake --install /home/magnum/simuate_ws/src/robot/src/project/build/project
