[0.104s] DEBUG:colcon:Command line arguments: ['/usr/bin/colcon', 'build', '--symlink-install']
[0.104s] DEBUG:colcon:Parsed command line arguments: Namespace(allow_overriding=[], ament_cmake_args=None, base_paths=['.'], build_base='build', catkin_cmake_args=None, catkin_skip_building_tests=False, cmake_args=None, cmake_clean_cache=False, cmake_clean_first=False, cmake_force_configure=False, cmake_target=None, cmake_target_skip_unavailable=False, continue_on_error=False, event_handlers=None, executor='parallel', ignore_user_meta=False, install_base='install', log_base=None, log_level=None, main=<bound method BuildVerb.main of <colcon_core.verb.build.BuildVerb object at 0x7fa586a700a0>>, merge_install=False, metas=['./colcon.meta'], packages_above=None, packages_above_and_dependencies=None, packages_above_depth=None, packages_end=None, packages_ignore=None, packages_ignore_regex=None, packages_select=None, packages_select_build_failed=False, packages_select_by_dep=None, packages_select_regex=None, packages_select_test_failures=False, packages_skip=None, packages_skip_build_finished=False, packages_skip_by_dep=None, packages_skip_regex=None, packages_skip_test_passed=False, packages_skip_up_to=None, packages_start=None, packages_up_to=None, packages_up_to_regex=None, parallel_workers=8, paths=None, symlink_install=True, test_result_base=None, verb_extension=<colcon_core.verb.build.BuildVerb object at 0x7fa586a700a0>, verb_name='build', verb_parser=<colcon_defaults.argument_parser.defaults.DefaultArgumentsDecorator object at 0x7fa586a70550>)
[0.119s] Level 1:colcon.colcon_core.package_discovery:discover_packages(colcon_meta) check parameters
[0.119s] Level 1:colcon.colcon_core.package_discovery:discover_packages(recursive) check parameters
[0.119s] Level 1:colcon.colcon_core.package_discovery:discover_packages(ignore) check parameters
[0.119s] Level 1:colcon.colcon_core.package_discovery:discover_packages(path) check parameters
[0.120s] Level 1:colcon.colcon_core.package_discovery:discover_packages(colcon_meta) discover
[0.120s] Level 1:colcon.colcon_core.package_discovery:discover_packages(recursive) discover
[0.120s] INFO:colcon.colcon_core.package_discovery:Crawling recursively for packages in '/home/magnum/simuate_ws/src/robot/src/project'
[0.120s] Level 1:colcon.colcon_core.package_identification:_identify(.) by extensions ['ignore', 'ignore_ament_install']
[0.120s] Level 1:colcon.colcon_core.package_identification:_identify(.) by extension 'ignore'
[0.120s] Level 1:colcon.colcon_core.package_identification:_identify(.) by extension 'ignore_ament_install'
[0.120s] Level 1:colcon.colcon_core.package_identification:_identify(.) by extensions ['colcon_pkg']
[0.120s] Level 1:colcon.colcon_core.package_identification:_identify(.) by extension 'colcon_pkg'
[0.120s] Level 1:colcon.colcon_core.package_identification:_identify(.) by extensions ['colcon_meta']
[0.120s] Level 1:colcon.colcon_core.package_identification:_identify(.) by extension 'colcon_meta'
[0.120s] Level 1:colcon.colcon_core.package_identification:_identify(.) by extensions ['ros']
[0.120s] Level 1:colcon.colcon_core.package_identification:_identify(.) by extension 'ros'
[0.136s] DEBUG:colcon.colcon_core.package_identification:Package '.' with type 'ros.ament_cmake' and name 'project'
[0.136s] Level 1:colcon.colcon_core.package_discovery:discover_packages(recursive) using defaults
[0.136s] Level 1:colcon.colcon_core.package_discovery:discover_packages(ignore) discover
[0.136s] Level 1:colcon.colcon_core.package_discovery:discover_packages(ignore) using defaults
[0.136s] Level 1:colcon.colcon_core.package_discovery:discover_packages(path) discover
[0.136s] Level 1:colcon.colcon_core.package_discovery:discover_packages(path) using defaults
[0.150s] Level 1:colcon.colcon_core.package_discovery:discover_packages(prefix_path) check parameters
[0.150s] Level 1:colcon.colcon_core.package_discovery:discover_packages(prefix_path) discover
[0.152s] DEBUG:colcon.colcon_installed_package_information.package_discovery:Found 1 installed packages in /home/magnum/simuate_ws/src/robot/src/project/install
[0.154s] DEBUG:colcon.colcon_installed_package_information.package_discovery:Found 397 installed packages in /opt/ros/foxy
[0.155s] Level 1:colcon.colcon_core.package_discovery:discover_packages(prefix_path) using defaults
[0.208s] Level 5:colcon.colcon_core.verb:set package 'project' build argument 'cmake_args' from command line to 'None'
[0.208s] Level 5:colcon.colcon_core.verb:set package 'project' build argument 'cmake_target' from command line to 'None'
[0.208s] Level 5:colcon.colcon_core.verb:set package 'project' build argument 'cmake_target_skip_unavailable' from command line to 'False'
[0.208s] Level 5:colcon.colcon_core.verb:set package 'project' build argument 'cmake_clean_cache' from command line to 'False'
[0.208s] Level 5:colcon.colcon_core.verb:set package 'project' build argument 'cmake_clean_first' from command line to 'False'
[0.208s] Level 5:colcon.colcon_core.verb:set package 'project' build argument 'cmake_force_configure' from command line to 'False'
[0.208s] Level 5:colcon.colcon_core.verb:set package 'project' build argument 'ament_cmake_args' from command line to 'None'
[0.208s] Level 5:colcon.colcon_core.verb:set package 'project' build argument 'catkin_cmake_args' from command line to 'None'
[0.208s] Level 5:colcon.colcon_core.verb:set package 'project' build argument 'catkin_skip_building_tests' from command line to 'False'
[0.208s] DEBUG:colcon.colcon_core.verb:Building package 'project' with the following arguments: {'ament_cmake_args': None, 'build_base': '/home/magnum/simuate_ws/src/robot/src/project/build/project', 'catkin_cmake_args': None, 'catkin_skip_building_tests': False, 'cmake_args': None, 'cmake_clean_cache': False, 'cmake_clean_first': False, 'cmake_force_configure': False, 'cmake_target': None, 'cmake_target_skip_unavailable': False, 'install_base': '/home/magnum/simuate_ws/src/robot/src/project/install/project', 'merge_install': False, 'path': '/home/magnum/simuate_ws/src/robot/src/project', 'symlink_install': True, 'test_result_base': None}
[0.209s] INFO:colcon.colcon_core.executor:Executing jobs using 'parallel' executor
[0.212s] DEBUG:colcon.colcon_parallel_executor.executor.parallel:run_until_complete
[0.212s] INFO:colcon.colcon_ros.task.ament_cmake.build:Building ROS package in '/home/magnum/simuate_ws/src/robot/src/project' with build type 'ament_cmake'
[0.213s] INFO:colcon.colcon_cmake.task.cmake.build:Building CMake package in '/home/magnum/simuate_ws/src/robot/src/project'
[0.217s] INFO:colcon.colcon_core.plugin_system:Skipping extension 'colcon_core.shell.bat': Not used on non-Windows systems
[0.217s] INFO:colcon.colcon_core.shell:Skip shell extension 'powershell' for command environment: Not usable outside of PowerShell
[0.217s] DEBUG:colcon.colcon_core.shell:Skip shell extension 'dsv' for command environment
[0.229s] DEBUG:colcon.colcon_core.event_handler.log_command:Invoking command in '/home/magnum/simuate_ws/src/robot/src/project/build/project': CMAKE_PREFIX_PATH=${CMAKE_PREFIX_PATH}:/opt/ros/foxy /usr/bin/cmake /home/magnum/simuate_ws/src/robot/src/project -DAMENT_CMAKE_SYMLINK_INSTALL=1 -DCMAKE_INSTALL_PREFIX=/home/magnum/simuate_ws/src/robot/src/project/install/project
[0.744s] DEBUG:colcon.colcon_core.event_handler.log_command:Invoked command in '/home/magnum/simuate_ws/src/robot/src/project/build/project' returned '0': CMAKE_PREFIX_PATH=${CMAKE_PREFIX_PATH}:/opt/ros/foxy /usr/bin/cmake /home/magnum/simuate_ws/src/robot/src/project -DAMENT_CMAKE_SYMLINK_INSTALL=1 -DCMAKE_INSTALL_PREFIX=/home/magnum/simuate_ws/src/robot/src/project/install/project
[0.747s] DEBUG:colcon.colcon_core.event_handler.log_command:Invoking command in '/home/magnum/simuate_ws/src/robot/src/project/build/project': CMAKE_PREFIX_PATH=${CMAKE_PREFIX_PATH}:/opt/ros/foxy /usr/bin/cmake --build /home/magnum/simuate_ws/src/robot/src/project/build/project -- -j8 -l8
[2.919s] DEBUG:colcon.colcon_core.event_handler.log_command:Invoked command in '/home/magnum/simuate_ws/src/robot/src/project/build/project' returned '0': CMAKE_PREFIX_PATH=${CMAKE_PREFIX_PATH}:/opt/ros/foxy /usr/bin/cmake --build /home/magnum/simuate_ws/src/robot/src/project/build/project -- -j8 -l8
[2.937s] DEBUG:colcon.colcon_core.event_handler.log_command:Invoking command in '/home/magnum/simuate_ws/src/robot/src/project/build/project': CMAKE_PREFIX_PATH=${CMAKE_PREFIX_PATH}:/opt/ros/foxy /usr/bin/cmake --install /home/magnum/simuate_ws/src/robot/src/project/build/project
[2.980s] Level 1:colcon.colcon_core.environment:create_environment_scripts_only(project)
[2.981s] DEBUG:colcon.colcon_core.event_handler.log_command:Invoked command in '/home/magnum/simuate_ws/src/robot/src/project/build/project' returned '0': CMAKE_PREFIX_PATH=${CMAKE_PREFIX_PATH}:/opt/ros/foxy /usr/bin/cmake --install /home/magnum/simuate_ws/src/robot/src/project/build/project
[2.984s] Level 1:colcon.colcon_core.environment:checking '/home/magnum/simuate_ws/src/robot/src/project/install/project' for CMake module files
[2.985s] Level 1:colcon.colcon_core.environment:checking '/home/magnum/simuate_ws/src/robot/src/project/install/project' for CMake config files
[2.985s] Level 1:colcon.colcon_core.shell:create_environment_hook('project', 'cmake_prefix_path')
[2.986s] INFO:colcon.colcon_core.shell:Creating environment hook '/home/magnum/simuate_ws/src/robot/src/project/install/project/share/project/hook/cmake_prefix_path.ps1'
[2.987s] INFO:colcon.colcon_core.shell:Creating environment descriptor '/home/magnum/simuate_ws/src/robot/src/project/install/project/share/project/hook/cmake_prefix_path.dsv'
[2.987s] INFO:colcon.colcon_core.shell:Creating environment hook '/home/magnum/simuate_ws/src/robot/src/project/install/project/share/project/hook/cmake_prefix_path.sh'
[2.987s] Level 1:colcon.colcon_core.environment:checking '/home/magnum/simuate_ws/src/robot/src/project/install/project/lib'
[2.988s] Level 1:colcon.colcon_core.environment:checking '/home/magnum/simuate_ws/src/robot/src/project/install/project/bin'
[2.988s] Level 1:colcon.colcon_core.environment:checking '/home/magnum/simuate_ws/src/robot/src/project/install/project/lib/pkgconfig/project.pc'
[2.988s] Level 1:colcon.colcon_core.environment:checking '/home/magnum/simuate_ws/src/robot/src/project/install/project/lib/python3.8/site-packages'
[2.988s] Level 1:colcon.colcon_core.environment:checking '/home/magnum/simuate_ws/src/robot/src/project/install/project/bin'
[2.989s] INFO:colcon.colcon_core.shell:Creating package script '/home/magnum/simuate_ws/src/robot/src/project/install/project/share/project/package.ps1'
[2.989s] INFO:colcon.colcon_core.shell:Creating package descriptor '/home/magnum/simuate_ws/src/robot/src/project/install/project/share/project/package.dsv'
[2.990s] INFO:colcon.colcon_core.shell:Creating package script '/home/magnum/simuate_ws/src/robot/src/project/install/project/share/project/package.sh'
[2.990s] INFO:colcon.colcon_core.shell:Creating package script '/home/magnum/simuate_ws/src/robot/src/project/install/project/share/project/package.bash'
[2.991s] INFO:colcon.colcon_core.shell:Creating package script '/home/magnum/simuate_ws/src/robot/src/project/install/project/share/project/package.zsh'
[2.991s] Level 1:colcon.colcon_core.environment:create_file_with_runtime_dependencies(/home/magnum/simuate_ws/src/robot/src/project/install/project/share/colcon-core/packages/project)
[3.004s] Level 1:colcon.colcon_core.environment:create_environment_scripts_only(project)
[3.006s] Level 1:colcon.colcon_core.environment:checking '/home/magnum/simuate_ws/src/robot/src/project/install/project' for CMake module files
[3.006s] Level 1:colcon.colcon_core.environment:checking '/home/magnum/simuate_ws/src/robot/src/project/install/project' for CMake config files
[3.006s] Level 1:colcon.colcon_core.shell:create_environment_hook('project', 'cmake_prefix_path')
[3.007s] INFO:colcon.colcon_core.shell:Creating environment hook '/home/magnum/simuate_ws/src/robot/src/project/install/project/share/project/hook/cmake_prefix_path.ps1'
[3.008s] INFO:colcon.colcon_core.shell:Creating environment descriptor '/home/magnum/simuate_ws/src/robot/src/project/install/project/share/project/hook/cmake_prefix_path.dsv'
[3.008s] INFO:colcon.colcon_core.shell:Creating environment hook '/home/magnum/simuate_ws/src/robot/src/project/install/project/share/project/hook/cmake_prefix_path.sh'
[3.008s] Level 1:colcon.colcon_core.environment:checking '/home/magnum/simuate_ws/src/robot/src/project/install/project/lib'
[3.009s] Level 1:colcon.colcon_core.environment:checking '/home/magnum/simuate_ws/src/robot/src/project/install/project/bin'
[3.009s] Level 1:colcon.colcon_core.environment:checking '/home/magnum/simuate_ws/src/robot/src/project/install/project/lib/pkgconfig/project.pc'
[3.009s] Level 1:colcon.colcon_core.environment:checking '/home/magnum/simuate_ws/src/robot/src/project/install/project/lib/python3.8/site-packages'
[3.009s] Level 1:colcon.colcon_core.environment:checking '/home/magnum/simuate_ws/src/robot/src/project/install/project/bin'
[3.010s] INFO:colcon.colcon_core.shell:Creating package script '/home/magnum/simuate_ws/src/robot/src/project/install/project/share/project/package.ps1'
[3.010s] INFO:colcon.colcon_core.shell:Creating package descriptor '/home/magnum/simuate_ws/src/robot/src/project/install/project/share/project/package.dsv'
[3.011s] INFO:colcon.colcon_core.shell:Creating package script '/home/magnum/simuate_ws/src/robot/src/project/install/project/share/project/package.sh'
[3.011s] INFO:colcon.colcon_core.shell:Creating package script '/home/magnum/simuate_ws/src/robot/src/project/install/project/share/project/package.bash'
[3.011s] INFO:colcon.colcon_core.shell:Creating package script '/home/magnum/simuate_ws/src/robot/src/project/install/project/share/project/package.zsh'
[3.012s] Level 1:colcon.colcon_core.environment:create_file_with_runtime_dependencies(/home/magnum/simuate_ws/src/robot/src/project/install/project/share/colcon-core/packages/project)
[3.012s] DEBUG:colcon.colcon_parallel_executor.executor.parallel:closing loop
[3.012s] DEBUG:colcon.colcon_parallel_executor.executor.parallel:loop closed
[3.012s] DEBUG:colcon.colcon_parallel_executor.executor.parallel:run_until_complete finished with '0'
[3.012s] DEBUG:colcon.colcon_core.event_reactor:joining thread
[3.017s] INFO:colcon.colcon_core.plugin_system:Skipping extension 'colcon_notification.desktop_notification.terminal_notifier': Not used on non-Darwin systems
[3.017s] INFO:colcon.colcon_core.plugin_system:Skipping extension 'colcon_notification.desktop_notification.win32': Not used on non-Windows systems
[3.017s] INFO:colcon.colcon_notification.desktop_notification:Sending desktop notification using 'notify2'
[3.028s] DEBUG:colcon.colcon_core.event_reactor:joined thread
[3.030s] INFO:colcon.colcon_core.shell:Creating prefix script '/home/magnum/simuate_ws/src/robot/src/project/install/local_setup.ps1'
[3.031s] INFO:colcon.colcon_core.shell:Creating prefix util module '/home/magnum/simuate_ws/src/robot/src/project/install/_local_setup_util_ps1.py'
[3.032s] INFO:colcon.colcon_core.shell:Creating prefix chain script '/home/magnum/simuate_ws/src/robot/src/project/install/setup.ps1'
[3.034s] INFO:colcon.colcon_core.shell:Creating prefix script '/home/magnum/simuate_ws/src/robot/src/project/install/local_setup.sh'
[3.035s] INFO:colcon.colcon_core.shell:Creating prefix util module '/home/magnum/simuate_ws/src/robot/src/project/install/_local_setup_util_sh.py'
[3.035s] INFO:colcon.colcon_core.shell:Creating prefix chain script '/home/magnum/simuate_ws/src/robot/src/project/install/setup.sh'
[3.037s] INFO:colcon.colcon_core.shell:Creating prefix script '/home/magnum/simuate_ws/src/robot/src/project/install/local_setup.bash'
[3.038s] INFO:colcon.colcon_core.shell:Creating prefix chain script '/home/magnum/simuate_ws/src/robot/src/project/install/setup.bash'
[3.039s] INFO:colcon.colcon_core.shell:Creating prefix script '/home/magnum/simuate_ws/src/robot/src/project/install/local_setup.zsh'
[3.040s] INFO:colcon.colcon_core.shell:Creating prefix chain script '/home/magnum/simuate_ws/src/robot/src/project/install/setup.zsh'
