[0.018s] Invoking command in '/home/magnum/simuate_ws/src/robot/src/project/build/project': CMAKE_PREFIX_PATH=/opt/ros/foxy /usr/bin/cmake --build /home/magnum/simuate_ws/src/robot/src/project/build/project -- -j8 -l8
[0.050s] -- Found ament_cmake: 0.9.11 (/opt/ros/foxy/share/ament_cmake/cmake)
[0.075s] -- Using PYTHON_EXECUTABLE: /usr/bin/python3
[0.242s] -- Override CMake install command with custom implementation using symlinks instead of copying resources
[0.256s] -- Found rclcpp: 2.4.2 (/opt/ros/foxy/share/rclcpp/cmake)
[0.290s] -- Using all available rosidl_typesupport_c: rosidl_typesupport_fastrtps_c;rosidl_typesupport_introspection_c
[0.293s] -- Found rosidl_adapter: 1.3.0 (/opt/ros/foxy/share/rosidl_adapter/cmake)
[0.400s] -- Using all available rosidl_typesupport_cpp: rosidl_typesupport_fastrtps_cpp;rosidl_typesupport_introspection_cpp
[0.441s] -- Found rmw_implementation_cmake: 1.0.3 (/opt/ros/foxy/share/rmw_implementation_cmake/cmake)
[0.443s] -- Using RMW implementation 'rmw_fastrtps_cpp' as default
[0.546s] -- Found geometry_msgs: 2.0.5 (/opt/ros/foxy/share/geometry_msgs/cmake)
[0.569s] [31mCMake Error at /opt/ros/foxy/share/ament_cmake_target_dependencies/cmake/ament_target_dependencies.cmake:42 (message):
[0.569s]   ament_target_dependencies() the first argument must be a valid target name
[0.569s] Call Stack (most recent call first):
[0.569s]   CMakeLists.txt:34 (ament_target_dependencies)
[0.569s] 
[0.569s] [0m
[0.569s] -- Configuring incomplete, errors occurred!
[0.570s] See also "/home/magnum/simuate_ws/src/robot/src/project/build/project/CMakeFiles/CMakeOutput.log".
[0.570s] See also "/home/magnum/simuate_ws/src/robot/src/project/build/project/CMakeFiles/CMakeError.log".
[0.574s] make: *** [Makefile:349: cmake_check_build_system] Error 1
[0.575s] Invoked command in '/home/magnum/simuate_ws/src/robot/src/project/build/project' returned '2': CMAKE_PREFIX_PATH=/opt/ros/foxy /usr/bin/cmake --build /home/magnum/simuate_ws/src/robot/src/project/build/project -- -j8 -l8
