[0.025s] Invoking command in '/home/magnum/ros2_ws/src/robot/Ros-2-simulated-robot./src/drive_to_point/build/drive_to_point': CMAKE_PREFIX_PATH=${CMAKE_PREFIX_PATH}:/opt/ros/foxy /usr/bin/cmake --build /home/magnum/ros2_ws/src/robot/Ros-2-simulated-robot./src/drive_to_point/build/drive_to_point -- -j8 -l8
[0.092s] [ 50%] [32mBuilding CXX object CMakeFiles/drive_to_point.dir/src/drive_point.cpp.o[0m
[8.354s] [100%] [32m[1mLinking CXX executable drive_to_point[0m
[8.780s] [100%] Built target drive_to_point
[8.793s] Invoked command in '/home/magnum/ros2_ws/src/robot/Ros-2-simulated-robot./src/drive_to_point/build/drive_to_point' returned '0': CMAKE_PREFIX_PATH=${CMAKE_PREFIX_PATH}:/opt/ros/foxy /usr/bin/cmake --build /home/magnum/ros2_ws/src/robot/Ros-2-simulated-robot./src/drive_to_point/build/drive_to_point -- -j8 -l8
[8.909s] Invoking command in '/home/magnum/ros2_ws/src/robot/Ros-2-simulated-robot./src/drive_to_point/build/drive_to_point': CMAKE_PREFIX_PATH=${CMAKE_PREFIX_PATH}:/opt/ros/foxy /usr/bin/cmake --install /home/magnum/ros2_ws/src/robot/Ros-2-simulated-robot./src/drive_to_point/build/drive_to_point
[8.918s] -- Install configuration: ""
[8.919s] -- Installing: /home/magnum/ros2_ws/src/robot/Ros-2-simulated-robot./src/drive_to_point/install/drive_to_point/lib/drive_to_point/drive_to_point
[8.954s] -- Set runtime path of "/home/magnum/ros2_ws/src/robot/Ros-2-simulated-robot./src/drive_to_point/install/drive_to_point/lib/drive_to_point/drive_to_point" to ""
[8.954s] -- Up-to-date: /home/magnum/ros2_ws/src/robot/Ros-2-simulated-robot./src/drive_to_point/install/drive_to_point/share/ament_index/resource_index/package_run_dependencies/drive_to_point
[8.954s] -- Up-to-date: /home/magnum/ros2_ws/src/robot/Ros-2-simulated-robot./src/drive_to_point/install/drive_to_point/share/ament_index/resource_index/parent_prefix_path/drive_to_point
[8.955s] -- Up-to-date: /home/magnum/ros2_ws/src/robot/Ros-2-simulated-robot./src/drive_to_point/install/drive_to_point/share/drive_to_point/environment/ament_prefix_path.sh
[8.955s] -- Up-to-date: /home/magnum/ros2_ws/src/robot/Ros-2-simulated-robot./src/drive_to_point/install/drive_to_point/share/drive_to_point/environment/ament_prefix_path.dsv
[8.955s] -- Up-to-date: /home/magnum/ros2_ws/src/robot/Ros-2-simulated-robot./src/drive_to_point/install/drive_to_point/share/drive_to_point/environment/path.sh
[8.956s] -- Up-to-date: /home/magnum/ros2_ws/src/robot/Ros-2-simulated-robot./src/drive_to_point/install/drive_to_point/share/drive_to_point/environment/path.dsv
[8.956s] -- Up-to-date: /home/magnum/ros2_ws/src/robot/Ros-2-simulated-robot./src/drive_to_point/install/drive_to_point/share/drive_to_point/local_setup.bash
[8.957s] -- Up-to-date: /home/magnum/ros2_ws/src/robot/Ros-2-simulated-robot./src/drive_to_point/install/drive_to_point/share/drive_to_point/local_setup.sh
[8.957s] -- Up-to-date: /home/magnum/ros2_ws/src/robot/Ros-2-simulated-robot./src/drive_to_point/install/drive_to_point/share/drive_to_point/local_setup.zsh
[8.957s] -- Up-to-date: /home/magnum/ros2_ws/src/robot/Ros-2-simulated-robot./src/drive_to_point/install/drive_to_point/share/drive_to_point/local_setup.dsv
[8.958s] -- Installing: /home/magnum/ros2_ws/src/robot/Ros-2-simulated-robot./src/drive_to_point/install/drive_to_point/share/drive_to_point/package.dsv
[8.958s] -- Up-to-date: /home/magnum/ros2_ws/src/robot/Ros-2-simulated-robot./src/drive_to_point/install/drive_to_point/share/ament_index/resource_index/packages/drive_to_point
[8.959s] -- Up-to-date: /home/magnum/ros2_ws/src/robot/Ros-2-simulated-robot./src/drive_to_point/install/drive_to_point/share/drive_to_point/cmake/drive_to_pointConfig.cmake
[8.959s] -- Up-to-date: /home/magnum/ros2_ws/src/robot/Ros-2-simulated-robot./src/drive_to_point/install/drive_to_point/share/drive_to_point/cmake/drive_to_pointConfig-version.cmake
[8.959s] -- Up-to-date: /home/magnum/ros2_ws/src/robot/Ros-2-simulated-robot./src/drive_to_point/install/drive_to_point/share/drive_to_point/package.xml
[8.968s] Invoked command in '/home/magnum/ros2_ws/src/robot/Ros-2-simulated-robot./src/drive_to_point/build/drive_to_point' returned '0': CMAKE_PREFIX_PATH=${CMAKE_PREFIX_PATH}:/opt/ros/foxy /usr/bin/cmake --install /home/magnum/ros2_ws/src/robot/Ros-2-simulated-robot./src/drive_to_point/build/drive_to_point
