[0.137s] DEBUG:colcon:Command line arguments: ['/usr/bin/colcon', 'build']
[0.138s] DEBUG:colcon:Parsed command line arguments: Namespace(allow_overriding=[], ament_cmake_args=None, base_paths=['.'], build_base='build', catkin_cmake_args=None, catkin_skip_building_tests=False, cmake_args=None, cmake_clean_cache=False, cmake_clean_first=False, cmake_force_configure=False, cmake_target=None, cmake_target_skip_unavailable=False, continue_on_error=False, event_handlers=None, executor='parallel', ignore_user_meta=False, install_base='install', log_base=None, log_level=None, main=<bound method BuildVerb.main of <colcon_core.verb.build.BuildVerb object at 0x7f5c2d521fd0>>, merge_install=False, metas=['./colcon.meta'], packages_above=None, packages_above_and_dependencies=None, packages_above_depth=None, packages_end=None, packages_ignore=None, packages_ignore_regex=None, packages_select=None, packages_select_build_failed=False, packages_select_by_dep=None, packages_select_regex=None, packages_select_test_failures=False, packages_skip=None, packages_skip_build_finished=False, packages_skip_by_dep=None, packages_skip_regex=None, packages_skip_test_passed=False, packages_skip_up_to=None, packages_start=None, packages_up_to=None, packages_up_to_regex=None, parallel_workers=8, paths=None, symlink_install=False, test_result_base=None, verb_extension=<colcon_core.verb.build.BuildVerb object at 0x7f5c2d521fd0>, verb_name='build', verb_parser=<colcon_defaults.argument_parser.defaults.DefaultArgumentsDecorator object at 0x7f5c2d52d490>)
[0.158s] Level 1:colcon.colcon_core.package_discovery:discover_packages(colcon_meta) check parameters
[0.158s] Level 1:colcon.colcon_core.package_discovery:discover_packages(recursive) check parameters
[0.158s] Level 1:colcon.colcon_core.package_discovery:discover_packages(ignore) check parameters
[0.158s] Level 1:colcon.colcon_core.package_discovery:discover_packages(path) check parameters
[0.158s] Level 1:colcon.colcon_core.package_discovery:discover_packages(colcon_meta) discover
[0.158s] Level 1:colcon.colcon_core.package_discovery:discover_packages(recursive) discover
[0.158s] INFO:colcon.colcon_core.package_discovery:Crawling recursively for packages in '/home/magnum/simuate_ws/src/robot/src/visual_marker'
[0.158s] Level 1:colcon.colcon_core.package_identification:_identify(.) by extensions ['ignore', 'ignore_ament_install']
[0.158s] Level 1:colcon.colcon_core.package_identification:_identify(.) by extension 'ignore'
[0.158s] Level 1:colcon.colcon_core.package_identification:_identify(.) by extension 'ignore_ament_install'
[0.159s] Level 1:colcon.colcon_core.package_identification:_identify(.) by extensions ['colcon_pkg']
[0.159s] Level 1:colcon.colcon_core.package_identification:_identify(.) by extension 'colcon_pkg'
[0.159s] Level 1:colcon.colcon_core.package_identification:_identify(.) by extensions ['colcon_meta']
[0.159s] Level 1:colcon.colcon_core.package_identification:_identify(.) by extension 'colcon_meta'
[0.159s] Level 1:colcon.colcon_core.package_identification:_identify(.) by extensions ['ros']
[0.159s] Level 1:colcon.colcon_core.package_identification:_identify(.) by extension 'ros'
[0.180s] DEBUG:colcon.colcon_core.package_identification:Package '.' with type 'ros.ament_cmake' and name 'visual_marker'
[0.180s] Level 1:colcon.colcon_core.package_discovery:discover_packages(recursive) using defaults
[0.180s] Level 1:colcon.colcon_core.package_discovery:discover_packages(ignore) discover
[0.180s] Level 1:colcon.colcon_core.package_discovery:discover_packages(ignore) using defaults
[0.180s] Level 1:colcon.colcon_core.package_discovery:discover_packages(path) discover
[0.180s] Level 1:colcon.colcon_core.package_discovery:discover_packages(path) using defaults
[0.198s] Level 1:colcon.colcon_core.package_discovery:discover_packages(prefix_path) check parameters
[0.198s] Level 1:colcon.colcon_core.package_discovery:discover_packages(prefix_path) discover
[0.201s] DEBUG:colcon.colcon_installed_package_information.package_discovery:Found 397 installed packages in /opt/ros/foxy
[0.203s] Level 1:colcon.colcon_core.package_discovery:discover_packages(prefix_path) using defaults
[0.270s] Level 5:colcon.colcon_core.verb:set package 'visual_marker' build argument 'cmake_args' from command line to 'None'
[0.270s] Level 5:colcon.colcon_core.verb:set package 'visual_marker' build argument 'cmake_target' from command line to 'None'
[0.270s] Level 5:colcon.colcon_core.verb:set package 'visual_marker' build argument 'cmake_target_skip_unavailable' from command line to 'False'
[0.270s] Level 5:colcon.colcon_core.verb:set package 'visual_marker' build argument 'cmake_clean_cache' from command line to 'False'
[0.270s] Level 5:colcon.colcon_core.verb:set package 'visual_marker' build argument 'cmake_clean_first' from command line to 'False'
[0.270s] Level 5:colcon.colcon_core.verb:set package 'visual_marker' build argument 'cmake_force_configure' from command line to 'False'
[0.270s] Level 5:colcon.colcon_core.verb:set package 'visual_marker' build argument 'ament_cmake_args' from command line to 'None'
[0.270s] Level 5:colcon.colcon_core.verb:set package 'visual_marker' build argument 'catkin_cmake_args' from command line to 'None'
[0.270s] Level 5:colcon.colcon_core.verb:set package 'visual_marker' build argument 'catkin_skip_building_tests' from command line to 'False'
[0.270s] DEBUG:colcon.colcon_core.verb:Building package 'visual_marker' with the following arguments: {'ament_cmake_args': None, 'build_base': '/home/magnum/simuate_ws/src/robot/src/visual_marker/build/visual_marker', 'catkin_cmake_args': None, 'catkin_skip_building_tests': False, 'cmake_args': None, 'cmake_clean_cache': False, 'cmake_clean_first': False, 'cmake_force_configure': False, 'cmake_target': None, 'cmake_target_skip_unavailable': False, 'install_base': '/home/magnum/simuate_ws/src/robot/src/visual_marker/install/visual_marker', 'merge_install': False, 'path': '/home/magnum/simuate_ws/src/robot/src/visual_marker', 'symlink_install': False, 'test_result_base': None}
[0.271s] INFO:colcon.colcon_core.executor:Executing jobs using 'parallel' executor
[0.274s] DEBUG:colcon.colcon_parallel_executor.executor.parallel:run_until_complete
[0.275s] INFO:colcon.colcon_ros.task.ament_cmake.build:Building ROS package in '/home/magnum/simuate_ws/src/robot/src/visual_marker' with build type 'ament_cmake'
[0.275s] INFO:colcon.colcon_cmake.task.cmake.build:Building CMake package in '/home/magnum/simuate_ws/src/robot/src/visual_marker'
[0.279s] INFO:colcon.colcon_core.plugin_system:Skipping extension 'colcon_core.shell.bat': Not used on non-Windows systems
[0.279s] INFO:colcon.colcon_core.shell:Skip shell extension 'powershell' for command environment: Not usable outside of PowerShell
[0.279s] DEBUG:colcon.colcon_core.shell:Skip shell extension 'dsv' for command environment
[0.290s] DEBUG:colcon.colcon_core.event_handler.log_command:Invoking command in '/home/magnum/simuate_ws/src/robot/src/visual_marker/build/visual_marker': CMAKE_PREFIX_PATH=/opt/ros/foxy /usr/bin/cmake /home/magnum/simuate_ws/src/robot/src/visual_marker -DCMAKE_INSTALL_PREFIX=/home/magnum/simuate_ws/src/robot/src/visual_marker/install/visual_marker
[1.028s] DEBUG:colcon.colcon_core.event_handler.log_command:Invoked command in '/home/magnum/simuate_ws/src/robot/src/visual_marker/build/visual_marker' returned '1': CMAKE_PREFIX_PATH=/opt/ros/foxy /usr/bin/cmake /home/magnum/simuate_ws/src/robot/src/visual_marker -DCMAKE_INSTALL_PREFIX=/home/magnum/simuate_ws/src/robot/src/visual_marker/install/visual_marker
[1.036s] Level 1:colcon.colcon_core.environment:create_environment_scripts_only(visual_marker)
[1.041s] Level 1:colcon.colcon_core.environment:checking '/home/magnum/simuate_ws/src/robot/src/visual_marker/install/visual_marker' for CMake module files
[1.041s] Level 1:colcon.colcon_core.environment:checking '/home/magnum/simuate_ws/src/robot/src/visual_marker/install/visual_marker' for CMake config files
[1.042s] Level 1:colcon.colcon_core.environment:checking '/home/magnum/simuate_ws/src/robot/src/visual_marker/install/visual_marker/bin'
[1.042s] Level 1:colcon.colcon_core.environment:checking '/home/magnum/simuate_ws/src/robot/src/visual_marker/install/visual_marker/lib/pkgconfig/visual_marker.pc'
[1.042s] Level 1:colcon.colcon_core.environment:checking '/home/magnum/simuate_ws/src/robot/src/visual_marker/install/visual_marker/lib/python3.8/site-packages'
[1.042s] Level 1:colcon.colcon_core.environment:checking '/home/magnum/simuate_ws/src/robot/src/visual_marker/install/visual_marker/bin'
[1.043s] INFO:colcon.colcon_core.shell:Creating package script '/home/magnum/simuate_ws/src/robot/src/visual_marker/install/visual_marker/share/visual_marker/package.ps1'
[1.045s] INFO:colcon.colcon_core.shell:Creating package descriptor '/home/magnum/simuate_ws/src/robot/src/visual_marker/install/visual_marker/share/visual_marker/package.dsv'
[1.046s] INFO:colcon.colcon_core.shell:Creating package script '/home/magnum/simuate_ws/src/robot/src/visual_marker/install/visual_marker/share/visual_marker/package.sh'
[1.046s] INFO:colcon.colcon_core.shell:Creating package script '/home/magnum/simuate_ws/src/robot/src/visual_marker/install/visual_marker/share/visual_marker/package.bash'
[1.047s] INFO:colcon.colcon_core.shell:Creating package script '/home/magnum/simuate_ws/src/robot/src/visual_marker/install/visual_marker/share/visual_marker/package.zsh'
[1.047s] Level 1:colcon.colcon_core.environment:create_file_with_runtime_dependencies(/home/magnum/simuate_ws/src/robot/src/visual_marker/install/visual_marker/share/colcon-core/packages/visual_marker)
[1.058s] DEBUG:colcon.colcon_parallel_executor.executor.parallel:closing loop
[1.058s] DEBUG:colcon.colcon_parallel_executor.executor.parallel:loop closed
[1.058s] DEBUG:colcon.colcon_parallel_executor.executor.parallel:run_until_complete finished with '1'
[1.058s] DEBUG:colcon.colcon_core.event_reactor:joining thread
[1.064s] INFO:colcon.colcon_core.plugin_system:Skipping extension 'colcon_notification.desktop_notification.terminal_notifier': Not used on non-Darwin systems
[1.064s] INFO:colcon.colcon_core.plugin_system:Skipping extension 'colcon_notification.desktop_notification.win32': Not used on non-Windows systems
[1.064s] INFO:colcon.colcon_notification.desktop_notification:Sending desktop notification using 'notify2'
[1.077s] DEBUG:colcon.colcon_core.event_reactor:joined thread
[1.079s] INFO:colcon.colcon_core.shell:Creating prefix script '/home/magnum/simuate_ws/src/robot/src/visual_marker/install/local_setup.ps1'
[1.080s] INFO:colcon.colcon_core.shell:Creating prefix util module '/home/magnum/simuate_ws/src/robot/src/visual_marker/install/_local_setup_util_ps1.py'
[1.082s] INFO:colcon.colcon_core.shell:Creating prefix chain script '/home/magnum/simuate_ws/src/robot/src/visual_marker/install/setup.ps1'
[1.084s] INFO:colcon.colcon_core.shell:Creating prefix script '/home/magnum/simuate_ws/src/robot/src/visual_marker/install/local_setup.sh'
[1.084s] INFO:colcon.colcon_core.shell:Creating prefix util module '/home/magnum/simuate_ws/src/robot/src/visual_marker/install/_local_setup_util_sh.py'
[1.085s] INFO:colcon.colcon_core.shell:Creating prefix chain script '/home/magnum/simuate_ws/src/robot/src/visual_marker/install/setup.sh'
[1.087s] INFO:colcon.colcon_core.shell:Creating prefix script '/home/magnum/simuate_ws/src/robot/src/visual_marker/install/local_setup.bash'
[1.088s] INFO:colcon.colcon_core.shell:Creating prefix chain script '/home/magnum/simuate_ws/src/robot/src/visual_marker/install/setup.bash'
[1.090s] INFO:colcon.colcon_core.shell:Creating prefix script '/home/magnum/simuate_ws/src/robot/src/visual_marker/install/local_setup.zsh'
[1.091s] INFO:colcon.colcon_core.shell:Creating prefix chain script '/home/magnum/simuate_ws/src/robot/src/visual_marker/install/setup.zsh'
