[0.020s] Invoking command in '/home/magnum/simuate_ws/src/robot/src/project/build/project': CMAKE_PREFIX_PATH=${CMAKE_PREFIX_PATH}:/opt/ros/foxy /usr/bin/cmake --build /home/magnum/simuate_ws/src/robot/src/project/build/project -- -j8 -l8
[0.046s] [ 66%] Built target project
[0.046s] [ 66%] Built target move
[0.050s] [ 83%] [32mBuilding CXX object CMakeFiles/sub.dir/src/sub.cpp.o[0m
[3.231s] [100%] [32m[1mLinking CXX executable sub[0m
[3.400s] [100%] Built target sub
[3.406s] Invoked command in '/home/magnum/simuate_ws/src/robot/src/project/build/project' returned '0': CMAKE_PREFIX_PATH=${CMAKE_PREFIX_PATH}:/opt/ros/foxy /usr/bin/cmake --build /home/magnum/simuate_ws/src/robot/src/project/build/project -- -j8 -l8
[3.430s] Invoking command in '/home/magnum/simuate_ws/src/robot/src/project/build/project': CMAKE_PREFIX_PATH=${CMAKE_PREFIX_PATH}:/opt/ros/foxy /usr/bin/cmake --install /home/magnum/simuate_ws/src/robot/src/project/build/project
[3.432s] -- Install configuration: ""
[3.433s] -- Execute custom install script
[3.433s] -- Up-to-date symlink: /home/magnum/simuate_ws/src/robot/src/project/install/project/lib/project/project
[3.433s] -- Up-to-date symlink: /home/magnum/simuate_ws/src/robot/src/project/install/project/lib/project/move
[3.433s] -- Symlinking: /home/magnum/simuate_ws/src/robot/src/project/install/project/lib/project/sub
[3.437s] -- Up-to-date symlink: /home/magnum/simuate_ws/src/robot/src/project/install/project/share/ament_index/resource_index/package_run_dependencies/project
[3.438s] -- Up-to-date symlink: /home/magnum/simuate_ws/src/robot/src/project/install/project/share/ament_index/resource_index/parent_prefix_path/project
[3.438s] -- Up-to-date symlink: /home/magnum/simuate_ws/src/robot/src/project/install/project/share/project/environment/ament_prefix_path.sh
[3.438s] -- Up-to-date symlink: /home/magnum/simuate_ws/src/robot/src/project/install/project/share/project/environment/ament_prefix_path.dsv
[3.438s] -- Up-to-date symlink: /home/magnum/simuate_ws/src/robot/src/project/install/project/share/project/environment/path.sh
[3.438s] -- Up-to-date symlink: /home/magnum/simuate_ws/src/robot/src/project/install/project/share/project/environment/path.dsv
[3.439s] -- Up-to-date symlink: /home/magnum/simuate_ws/src/robot/src/project/install/project/share/project/local_setup.bash
[3.439s] -- Up-to-date symlink: /home/magnum/simuate_ws/src/robot/src/project/install/project/share/project/local_setup.sh
[3.439s] -- Up-to-date symlink: /home/magnum/simuate_ws/src/robot/src/project/install/project/share/project/local_setup.zsh
[3.439s] -- Up-to-date symlink: /home/magnum/simuate_ws/src/robot/src/project/install/project/share/project/local_setup.dsv
[3.439s] -- Symlinking: /home/magnum/simuate_ws/src/robot/src/project/install/project/share/project/package.dsv
[3.443s] -- Up-to-date symlink: /home/magnum/simuate_ws/src/robot/src/project/install/project/share/ament_index/resource_index/packages/project
[3.443s] -- Up-to-date symlink: /home/magnum/simuate_ws/src/robot/src/project/install/project/share/project/cmake/projectConfig.cmake
[3.443s] -- Up-to-date symlink: /home/magnum/simuate_ws/src/robot/src/project/install/project/share/project/cmake/projectConfig-version.cmake
[3.443s] -- Up-to-date symlink: /home/magnum/simuate_ws/src/robot/src/project/install/project/share/project/package.xml
[3.446s] Invoked command in '/home/magnum/simuate_ws/src/robot/src/project/build/project' returned '0': CMAKE_PREFIX_PATH=${CMAKE_PREFIX_PATH}:/opt/ros/foxy /usr/bin/cmake --install /home/magnum/simuate_ws/src/robot/src/project/build/project
