[0.011s] Invoking command in '/home/magnum/simuate_ws/src/robot/src/project/build/project': CMAKE_PREFIX_PATH=/opt/ros/foxy /usr/bin/cmake /home/magnum/simuate_ws/src/robot/src/project -DCMAKE_INSTALL_PREFIX=/home/magnum/simuate_ws/src/robot/src/project/install/project
[0.053s] -- The C compiler identification is GNU 9.4.0
[0.092s] -- The CXX compiler identification is GNU 9.4.0
[0.098s] -- Detecting C compiler ABI info
[0.139s] -- Detecting C compiler ABI info - done
[0.144s] -- Check for working C compiler: /usr/bin/cc - skipped
[0.144s] -- Detecting C compile features
[0.145s] -- Detecting C compile features - done
[0.147s] -- Detecting CXX compiler ABI info
[0.196s] -- Detecting CXX compiler ABI info - done
[0.203s] -- Check for working CXX compiler: /usr/bin/c++ - skipped
[0.203s] -- Detecting CXX compile features
[0.203s] -- Detecting CXX compile features - done
[0.207s] -- Found ament_cmake: 0.9.11 (/opt/ros/foxy/share/ament_cmake/cmake)
[0.226s] -- Found PythonInterp: /usr/bin/python3 (found suitable version "3.8.10", minimum required is "3") 
[0.226s] -- Using PYTHON_EXECUTABLE: /usr/bin/python3
[0.387s] -- Found rclcpp: 2.4.2 (/opt/ros/foxy/share/rclcpp/cmake)
[0.432s] -- Using all available rosidl_typesupport_c: rosidl_typesupport_fastrtps_c;rosidl_typesupport_introspection_c
[0.440s] -- Found rosidl_adapter: 1.3.0 (/opt/ros/foxy/share/rosidl_adapter/cmake)
[0.527s] -- Found OpenSSL: /usr/lib/x86_64-linux-gnu/libcrypto.so (found version "1.1.1f")  
[0.555s] -- Found FastRTPS: /opt/ros/foxy/include  
[0.619s] -- Using all available rosidl_typesupport_cpp: rosidl_typesupport_fastrtps_cpp;rosidl_typesupport_introspection_cpp
[0.666s] -- Found rmw_implementation_cmake: 1.0.3 (/opt/ros/foxy/share/rmw_implementation_cmake/cmake)
[0.667s] -- Using RMW implementation 'rmw_fastrtps_cpp' as default
[0.669s] -- Performing Test CMAKE_HAVE_LIBC_PTHREAD
[0.715s] -- Performing Test CMAKE_HAVE_LIBC_PTHREAD - Failed
[0.715s] -- Looking for pthread_create in pthreads
[0.747s] -- Looking for pthread_create in pthreads - not found
[0.747s] -- Looking for pthread_create in pthread
[0.797s] -- Looking for pthread_create in pthread - found
[0.798s] -- Found Threads: TRUE  
[0.905s] -- Found geometry_msgs: 2.0.5 (/opt/ros/foxy/share/geometry_msgs/cmake)
[0.926s] [31mCMake Error at CMakeLists.txt:26 (ament_target_dependecies):
[0.926s]   Unknown CMake command "ament_target_dependecies".
[0.926s] 
[0.927s] [0m
[0.927s] -- Configuring incomplete, errors occurred!
[0.927s] See also "/home/magnum/simuate_ws/src/robot/src/project/build/project/CMakeFiles/CMakeOutput.log".
[0.927s] See also "/home/magnum/simuate_ws/src/robot/src/project/build/project/CMakeFiles/CMakeError.log".
[0.932s] Invoked command in '/home/magnum/simuate_ws/src/robot/src/project/build/project' returned '1': CMAKE_PREFIX_PATH=/opt/ros/foxy /usr/bin/cmake /home/magnum/simuate_ws/src/robot/src/project -DCMAKE_INSTALL_PREFIX=/home/magnum/simuate_ws/src/robot/src/project/install/project
