[0.016s] Invoking command in '/home/magnum/simuate_ws/src/robot/src/project/build/project': CMAKE_PREFIX_PATH=${CMAKE_PREFIX_PATH}:/opt/ros/foxy /usr/bin/cmake /home/magnum/simuate_ws/src/robot/src/project -DAMENT_CMAKE_SYMLINK_INSTALL=1 -DCMAKE_INSTALL_PREFIX=/home/magnum/simuate_ws/src/robot/src/project/install/project
[0.023s] -- Found ament_cmake: 0.9.11 (/opt/ros/foxy/share/ament_cmake/cmake)
[0.041s] -- Using PYTHON_EXECUTABLE: /usr/bin/python3
[0.189s] -- Override CMake install command with custom implementation using symlinks instead of copying resources
[0.193s] -- Found rclcpp: 2.4.2 (/opt/ros/foxy/share/rclcpp/cmake)
[0.215s] -- Using all available rosidl_typesupport_c: rosidl_typesupport_fastrtps_c;rosidl_typesupport_introspection_c
[0.216s] -- Found rosidl_adapter: 1.3.0 (/opt/ros/foxy/share/rosidl_adapter/cmake)
[0.312s] -- Using all available rosidl_typesupport_cpp: rosidl_typesupport_fastrtps_cpp;rosidl_typesupport_introspection_cpp
[0.341s] -- Found rmw_implementation_cmake: 1.0.3 (/opt/ros/foxy/share/rmw_implementation_cmake/cmake)
[0.342s] -- Using RMW implementation 'rmw_fastrtps_cpp' as default
[0.424s] -- Found geometry_msgs: 2.0.5 (/opt/ros/foxy/share/geometry_msgs/cmake)
[0.444s] -- Found ament_lint_auto: 0.9.7 (/opt/ros/foxy/share/ament_lint_auto/cmake)
[0.488s] -- Added test 'copyright' to check source files copyright and LICENSE
[0.495s] -- Added test 'cppcheck' to perform static code analysis on C / C++ code
[0.495s] -- Configured cppcheck include dirs: 
[0.496s] -- Configured cppcheck exclude dirs and/or files: 
[0.505s] -- Added test 'cpplint' to check C / C++ code against the Google style
[0.505s] -- Configured cpplint exclude dirs and/or files: 
[0.506s] -- Added test 'flake8' to check Python code syntax and style conventions
[0.508s] -- Added test 'lint_cmake' to check CMake code style
[0.509s] -- Added test 'pep257' to check Python code against some of the style conventions in PEP 257
[0.517s] -- Added test 'uncrustify' to check C / C++ code style
[0.517s] -- Configured uncrustify additional arguments: 
[0.518s] -- Added test 'xmllint' to check XML markup files
[0.519s] -- Configuring done
[0.526s] -- Generating done
[0.527s] -- Build files have been written to: /home/magnum/simuate_ws/src/robot/src/project/build/project
[0.531s] Invoked command in '/home/magnum/simuate_ws/src/robot/src/project/build/project' returned '0': CMAKE_PREFIX_PATH=${CMAKE_PREFIX_PATH}:/opt/ros/foxy /usr/bin/cmake /home/magnum/simuate_ws/src/robot/src/project -DAMENT_CMAKE_SYMLINK_INSTALL=1 -DCMAKE_INSTALL_PREFIX=/home/magnum/simuate_ws/src/robot/src/project/install/project
[0.533s] Invoking command in '/home/magnum/simuate_ws/src/robot/src/project/build/project': CMAKE_PREFIX_PATH=${CMAKE_PREFIX_PATH}:/opt/ros/foxy /usr/bin/cmake --build /home/magnum/simuate_ws/src/robot/src/project/build/project -- -j8 -l8
[0.557s] [ 50%] [32mBuilding CXX object CMakeFiles/project.dir/src/pub.cpp.o[0m
[2.591s] [100%] [32m[1mLinking CXX executable project[0m
[2.696s] [100%] Built target project
[2.706s] Invoked command in '/home/magnum/simuate_ws/src/robot/src/project/build/project' returned '0': CMAKE_PREFIX_PATH=${CMAKE_PREFIX_PATH}:/opt/ros/foxy /usr/bin/cmake --build /home/magnum/simuate_ws/src/robot/src/project/build/project -- -j8 -l8
[2.723s] Invoking command in '/home/magnum/simuate_ws/src/robot/src/project/build/project': CMAKE_PREFIX_PATH=${CMAKE_PREFIX_PATH}:/opt/ros/foxy /usr/bin/cmake --install /home/magnum/simuate_ws/src/robot/src/project/build/project
[2.725s] -- Install configuration: ""
[2.726s] -- Execute custom install script
[2.726s] -- Symlinking: /home/magnum/simuate_ws/src/robot/src/project/install/project/lib/project/project
[2.728s] -- Symlinking: /home/magnum/simuate_ws/src/robot/src/project/install/project/share/ament_index/resource_index/package_run_dependencies/project
[2.731s] -- Symlinking: /home/magnum/simuate_ws/src/robot/src/project/install/project/share/ament_index/resource_index/parent_prefix_path/project
[2.733s] -- Symlinking: /home/magnum/simuate_ws/src/robot/src/project/install/project/share/project/environment/ament_prefix_path.sh
[2.735s] -- Symlinking: /home/magnum/simuate_ws/src/robot/src/project/install/project/share/project/environment/ament_prefix_path.dsv
[2.738s] -- Symlinking: /home/magnum/simuate_ws/src/robot/src/project/install/project/share/project/environment/path.sh
[2.741s] -- Symlinking: /home/magnum/simuate_ws/src/robot/src/project/install/project/share/project/environment/path.dsv
[2.744s] -- Symlinking: /home/magnum/simuate_ws/src/robot/src/project/install/project/share/project/local_setup.bash
[2.746s] -- Symlinking: /home/magnum/simuate_ws/src/robot/src/project/install/project/share/project/local_setup.sh
[2.749s] -- Symlinking: /home/magnum/simuate_ws/src/robot/src/project/install/project/share/project/local_setup.zsh
[2.752s] -- Symlinking: /home/magnum/simuate_ws/src/robot/src/project/install/project/share/project/local_setup.dsv
[2.754s] -- Symlinking: /home/magnum/simuate_ws/src/robot/src/project/install/project/share/project/package.dsv
[2.756s] -- Symlinking: /home/magnum/simuate_ws/src/robot/src/project/install/project/share/ament_index/resource_index/packages/project
[2.759s] -- Symlinking: /home/magnum/simuate_ws/src/robot/src/project/install/project/share/project/cmake/projectConfig.cmake
[2.761s] -- Symlinking: /home/magnum/simuate_ws/src/robot/src/project/install/project/share/project/cmake/projectConfig-version.cmake
[2.764s] -- Symlinking: /home/magnum/simuate_ws/src/robot/src/project/install/project/share/project/package.xml
[2.768s] Invoked command in '/home/magnum/simuate_ws/src/robot/src/project/build/project' returned '0': CMAKE_PREFIX_PATH=${CMAKE_PREFIX_PATH}:/opt/ros/foxy /usr/bin/cmake --install /home/magnum/simuate_ws/src/robot/src/project/build/project
