[0.334s] DEBUG:colcon:Command line arguments: ['/usr/bin/colcon', 'build']
[0.334s] DEBUG:colcon:Parsed command line arguments: Namespace(allow_overriding=[], ament_cmake_args=None, base_paths=['.'], build_base='build', catkin_cmake_args=None, catkin_skip_building_tests=False, cmake_args=None, cmake_clean_cache=False, cmake_clean_first=False, cmake_force_configure=False, cmake_target=None, cmake_target_skip_unavailable=False, continue_on_error=False, event_handlers=None, executor='parallel', ignore_user_meta=False, install_base='install', log_base=None, log_level=None, main=<bound method BuildVerb.main of <colcon_core.verb.build.BuildVerb object at 0x7f6a2837c6a0>>, merge_install=False, metas=['./colcon.meta'], packages_above=None, packages_above_and_dependencies=None, packages_above_depth=None, packages_end=None, packages_ignore=None, packages_ignore_regex=None, packages_select=None, packages_select_build_failed=False, packages_select_by_dep=None, packages_select_regex=None, packages_select_test_failures=False, packages_skip=None, packages_skip_build_finished=False, packages_skip_by_dep=None, packages_skip_regex=None, packages_skip_test_passed=False, packages_skip_up_to=None, packages_start=None, packages_up_to=None, packages_up_to_regex=None, parallel_workers=8, paths=None, symlink_install=False, test_result_base=None, verb_extension=<colcon_core.verb.build.BuildVerb object at 0x7f6a2837c6a0>, verb_name='build', verb_parser=<colcon_defaults.argument_parser.defaults.DefaultArgumentsDecorator object at 0x7f6a2837cbe0>)
[0.465s] Level 1:colcon.colcon_core.package_discovery:discover_packages(colcon_meta) check parameters
[0.481s] Level 1:colcon.colcon_core.package_discovery:discover_packages(recursive) check parameters
[0.482s] Level 1:colcon.colcon_core.package_discovery:discover_packages(ignore) check parameters
[0.482s] Level 1:colcon.colcon_core.package_discovery:discover_packages(path) check parameters
[0.482s] Level 1:colcon.colcon_core.package_discovery:discover_packages(colcon_meta) discover
[0.482s] Level 1:colcon.colcon_core.package_discovery:discover_packages(recursive) discover
[0.482s] INFO:colcon.colcon_core.package_discovery:Crawling recursively for packages in '/home/magnum/ros2_ws/src/robot/Ros-2-simulated-robot./src/drive_to_point'
[0.483s] Level 1:colcon.colcon_core.package_identification:_identify(.) by extensions ['ignore', 'ignore_ament_install']
[0.484s] Level 1:colcon.colcon_core.package_identification:_identify(.) by extension 'ignore'
[0.484s] Level 1:colcon.colcon_core.package_identification:_identify(.) by extension 'ignore_ament_install'
[0.484s] Level 1:colcon.colcon_core.package_identification:_identify(.) by extensions ['colcon_pkg']
[0.484s] Level 1:colcon.colcon_core.package_identification:_identify(.) by extension 'colcon_pkg'
[0.484s] Level 1:colcon.colcon_core.package_identification:_identify(.) by extensions ['colcon_meta']
[0.484s] Level 1:colcon.colcon_core.package_identification:_identify(.) by extension 'colcon_meta'
[0.484s] Level 1:colcon.colcon_core.package_identification:_identify(.) by extensions ['ros']
[0.485s] Level 1:colcon.colcon_core.package_identification:_identify(.) by extension 'ros'
[0.541s] DEBUG:colcon.colcon_core.package_identification:Package '.' with type 'ros.ament_cmake' and name 'drive_to_point'
[0.541s] Level 1:colcon.colcon_core.package_discovery:discover_packages(recursive) using defaults
[0.541s] Level 1:colcon.colcon_core.package_discovery:discover_packages(ignore) discover
[0.541s] Level 1:colcon.colcon_core.package_discovery:discover_packages(ignore) using defaults
[0.541s] Level 1:colcon.colcon_core.package_discovery:discover_packages(path) discover
[0.541s] Level 1:colcon.colcon_core.package_discovery:discover_packages(path) using defaults
[0.614s] Level 1:colcon.colcon_core.package_discovery:discover_packages(prefix_path) check parameters
[0.615s] Level 1:colcon.colcon_core.package_discovery:discover_packages(prefix_path) discover
[0.623s] DEBUG:colcon.colcon_installed_package_information.package_discovery:Found 397 installed packages in /opt/ros/foxy
[0.627s] Level 1:colcon.colcon_core.package_discovery:discover_packages(prefix_path) using defaults
[0.926s] Level 5:colcon.colcon_core.verb:set package 'drive_to_point' build argument 'cmake_args' from command line to 'None'
[0.926s] Level 5:colcon.colcon_core.verb:set package 'drive_to_point' build argument 'cmake_target' from command line to 'None'
[0.926s] Level 5:colcon.colcon_core.verb:set package 'drive_to_point' build argument 'cmake_target_skip_unavailable' from command line to 'False'
[0.926s] Level 5:colcon.colcon_core.verb:set package 'drive_to_point' build argument 'cmake_clean_cache' from command line to 'False'
[0.927s] Level 5:colcon.colcon_core.verb:set package 'drive_to_point' build argument 'cmake_clean_first' from command line to 'False'
[0.927s] Level 5:colcon.colcon_core.verb:set package 'drive_to_point' build argument 'cmake_force_configure' from command line to 'False'
[0.927s] Level 5:colcon.colcon_core.verb:set package 'drive_to_point' build argument 'ament_cmake_args' from command line to 'None'
[0.927s] Level 5:colcon.colcon_core.verb:set package 'drive_to_point' build argument 'catkin_cmake_args' from command line to 'None'
[0.927s] Level 5:colcon.colcon_core.verb:set package 'drive_to_point' build argument 'catkin_skip_building_tests' from command line to 'False'
[0.927s] DEBUG:colcon.colcon_core.verb:Building package 'drive_to_point' with the following arguments: {'ament_cmake_args': None, 'build_base': '/home/magnum/ros2_ws/src/robot/Ros-2-simulated-robot./src/drive_to_point/build/drive_to_point', 'catkin_cmake_args': None, 'catkin_skip_building_tests': False, 'cmake_args': None, 'cmake_clean_cache': False, 'cmake_clean_first': False, 'cmake_force_configure': False, 'cmake_target': None, 'cmake_target_skip_unavailable': False, 'install_base': '/home/magnum/ros2_ws/src/robot/Ros-2-simulated-robot./src/drive_to_point/install/drive_to_point', 'merge_install': False, 'path': '/home/magnum/ros2_ws/src/robot/Ros-2-simulated-robot./src/drive_to_point', 'symlink_install': False, 'test_result_base': None}
[0.929s] INFO:colcon.colcon_core.executor:Executing jobs using 'parallel' executor
[0.937s] DEBUG:colcon.colcon_parallel_executor.executor.parallel:run_until_complete
[0.938s] INFO:colcon.colcon_ros.task.ament_cmake.build:Building ROS package in '/home/magnum/ros2_ws/src/robot/Ros-2-simulated-robot./src/drive_to_point' with build type 'ament_cmake'
[0.938s] INFO:colcon.colcon_cmake.task.cmake.build:Building CMake package in '/home/magnum/ros2_ws/src/robot/Ros-2-simulated-robot./src/drive_to_point'
[0.947s] INFO:colcon.colcon_core.plugin_system:Skipping extension 'colcon_core.shell.bat': Not used on non-Windows systems
[0.948s] INFO:colcon.colcon_core.shell:Skip shell extension 'powershell' for command environment: Not usable outside of PowerShell
[0.948s] DEBUG:colcon.colcon_core.shell:Skip shell extension 'dsv' for command environment
[1.008s] DEBUG:colcon.colcon_core.event_handler.log_command:Invoking command in '/home/magnum/ros2_ws/src/robot/Ros-2-simulated-robot./src/drive_to_point/build/drive_to_point': CMAKE_PREFIX_PATH=/opt/ros/foxy /usr/bin/cmake --build /home/magnum/ros2_ws/src/robot/Ros-2-simulated-robot./src/drive_to_point/build/drive_to_point -- -j8 -l8
[9.830s] DEBUG:colcon.colcon_core.event_handler.log_command:Invoked command in '/home/magnum/ros2_ws/src/robot/Ros-2-simulated-robot./src/drive_to_point/build/drive_to_point' returned '0': CMAKE_PREFIX_PATH=/opt/ros/foxy /usr/bin/cmake --build /home/magnum/ros2_ws/src/robot/Ros-2-simulated-robot./src/drive_to_point/build/drive_to_point -- -j8 -l8
[10.147s] DEBUG:colcon.colcon_core.event_handler.log_command:Invoking command in '/home/magnum/ros2_ws/src/robot/Ros-2-simulated-robot./src/drive_to_point/build/drive_to_point': CMAKE_PREFIX_PATH=/opt/ros/foxy /usr/bin/cmake --install /home/magnum/ros2_ws/src/robot/Ros-2-simulated-robot./src/drive_to_point/build/drive_to_point
[10.186s] Level 1:colcon.colcon_core.environment:create_environment_scripts_only(drive_to_point)
[10.191s] DEBUG:colcon.colcon_core.event_handler.log_command:Invoked command in '/home/magnum/ros2_ws/src/robot/Ros-2-simulated-robot./src/drive_to_point/build/drive_to_point' returned '0': CMAKE_PREFIX_PATH=/opt/ros/foxy /usr/bin/cmake --install /home/magnum/ros2_ws/src/robot/Ros-2-simulated-robot./src/drive_to_point/build/drive_to_point
[10.196s] Level 1:colcon.colcon_core.environment:checking '/home/magnum/ros2_ws/src/robot/Ros-2-simulated-robot./src/drive_to_point/install/drive_to_point' for CMake module files
[10.197s] Level 1:colcon.colcon_core.environment:checking '/home/magnum/ros2_ws/src/robot/Ros-2-simulated-robot./src/drive_to_point/install/drive_to_point' for CMake config files
[10.198s] Level 1:colcon.colcon_core.shell:create_environment_hook('drive_to_point', 'cmake_prefix_path')
[10.215s] INFO:colcon.colcon_core.shell:Creating environment hook '/home/magnum/ros2_ws/src/robot/Ros-2-simulated-robot./src/drive_to_point/install/drive_to_point/share/drive_to_point/hook/cmake_prefix_path.ps1'
[10.241s] INFO:colcon.colcon_core.shell:Creating environment descriptor '/home/magnum/ros2_ws/src/robot/Ros-2-simulated-robot./src/drive_to_point/install/drive_to_point/share/drive_to_point/hook/cmake_prefix_path.dsv'
[10.242s] INFO:colcon.colcon_core.shell:Creating environment hook '/home/magnum/ros2_ws/src/robot/Ros-2-simulated-robot./src/drive_to_point/install/drive_to_point/share/drive_to_point/hook/cmake_prefix_path.sh'
[10.244s] Level 1:colcon.colcon_core.environment:checking '/home/magnum/ros2_ws/src/robot/Ros-2-simulated-robot./src/drive_to_point/install/drive_to_point/lib'
[10.244s] Level 1:colcon.colcon_core.environment:checking '/home/magnum/ros2_ws/src/robot/Ros-2-simulated-robot./src/drive_to_point/install/drive_to_point/bin'
[10.244s] Level 1:colcon.colcon_core.environment:checking '/home/magnum/ros2_ws/src/robot/Ros-2-simulated-robot./src/drive_to_point/install/drive_to_point/lib/pkgconfig/drive_to_point.pc'
[10.245s] Level 1:colcon.colcon_core.environment:checking '/home/magnum/ros2_ws/src/robot/Ros-2-simulated-robot./src/drive_to_point/install/drive_to_point/lib/python3.8/site-packages'
[10.245s] Level 1:colcon.colcon_core.environment:checking '/home/magnum/ros2_ws/src/robot/Ros-2-simulated-robot./src/drive_to_point/install/drive_to_point/bin'
[10.249s] INFO:colcon.colcon_core.shell:Creating package script '/home/magnum/ros2_ws/src/robot/Ros-2-simulated-robot./src/drive_to_point/install/drive_to_point/share/drive_to_point/package.ps1'
[10.268s] INFO:colcon.colcon_core.shell:Creating package descriptor '/home/magnum/ros2_ws/src/robot/Ros-2-simulated-robot./src/drive_to_point/install/drive_to_point/share/drive_to_point/package.dsv'
[10.269s] INFO:colcon.colcon_core.shell:Creating package script '/home/magnum/ros2_ws/src/robot/Ros-2-simulated-robot./src/drive_to_point/install/drive_to_point/share/drive_to_point/package.sh'
[10.271s] INFO:colcon.colcon_core.shell:Creating package script '/home/magnum/ros2_ws/src/robot/Ros-2-simulated-robot./src/drive_to_point/install/drive_to_point/share/drive_to_point/package.bash'
[10.272s] INFO:colcon.colcon_core.shell:Creating package script '/home/magnum/ros2_ws/src/robot/Ros-2-simulated-robot./src/drive_to_point/install/drive_to_point/share/drive_to_point/package.zsh'
[10.273s] Level 1:colcon.colcon_core.environment:create_file_with_runtime_dependencies(/home/magnum/ros2_ws/src/robot/Ros-2-simulated-robot./src/drive_to_point/install/drive_to_point/share/colcon-core/packages/drive_to_point)
[10.346s] Level 1:colcon.colcon_core.environment:create_environment_scripts_only(drive_to_point)
[10.365s] Level 1:colcon.colcon_core.environment:checking '/home/magnum/ros2_ws/src/robot/Ros-2-simulated-robot./src/drive_to_point/install/drive_to_point' for CMake module files
[10.366s] Level 1:colcon.colcon_core.environment:checking '/home/magnum/ros2_ws/src/robot/Ros-2-simulated-robot./src/drive_to_point/install/drive_to_point' for CMake config files
[10.366s] Level 1:colcon.colcon_core.shell:create_environment_hook('drive_to_point', 'cmake_prefix_path')
[10.369s] INFO:colcon.colcon_core.shell:Creating environment hook '/home/magnum/ros2_ws/src/robot/Ros-2-simulated-robot./src/drive_to_point/install/drive_to_point/share/drive_to_point/hook/cmake_prefix_path.ps1'
[10.370s] INFO:colcon.colcon_core.shell:Creating environment descriptor '/home/magnum/ros2_ws/src/robot/Ros-2-simulated-robot./src/drive_to_point/install/drive_to_point/share/drive_to_point/hook/cmake_prefix_path.dsv'
[10.371s] INFO:colcon.colcon_core.shell:Creating environment hook '/home/magnum/ros2_ws/src/robot/Ros-2-simulated-robot./src/drive_to_point/install/drive_to_point/share/drive_to_point/hook/cmake_prefix_path.sh'
[10.375s] Level 1:colcon.colcon_core.environment:checking '/home/magnum/ros2_ws/src/robot/Ros-2-simulated-robot./src/drive_to_point/install/drive_to_point/lib'
[10.375s] Level 1:colcon.colcon_core.environment:checking '/home/magnum/ros2_ws/src/robot/Ros-2-simulated-robot./src/drive_to_point/install/drive_to_point/bin'
[10.375s] Level 1:colcon.colcon_core.environment:checking '/home/magnum/ros2_ws/src/robot/Ros-2-simulated-robot./src/drive_to_point/install/drive_to_point/lib/pkgconfig/drive_to_point.pc'
[10.376s] Level 1:colcon.colcon_core.environment:checking '/home/magnum/ros2_ws/src/robot/Ros-2-simulated-robot./src/drive_to_point/install/drive_to_point/lib/python3.8/site-packages'
[10.376s] Level 1:colcon.colcon_core.environment:checking '/home/magnum/ros2_ws/src/robot/Ros-2-simulated-robot./src/drive_to_point/install/drive_to_point/bin'
[10.383s] INFO:colcon.colcon_core.shell:Creating package script '/home/magnum/ros2_ws/src/robot/Ros-2-simulated-robot./src/drive_to_point/install/drive_to_point/share/drive_to_point/package.ps1'
[10.384s] INFO:colcon.colcon_core.shell:Creating package descriptor '/home/magnum/ros2_ws/src/robot/Ros-2-simulated-robot./src/drive_to_point/install/drive_to_point/share/drive_to_point/package.dsv'
[10.385s] INFO:colcon.colcon_core.shell:Creating package script '/home/magnum/ros2_ws/src/robot/Ros-2-simulated-robot./src/drive_to_point/install/drive_to_point/share/drive_to_point/package.sh'
[10.385s] INFO:colcon.colcon_core.shell:Creating package script '/home/magnum/ros2_ws/src/robot/Ros-2-simulated-robot./src/drive_to_point/install/drive_to_point/share/drive_to_point/package.bash'
[10.386s] INFO:colcon.colcon_core.shell:Creating package script '/home/magnum/ros2_ws/src/robot/Ros-2-simulated-robot./src/drive_to_point/install/drive_to_point/share/drive_to_point/package.zsh'
[10.387s] Level 1:colcon.colcon_core.environment:create_file_with_runtime_dependencies(/home/magnum/ros2_ws/src/robot/Ros-2-simulated-robot./src/drive_to_point/install/drive_to_point/share/colcon-core/packages/drive_to_point)
[10.388s] DEBUG:colcon.colcon_parallel_executor.executor.parallel:closing loop
[10.389s] DEBUG:colcon.colcon_parallel_executor.executor.parallel:loop closed
[10.389s] DEBUG:colcon.colcon_parallel_executor.executor.parallel:run_until_complete finished with '0'
[10.389s] DEBUG:colcon.colcon_core.event_reactor:joining thread
[10.413s] INFO:colcon.colcon_core.plugin_system:Skipping extension 'colcon_notification.desktop_notification.terminal_notifier': Not used on non-Darwin systems
[10.414s] INFO:colcon.colcon_core.plugin_system:Skipping extension 'colcon_notification.desktop_notification.win32': Not used on non-Windows systems
[10.414s] INFO:colcon.colcon_notification.desktop_notification:Sending desktop notification using 'notify2'
[10.491s] DEBUG:colcon.colcon_core.event_reactor:joined thread
[10.494s] INFO:colcon.colcon_core.shell:Creating prefix script '/home/magnum/ros2_ws/src/robot/Ros-2-simulated-robot./src/drive_to_point/install/local_setup.ps1'
[10.496s] INFO:colcon.colcon_core.shell:Creating prefix util module '/home/magnum/ros2_ws/src/robot/Ros-2-simulated-robot./src/drive_to_point/install/_local_setup_util_ps1.py'
[10.498s] INFO:colcon.colcon_core.shell:Creating prefix chain script '/home/magnum/ros2_ws/src/robot/Ros-2-simulated-robot./src/drive_to_point/install/setup.ps1'
[10.501s] INFO:colcon.colcon_core.shell:Creating prefix script '/home/magnum/ros2_ws/src/robot/Ros-2-simulated-robot./src/drive_to_point/install/local_setup.sh'
[10.502s] INFO:colcon.colcon_core.shell:Creating prefix util module '/home/magnum/ros2_ws/src/robot/Ros-2-simulated-robot./src/drive_to_point/install/_local_setup_util_sh.py'
[10.502s] INFO:colcon.colcon_core.shell:Creating prefix chain script '/home/magnum/ros2_ws/src/robot/Ros-2-simulated-robot./src/drive_to_point/install/setup.sh'
[10.511s] INFO:colcon.colcon_core.shell:Creating prefix script '/home/magnum/ros2_ws/src/robot/Ros-2-simulated-robot./src/drive_to_point/install/local_setup.bash'
[10.511s] INFO:colcon.colcon_core.shell:Creating prefix chain script '/home/magnum/ros2_ws/src/robot/Ros-2-simulated-robot./src/drive_to_point/install/setup.bash'
[10.514s] INFO:colcon.colcon_core.shell:Creating prefix script '/home/magnum/ros2_ws/src/robot/Ros-2-simulated-robot./src/drive_to_point/install/local_setup.zsh'
[10.518s] INFO:colcon.colcon_core.shell:Creating prefix chain script '/home/magnum/ros2_ws/src/robot/Ros-2-simulated-robot./src/drive_to_point/install/setup.zsh'
