-- Found ament_cmake: 0.9.11 (/opt/ros/foxy/share/ament_cmake/cmake)
-- Using PYTHON_EXECUTABLE: /usr/bin/python3
-- Override CMake install command with custom implementation using symlinks instead of copying resources
-- Found rclcpp: 2.4.2 (/opt/ros/foxy/share/rclcpp/cmake)
-- Using all available rosidl_typesupport_c: rosidl_typesupport_fastrtps_c;rosidl_typesupport_introspection_c
-- Found rosidl_adapter: 1.3.0 (/opt/ros/foxy/share/rosidl_adapter/cmake)
-- Using all available rosidl_typesupport_cpp: rosidl_typesupport_fastrtps_cpp;rosidl_typesupport_introspection_cpp
-- Found rmw_implementation_cmake: 1.0.3 (/opt/ros/foxy/share/rmw_implementation_cmake/cmake)
-- Using RMW implementation 'rmw_fastrtps_cpp' as default
-- Found geometry_msgs: 2.0.5 (/opt/ros/foxy/share/geometry_msgs/cmake)
[31mCMake Error at CMakeLists.txt:26 (add_executable):
  add_executable cannot create target "project" because another target with
  the same name already exists.  The existing target is an executable created
  in source directory "/home/magnum/simuate_ws/src/robot/src/project".  See
  documentation for policy CMP0002 for more details.

[0m
[31mCMake Error at /opt/ros/foxy/share/ament_cmake_target_dependencies/cmake/ament_target_dependencies.cmake:42 (message):
  ament_target_dependencies() the first argument must be a valid target name
Call Stack (most recent call first):
  CMakeLists.txt:30 (ament_target_dependencies)

[0m
-- Configuring incomplete, errors occurred!
See also "/home/magnum/simuate_ws/src/robot/src/project/build/project/CMakeFiles/CMakeOutput.log".
See also "/home/magnum/simuate_ws/src/robot/src/project/build/project/CMakeFiles/CMakeError.log".
make: *** [Makefile:308: cmake_check_build_system] Error 1
