[0.746s] Invoking command in '/home/magnum/simuate_ws/src/robot/src/drive_robot': PYTHONPATH=/home/magnum/simuate_ws/src/robot/src/build/drive_robot/prefix_override:/home/magnum/simuate_ws/src/robot/src/install/drive_robot/lib/python3.8/site-packages:${PYTHONPATH} /usr/bin/python3 setup.py egg_info --egg-base ../build/drive_robot build --build-base /home/magnum/simuate_ws/src/robot/src/build/drive_robot/build install --record /home/magnum/simuate_ws/src/robot/src/build/drive_robot/install.log --install-scripts $base/lib/drive_robot --single-version-externally-managed
[0.909s] running egg_info
[0.910s] writing ../build/drive_robot/drive_robot.egg-info/PKG-INFO
[0.915s] writing dependency_links to ../build/drive_robot/drive_robot.egg-info/dependency_links.txt
[0.915s] writing entry points to ../build/drive_robot/drive_robot.egg-info/entry_points.txt
[0.915s] writing requirements to ../build/drive_robot/drive_robot.egg-info/requires.txt
[0.915s] writing top-level names to ../build/drive_robot/drive_robot.egg-info/top_level.txt
[0.940s] reading manifest file '../build/drive_robot/drive_robot.egg-info/SOURCES.txt'
[0.941s] writing manifest file '../build/drive_robot/drive_robot.egg-info/SOURCES.txt'
[0.941s] running build
[0.941s] running build_py
[0.942s] running install
[0.942s] running install_lib
[0.944s] running install_data
[0.945s] running install_egg_info
[0.946s] removing '/home/magnum/simuate_ws/src/robot/src/install/drive_robot/lib/python3.8/site-packages/drive_robot-0.0.0-py3.8.egg-info' (and everything under it)
[0.946s] Copying ../build/drive_robot/drive_robot.egg-info to /home/magnum/simuate_ws/src/robot/src/install/drive_robot/lib/python3.8/site-packages/drive_robot-0.0.0-py3.8.egg-info
[0.947s] running install_scripts
[0.959s] Installing velocity_drive script to /home/magnum/simuate_ws/src/robot/src/install/drive_robot/lib/drive_robot
[0.959s] writing list of installed files to '/home/magnum/simuate_ws/src/robot/src/build/drive_robot/install.log'
[0.980s] Invoked command in '/home/magnum/simuate_ws/src/robot/src/drive_robot' returned '0': PYTHONPATH=/home/magnum/simuate_ws/src/robot/src/build/drive_robot/prefix_override:/home/magnum/simuate_ws/src/robot/src/install/drive_robot/lib/python3.8/site-packages:${PYTHONPATH} /usr/bin/python3 setup.py egg_info --egg-base ../build/drive_robot build --build-base /home/magnum/simuate_ws/src/robot/src/build/drive_robot/build install --record /home/magnum/simuate_ws/src/robot/src/build/drive_robot/install.log --install-scripts $base/lib/drive_robot --single-version-externally-managed
