[0.014s] Invoking command in '/home/magnum/ros2_ws/src/robot/Ros-2-simulated-robot./src/drive_to_point/build/drive_to_point': CMAKE_PREFIX_PATH=/opt/ros/foxy /usr/bin/cmake --build /home/magnum/ros2_ws/src/robot/Ros-2-simulated-robot./src/drive_to_point/build/drive_to_point -- -j8 -l8
[0.037s] [ 25%] [32mBuilding CXX object CMakeFiles/amclpose.dir/src/amcl_pose.cpp.o[0m
[0.039s] [ 75%] Built target drive_to_point
[2.080s] [100%] [32m[1mLinking CXX executable amclpose[0m
[2.185s] [100%] Built target amclpose
[2.194s] Invoked command in '/home/magnum/ros2_ws/src/robot/Ros-2-simulated-robot./src/drive_to_point/build/drive_to_point' returned '0': CMAKE_PREFIX_PATH=/opt/ros/foxy /usr/bin/cmake --build /home/magnum/ros2_ws/src/robot/Ros-2-simulated-robot./src/drive_to_point/build/drive_to_point -- -j8 -l8
[2.213s] Invoking command in '/home/magnum/ros2_ws/src/robot/Ros-2-simulated-robot./src/drive_to_point/build/drive_to_point': CMAKE_PREFIX_PATH=/opt/ros/foxy /usr/bin/cmake --install /home/magnum/ros2_ws/src/robot/Ros-2-simulated-robot./src/drive_to_point/build/drive_to_point
[2.215s] -- Install configuration: ""
[2.216s] -- Installing: /home/magnum/ros2_ws/src/robot/Ros-2-simulated-robot./src/drive_to_point/install/drive_to_point/lib/drive_to_point/drive_to_point
[2.217s] -- Set runtime path of "/home/magnum/ros2_ws/src/robot/Ros-2-simulated-robot./src/drive_to_point/install/drive_to_point/lib/drive_to_point/drive_to_point" to ""
[2.217s] -- Installing: /home/magnum/ros2_ws/src/robot/Ros-2-simulated-robot./src/drive_to_point/install/drive_to_point/lib/drive_to_point/amclpose
[2.218s] -- Set runtime path of "/home/magnum/ros2_ws/src/robot/Ros-2-simulated-robot./src/drive_to_point/install/drive_to_point/lib/drive_to_point/amclpose" to ""
[2.218s] -- Up-to-date: /home/magnum/ros2_ws/src/robot/Ros-2-simulated-robot./src/drive_to_point/install/drive_to_point/share/ament_index/resource_index/package_run_dependencies/drive_to_point
[2.218s] -- Installing: /home/magnum/ros2_ws/src/robot/Ros-2-simulated-robot./src/drive_to_point/install/drive_to_point/share/ament_index/resource_index/parent_prefix_path/drive_to_point
[2.218s] -- Up-to-date: /home/magnum/ros2_ws/src/robot/Ros-2-simulated-robot./src/drive_to_point/install/drive_to_point/share/drive_to_point/environment/ament_prefix_path.sh
[2.218s] -- Installing: /home/magnum/ros2_ws/src/robot/Ros-2-simulated-robot./src/drive_to_point/install/drive_to_point/share/drive_to_point/environment/ament_prefix_path.dsv
[2.218s] -- Up-to-date: /home/magnum/ros2_ws/src/robot/Ros-2-simulated-robot./src/drive_to_point/install/drive_to_point/share/drive_to_point/environment/path.sh
[2.219s] -- Installing: /home/magnum/ros2_ws/src/robot/Ros-2-simulated-robot./src/drive_to_point/install/drive_to_point/share/drive_to_point/environment/path.dsv
[2.219s] -- Up-to-date: /home/magnum/ros2_ws/src/robot/Ros-2-simulated-robot./src/drive_to_point/install/drive_to_point/share/drive_to_point/local_setup.bash
[2.219s] -- Up-to-date: /home/magnum/ros2_ws/src/robot/Ros-2-simulated-robot./src/drive_to_point/install/drive_to_point/share/drive_to_point/local_setup.sh
[2.219s] -- Up-to-date: /home/magnum/ros2_ws/src/robot/Ros-2-simulated-robot./src/drive_to_point/install/drive_to_point/share/drive_to_point/local_setup.zsh
[2.219s] -- Installing: /home/magnum/ros2_ws/src/robot/Ros-2-simulated-robot./src/drive_to_point/install/drive_to_point/share/drive_to_point/local_setup.dsv
[2.219s] -- Installing: /home/magnum/ros2_ws/src/robot/Ros-2-simulated-robot./src/drive_to_point/install/drive_to_point/share/drive_to_point/package.dsv
[2.219s] -- Up-to-date: /home/magnum/ros2_ws/src/robot/Ros-2-simulated-robot./src/drive_to_point/install/drive_to_point/share/ament_index/resource_index/packages/drive_to_point
[2.219s] -- Up-to-date: /home/magnum/ros2_ws/src/robot/Ros-2-simulated-robot./src/drive_to_point/install/drive_to_point/share/drive_to_point/cmake/drive_to_pointConfig.cmake
[2.219s] -- Up-to-date: /home/magnum/ros2_ws/src/robot/Ros-2-simulated-robot./src/drive_to_point/install/drive_to_point/share/drive_to_point/cmake/drive_to_pointConfig-version.cmake
[2.219s] -- Up-to-date: /home/magnum/ros2_ws/src/robot/Ros-2-simulated-robot./src/drive_to_point/install/drive_to_point/share/drive_to_point/package.xml
[2.220s] Invoked command in '/home/magnum/ros2_ws/src/robot/Ros-2-simulated-robot./src/drive_to_point/build/drive_to_point' returned '0': CMAKE_PREFIX_PATH=/opt/ros/foxy /usr/bin/cmake --install /home/magnum/ros2_ws/src/robot/Ros-2-simulated-robot./src/drive_to_point/build/drive_to_point
