[0.014s] Invoking command in '/home/magnum/simuate_ws/src/robot/src/visual_marker/build/visual_marker': CMAKE_PREFIX_PATH=/opt/ros/foxy /usr/bin/cmake --build /home/magnum/simuate_ws/src/robot/src/visual_marker/build/visual_marker -- -j8 -l8
[0.027s] -- Found ament_cmake: 0.9.11 (/opt/ros/foxy/share/ament_cmake/cmake)
[0.048s] -- Using PYTHON_EXECUTABLE: /usr/bin/python3
[0.207s] -- Found rclcpp: 2.4.2 (/opt/ros/foxy/share/rclcpp/cmake)
[0.230s] -- Using all available rosidl_typesupport_c: rosidl_typesupport_fastrtps_c;rosidl_typesupport_introspection_c
[0.232s] -- Found rosidl_adapter: 1.3.0 (/opt/ros/foxy/share/rosidl_adapter/cmake)
[0.327s] -- Using all available rosidl_typesupport_cpp: rosidl_typesupport_fastrtps_cpp;rosidl_typesupport_introspection_cpp
[0.357s] -- Found rmw_implementation_cmake: 1.0.3 (/opt/ros/foxy/share/rmw_implementation_cmake/cmake)
[0.357s] -- Using RMW implementation 'rmw_fastrtps_cpp' as default
[0.438s] -- Found sensor_msgs: 2.0.5 (/opt/ros/foxy/share/sensor_msgs/cmake)
[0.505s] -- Found visualization_msgs: 2.0.5 (/opt/ros/foxy/share/visualization_msgs/cmake)
[0.561s] -- Found ament_lint_auto: 0.9.7 (/opt/ros/foxy/share/ament_lint_auto/cmake)
[0.607s] -- Added test 'copyright' to check source files copyright and LICENSE
[0.613s] -- Added test 'cppcheck' to perform static code analysis on C / C++ code
[0.613s] -- Configured cppcheck include dirs: 
[0.613s] -- Configured cppcheck exclude dirs and/or files: 
[0.618s] -- Added test 'cpplint' to check C / C++ code against the Google style
[0.618s] -- Configured cpplint exclude dirs and/or files: 
[0.619s] -- Added test 'flake8' to check Python code syntax and style conventions
[0.621s] -- Added test 'lint_cmake' to check CMake code style
[0.622s] -- Added test 'pep257' to check Python code against some of the style conventions in PEP 257
[0.627s] -- Added test 'uncrustify' to check C / C++ code style
[0.627s] -- Configured uncrustify additional arguments: 
[0.628s] -- Added test 'xmllint' to check XML markup files
[0.629s] -- Configuring done
[0.637s] -- Generating done
[0.638s] -- Build files have been written to: /home/magnum/simuate_ws/src/robot/src/visual_marker/build/visual_marker
[0.655s] [ 50%] [32mBuilding CXX object CMakeFiles/visual.dir/src/visual.cpp.o[0m
[0.680s] [01m[K/home/magnum/simuate_ws/src/robot/src/visual_marker/src/visual.cpp:2:10:[m[K [01;31m[Kfatal error: [m[KUtility.h: No such file or directory
[0.680s]     2 | #include [01;31m[K"Utility.h"[m[K
[0.680s]       |          [01;31m[K^~~~~~~~~~~[m[K
[0.680s] compilation terminated.
[0.681s] make[2]: *** [CMakeFiles/visual.dir/build.make:76: CMakeFiles/visual.dir/src/visual.cpp.o] Error 1
[0.681s] make[1]: *** [CMakeFiles/Makefile2:137: CMakeFiles/visual.dir/all] Error 2
[0.681s] make: *** [Makefile:146: all] Error 2
[0.683s] Invoked command in '/home/magnum/simuate_ws/src/robot/src/visual_marker/build/visual_marker' returned '2': CMAKE_PREFIX_PATH=/opt/ros/foxy /usr/bin/cmake --build /home/magnum/simuate_ws/src/robot/src/visual_marker/build/visual_marker -- -j8 -l8
