[0.011s] Invoking command in '/home/magnum/simuate_ws/src/robot/src/propotional_bump_go/build/propotional_bump_go': CMAKE_PREFIX_PATH=${CMAKE_PREFIX_PATH}:/opt/ros/foxy /usr/bin/cmake /home/magnum/simuate_ws/src/robot/src/propotional_bump_go -DCMAKE_INSTALL_PREFIX=/home/magnum/simuate_ws/src/robot/src/propotional_bump_go/install/propotional_bump_go
[0.092s] -- The C compiler identification is GNU 9.4.0
[0.174s] -- The CXX compiler identification is GNU 9.4.0
[0.185s] -- Detecting C compiler ABI info
[0.236s] -- Detecting C compiler ABI info - done
[0.242s] -- Check for working C compiler: /usr/bin/cc - skipped
[0.242s] -- Detecting C compile features
[0.242s] -- Detecting C compile features - done
[0.245s] -- Detecting CXX compiler ABI info
[0.288s] -- Detecting CXX compiler ABI info - done
[0.295s] -- Check for working CXX compiler: /usr/bin/c++ - skipped
[0.295s] -- Detecting CXX compile features
[0.295s] -- Detecting CXX compile features - done
[0.298s] -- Found ament_cmake: 0.9.11 (/opt/ros/foxy/share/ament_cmake/cmake)
[0.320s] -- Found PythonInterp: /usr/bin/python3 (found suitable version "3.8.10", minimum required is "3") 
[0.320s] -- Using PYTHON_EXECUTABLE: /usr/bin/python3
[0.505s] -- Found rclcpp: 2.4.2 (/opt/ros/foxy/share/rclcpp/cmake)
[0.550s] -- Using all available rosidl_typesupport_c: rosidl_typesupport_fastrtps_c;rosidl_typesupport_introspection_c
[0.558s] -- Found rosidl_adapter: 1.3.0 (/opt/ros/foxy/share/rosidl_adapter/cmake)
[0.641s] -- Found OpenSSL: /usr/lib/x86_64-linux-gnu/libcrypto.so (found version "1.1.1f")  
[0.668s] -- Found FastRTPS: /opt/ros/foxy/include  
[0.730s] -- Using all available rosidl_typesupport_cpp: rosidl_typesupport_fastrtps_cpp;rosidl_typesupport_introspection_cpp
[0.780s] -- Found rmw_implementation_cmake: 1.0.3 (/opt/ros/foxy/share/rmw_implementation_cmake/cmake)
[0.781s] -- Using RMW implementation 'rmw_fastrtps_cpp' as default
[0.783s] -- Performing Test CMAKE_HAVE_LIBC_PTHREAD
[0.824s] -- Performing Test CMAKE_HAVE_LIBC_PTHREAD - Failed
[0.824s] -- Looking for pthread_create in pthreads
[0.865s] -- Looking for pthread_create in pthreads - not found
[0.866s] -- Looking for pthread_create in pthread
[0.923s] -- Looking for pthread_create in pthread - found
[0.924s] -- Found Threads: TRUE  
[1.030s] -- Found ament_lint_auto: 0.9.7 (/opt/ros/foxy/share/ament_lint_auto/cmake)
[1.090s] -- Added test 'copyright' to check source files copyright and LICENSE
[1.093s] -- Added test 'cppcheck' to perform static code analysis on C / C++ code
[1.093s] -- Configured cppcheck include dirs: 
[1.093s] -- Configured cppcheck exclude dirs and/or files: 
[1.095s] -- Added test 'cpplint' to check C / C++ code against the Google style
[1.095s] -- Configured cpplint exclude dirs and/or files: 
[1.096s] -- Added test 'lint_cmake' to check CMake code style
[1.099s] -- Added test 'uncrustify' to check C / C++ code style
[1.099s] -- Configured uncrustify additional arguments: 
[1.100s] -- Added test 'xmllint' to check XML markup files
[1.101s] -- Configuring done
[1.103s] -- Generating done
[1.105s] -- Build files have been written to: /home/magnum/simuate_ws/src/robot/src/propotional_bump_go/build/propotional_bump_go
[1.110s] Invoked command in '/home/magnum/simuate_ws/src/robot/src/propotional_bump_go/build/propotional_bump_go' returned '0': CMAKE_PREFIX_PATH=${CMAKE_PREFIX_PATH}:/opt/ros/foxy /usr/bin/cmake /home/magnum/simuate_ws/src/robot/src/propotional_bump_go -DCMAKE_INSTALL_PREFIX=/home/magnum/simuate_ws/src/robot/src/propotional_bump_go/install/propotional_bump_go
[1.111s] Invoking command in '/home/magnum/simuate_ws/src/robot/src/propotional_bump_go/build/propotional_bump_go': CMAKE_PREFIX_PATH=${CMAKE_PREFIX_PATH}:/opt/ros/foxy /usr/bin/cmake --build /home/magnum/simuate_ws/src/robot/src/propotional_bump_go/build/propotional_bump_go -- -j8 -l8
[1.125s] Invoked command in '/home/magnum/simuate_ws/src/robot/src/propotional_bump_go/build/propotional_bump_go' returned '0': CMAKE_PREFIX_PATH=${CMAKE_PREFIX_PATH}:/opt/ros/foxy /usr/bin/cmake --build /home/magnum/simuate_ws/src/robot/src/propotional_bump_go/build/propotional_bump_go -- -j8 -l8
[1.142s] Invoking command in '/home/magnum/simuate_ws/src/robot/src/propotional_bump_go/build/propotional_bump_go': CMAKE_PREFIX_PATH=${CMAKE_PREFIX_PATH}:/opt/ros/foxy /usr/bin/cmake --install /home/magnum/simuate_ws/src/robot/src/propotional_bump_go/build/propotional_bump_go
[1.145s] -- Install configuration: ""
[1.145s] -- Installing: /home/magnum/simuate_ws/src/robot/src/propotional_bump_go/install/propotional_bump_go/share/ament_index/resource_index/package_run_dependencies/propotional_bump_go
[1.145s] -- Installing: /home/magnum/simuate_ws/src/robot/src/propotional_bump_go/install/propotional_bump_go/share/ament_index/resource_index/parent_prefix_path/propotional_bump_go
[1.145s] -- Installing: /home/magnum/simuate_ws/src/robot/src/propotional_bump_go/install/propotional_bump_go/share/propotional_bump_go/environment/ament_prefix_path.sh
[1.145s] -- Installing: /home/magnum/simuate_ws/src/robot/src/propotional_bump_go/install/propotional_bump_go/share/propotional_bump_go/environment/ament_prefix_path.dsv
[1.145s] -- Installing: /home/magnum/simuate_ws/src/robot/src/propotional_bump_go/install/propotional_bump_go/share/propotional_bump_go/environment/path.sh
[1.145s] -- Installing: /home/magnum/simuate_ws/src/robot/src/propotional_bump_go/install/propotional_bump_go/share/propotional_bump_go/environment/path.dsv
[1.146s] -- Installing: /home/magnum/simuate_ws/src/robot/src/propotional_bump_go/install/propotional_bump_go/share/propotional_bump_go/local_setup.bash
[1.146s] -- Installing: /home/magnum/simuate_ws/src/robot/src/propotional_bump_go/install/propotional_bump_go/share/propotional_bump_go/local_setup.sh
[1.146s] -- Installing: /home/magnum/simuate_ws/src/robot/src/propotional_bump_go/install/propotional_bump_go/share/propotional_bump_go/local_setup.zsh
[1.146s] -- Installing: /home/magnum/simuate_ws/src/robot/src/propotional_bump_go/install/propotional_bump_go/share/propotional_bump_go/local_setup.dsv
[1.146s] -- Installing: /home/magnum/simuate_ws/src/robot/src/propotional_bump_go/install/propotional_bump_go/share/propotional_bump_go/package.dsv
[1.146s] -- Installing: /home/magnum/simuate_ws/src/robot/src/propotional_bump_go/install/propotional_bump_go/share/ament_index/resource_index/packages/propotional_bump_go
[1.146s] -- Installing: /home/magnum/simuate_ws/src/robot/src/propotional_bump_go/install/propotional_bump_go/share/propotional_bump_go/cmake/propotional_bump_goConfig.cmake
[1.146s] -- Installing: /home/magnum/simuate_ws/src/robot/src/propotional_bump_go/install/propotional_bump_go/share/propotional_bump_go/cmake/propotional_bump_goConfig-version.cmake
[1.146s] -- Installing: /home/magnum/simuate_ws/src/robot/src/propotional_bump_go/install/propotional_bump_go/share/propotional_bump_go/package.xml
[1.147s] Invoked command in '/home/magnum/simuate_ws/src/robot/src/propotional_bump_go/build/propotional_bump_go' returned '0': CMAKE_PREFIX_PATH=${CMAKE_PREFIX_PATH}:/opt/ros/foxy /usr/bin/cmake --install /home/magnum/simuate_ws/src/robot/src/propotional_bump_go/build/propotional_bump_go
