running egg_info
creating ../build/drive_robot/drive_robot.egg-info
writing ../build/drive_robot/drive_robot.egg-info/PKG-INFO
writing dependency_links to ../build/drive_robot/drive_robot.egg-info/dependency_links.txt
writing entry points to ../build/drive_robot/drive_robot.egg-info/entry_points.txt
writing requirements to ../build/drive_robot/drive_robot.egg-info/requires.txt
writing top-level names to ../build/drive_robot/drive_robot.egg-info/top_level.txt
writing manifest file '../build/drive_robot/drive_robot.egg-info/SOURCES.txt'
reading manifest file '../build/drive_robot/drive_robot.egg-info/SOURCES.txt'
writing manifest file '../build/drive_robot/drive_robot.egg-info/SOURCES.txt'
running build
running build_py
creating /home/magnum/simuate_ws/src/robot/src/build/drive_robot/build
creating /home/magnum/simuate_ws/src/robot/src/build/drive_robot/build/lib
creating /home/magnum/simuate_ws/src/robot/src/build/drive_robot/build/lib/drive_robot
copying drive_robot/human_tracking.py -> /home/magnum/simuate_ws/src/robot/src/build/drive_robot/build/lib/drive_robot
copying drive_robot/__init__.py -> /home/magnum/simuate_ws/src/robot/src/build/drive_robot/build/lib/drive_robot
copying drive_robot/move_robot.py -> /home/magnum/simuate_ws/src/robot/src/build/drive_robot/build/lib/drive_robot
running install
running install_lib
creating /home/magnum/simuate_ws/src/robot/src/install/drive_robot/lib/python3.8/site-packages/drive_robot
copying /home/magnum/simuate_ws/src/robot/src/build/drive_robot/build/lib/drive_robot/human_tracking.py -> /home/magnum/simuate_ws/src/robot/src/install/drive_robot/lib/python3.8/site-packages/drive_robot
copying /home/magnum/simuate_ws/src/robot/src/build/drive_robot/build/lib/drive_robot/__init__.py -> /home/magnum/simuate_ws/src/robot/src/install/drive_robot/lib/python3.8/site-packages/drive_robot
copying /home/magnum/simuate_ws/src/robot/src/build/drive_robot/build/lib/drive_robot/move_robot.py -> /home/magnum/simuate_ws/src/robot/src/install/drive_robot/lib/python3.8/site-packages/drive_robot
byte-compiling /home/magnum/simuate_ws/src/robot/src/install/drive_robot/lib/python3.8/site-packages/drive_robot/human_tracking.py to human_tracking.cpython-38.pyc
byte-compiling /home/magnum/simuate_ws/src/robot/src/install/drive_robot/lib/python3.8/site-packages/drive_robot/__init__.py to __init__.cpython-38.pyc
byte-compiling /home/magnum/simuate_ws/src/robot/src/install/drive_robot/lib/python3.8/site-packages/drive_robot/move_robot.py to move_robot.cpython-38.pyc
running install_data
creating /home/magnum/simuate_ws/src/robot/src/install/drive_robot/share/ament_index
creating /home/magnum/simuate_ws/src/robot/src/install/drive_robot/share/ament_index/resource_index
creating /home/magnum/simuate_ws/src/robot/src/install/drive_robot/share/ament_index/resource_index/packages
copying resource/drive_robot -> /home/magnum/simuate_ws/src/robot/src/install/drive_robot/share/ament_index/resource_index/packages
copying package.xml -> /home/magnum/simuate_ws/src/robot/src/install/drive_robot/share/drive_robot
running install_egg_info
Copying ../build/drive_robot/drive_robot.egg-info to /home/magnum/simuate_ws/src/robot/src/install/drive_robot/lib/python3.8/site-packages/drive_robot-0.0.0-py3.8.egg-info
running install_scripts
Installing velocity_drive script to /home/magnum/simuate_ws/src/robot/src/install/drive_robot/lib/drive_robot
writing list of installed files to '/home/magnum/simuate_ws/src/robot/src/build/drive_robot/install.log'
