[0.015s] Invoking command in '/home/magnum/simuate_ws/src/robot/src/project/build/project': CMAKE_PREFIX_PATH=${CMAKE_PREFIX_PATH}:/opt/ros/foxy /usr/bin/cmake --build /home/magnum/simuate_ws/src/robot/src/project/build/project -- -j8 -l8
[0.040s] [ 66%] Built target project
[0.040s] [ 66%] Built target move
[0.042s] [ 83%] [32mBuilding CXX object CMakeFiles/sub.dir/src/sub.cpp.o[0m
[0.929s] [01m[K/home/magnum/simuate_ws/src/robot/src/project/src/sub.cpp:[m[K In constructor ‘[01m[Ksubscriber::subscriber()[m[K’:
[0.929s] [01m[K/home/magnum/simuate_ws/src/robot/src/project/src/sub.cpp:10:129:[m[K [01;31m[Kerror: [m[Kno matching function for call to ‘[01m[Ksubscriber::create_subscription<geometry_msgs::msg::Twist>(const char [9], std::_Bind_helper<false, void (subscriber::*)(std::shared_ptr<geometry_msgs::msg::Twist_<std::allocator<void> > >) const, subscriber*, const std::_Placeholder<1>&>::type)[m[K’
[0.929s]    10 |         sub = this->create_subscription<geometry_msgs::msg::Twist>("/cmd_vel",std::bind(&subscriber::subscriber_message,this,_1)[01;31m[K)[m[K;
[0.929s]       |                                                                                                                                 [01;31m[K^[m[K
[0.929s] In file included from [01m[K/opt/ros/foxy/include/rclcpp/executors/single_threaded_executor.hpp:28[m[K,
[0.929s]                  from [01m[K/opt/ros/foxy/include/rclcpp/executors.hpp:22[m[K,
[0.929s]                  from [01m[K/opt/ros/foxy/include/rclcpp/rclcpp.hpp:146[m[K,
[0.929s]                  from [01m[K/home/magnum/simuate_ws/src/robot/src/project/src/sub.cpp:2[m[K:
[0.929s] [01m[K/opt/ros/foxy/include/rclcpp/node.hpp:213:3:[m[K [01;36m[Knote: [m[Kcandidate: ‘[01m[Ktemplate<class MessageT, class CallbackT, class AllocatorT, class CallbackMessageT, class SubscriptionT, class MessageMemoryStrategyT> std::shared_ptr<SubscriptionT> rclcpp::Node::create_subscription(const string&, const rclcpp::QoS&, CallbackT&&, const rclcpp::SubscriptionOptionsWithAllocator<AllocatorT>&, typename MessageMemoryStrategyT::SharedPtr)[m[K’
[0.929s]   213 |   [01;36m[Kcreate_subscription[m[K(
[0.929s]       |   [01;36m[K^~~~~~~~~~~~~~~~~~~[m[K
[0.929s] [01m[K/opt/ros/foxy/include/rclcpp/node.hpp:213:3:[m[K [01;36m[Knote: [m[K  template argument deduction/substitution failed:
[0.929s] [01m[K/home/magnum/simuate_ws/src/robot/src/project/src/sub.cpp:10:129:[m[K [01;36m[Knote: [m[K  candidate expects 5 arguments, 2 provided
[0.929s]    10 |         sub = this->create_subscription<geometry_msgs::msg::Twist>("/cmd_vel",std::bind(&subscriber::subscriber_message,this,_1)[01;36m[K)[m[K;
[0.929s]       |                                                                                                                                 [01;36m[K^[m[K
[1.175s] make[2]: *** [CMakeFiles/sub.dir/build.make:76: CMakeFiles/sub.dir/src/sub.cpp.o] Error 1
[1.175s] make[1]: *** [CMakeFiles/Makefile2:193: CMakeFiles/sub.dir/all] Error 2
[1.175s] make: *** [Makefile:146: all] Error 2
[1.179s] Invoked command in '/home/magnum/simuate_ws/src/robot/src/project/build/project' returned '2': CMAKE_PREFIX_PATH=${CMAKE_PREFIX_PATH}:/opt/ros/foxy /usr/bin/cmake --build /home/magnum/simuate_ws/src/robot/src/project/build/project -- -j8 -l8
