[0.012s] Invoking command in '/home/magnum/simuate_ws/src/robot/src/project/build/project': CMAKE_PREFIX_PATH=/opt/ros/foxy /usr/bin/cmake --build /home/magnum/simuate_ws/src/robot/src/project/build/project -- -j8 -l8
[0.023s] -- Found ament_cmake: 0.9.11 (/opt/ros/foxy/share/ament_cmake/cmake)
[0.040s] -- Using PYTHON_EXECUTABLE: /usr/bin/python3
[0.185s] -- Found rclcpp: 2.4.2 (/opt/ros/foxy/share/rclcpp/cmake)
[0.205s] -- Using all available rosidl_typesupport_c: rosidl_typesupport_fastrtps_c;rosidl_typesupport_introspection_c
[0.207s] -- Found rosidl_adapter: 1.3.0 (/opt/ros/foxy/share/rosidl_adapter/cmake)
[0.293s] -- Using all available rosidl_typesupport_cpp: rosidl_typesupport_fastrtps_cpp;rosidl_typesupport_introspection_cpp
[0.319s] -- Found rmw_implementation_cmake: 1.0.3 (/opt/ros/foxy/share/rmw_implementation_cmake/cmake)
[0.320s] -- Using RMW implementation 'rmw_fastrtps_cpp' as default
[0.398s] -- Found geometry_msgs: 2.0.5 (/opt/ros/foxy/share/geometry_msgs/cmake)
[0.416s] -- Found ament_lint_auto: 0.9.7 (/opt/ros/foxy/share/ament_lint_auto/cmake)
[0.458s] -- Added test 'copyright' to check source files copyright and LICENSE
[0.464s] -- Added test 'cppcheck' to perform static code analysis on C / C++ code
[0.464s] -- Configured cppcheck include dirs: 
[0.464s] -- Configured cppcheck exclude dirs and/or files: 
[0.470s] -- Added test 'cpplint' to check C / C++ code against the Google style
[0.470s] -- Configured cpplint exclude dirs and/or files: 
[0.471s] -- Added test 'flake8' to check Python code syntax and style conventions
[0.473s] -- Added test 'lint_cmake' to check CMake code style
[0.474s] -- Added test 'pep257' to check Python code against some of the style conventions in PEP 257
[0.479s] -- Added test 'uncrustify' to check C / C++ code style
[0.479s] -- Configured uncrustify additional arguments: 
[0.480s] -- Added test 'xmllint' to check XML markup files
[0.481s] -- Configuring done
[0.487s] -- Generating done
[0.488s] -- Build files have been written to: /home/magnum/simuate_ws/src/robot/src/project/build/project
[0.501s] [ 50%] [32mBuilding CXX object CMakeFiles/project.dir/src/pub.cpp.o[0m
[2.407s] [100%] [32m[1mLinking CXX executable project[0m
[2.521s] [100%] Built target project
[2.526s] Invoked command in '/home/magnum/simuate_ws/src/robot/src/project/build/project' returned '0': CMAKE_PREFIX_PATH=/opt/ros/foxy /usr/bin/cmake --build /home/magnum/simuate_ws/src/robot/src/project/build/project -- -j8 -l8
[2.542s] Invoking command in '/home/magnum/simuate_ws/src/robot/src/project/build/project': CMAKE_PREFIX_PATH=/opt/ros/foxy /usr/bin/cmake --install /home/magnum/simuate_ws/src/robot/src/project/build/project
[2.544s] -- Install configuration: ""
[2.545s] -- Installing: /home/magnum/simuate_ws/src/robot/src/project/install/project/lib/project/project
[2.545s] -- Set runtime path of "/home/magnum/simuate_ws/src/robot/src/project/install/project/lib/project/project" to ""
[2.545s] -- Installing: /home/magnum/simuate_ws/src/robot/src/project/install/project/share/ament_index/resource_index/package_run_dependencies/project
[2.545s] -- Installing: /home/magnum/simuate_ws/src/robot/src/project/install/project/share/ament_index/resource_index/parent_prefix_path/project
[2.545s] -- Installing: /home/magnum/simuate_ws/src/robot/src/project/install/project/share/project/environment/ament_prefix_path.sh
[2.545s] -- Installing: /home/magnum/simuate_ws/src/robot/src/project/install/project/share/project/environment/ament_prefix_path.dsv
[2.546s] -- Installing: /home/magnum/simuate_ws/src/robot/src/project/install/project/share/project/environment/path.sh
[2.546s] -- Installing: /home/magnum/simuate_ws/src/robot/src/project/install/project/share/project/environment/path.dsv
[2.546s] -- Installing: /home/magnum/simuate_ws/src/robot/src/project/install/project/share/project/local_setup.bash
[2.546s] -- Installing: /home/magnum/simuate_ws/src/robot/src/project/install/project/share/project/local_setup.sh
[2.546s] -- Installing: /home/magnum/simuate_ws/src/robot/src/project/install/project/share/project/local_setup.zsh
[2.546s] -- Installing: /home/magnum/simuate_ws/src/robot/src/project/install/project/share/project/local_setup.dsv
[2.546s] -- Installing: /home/magnum/simuate_ws/src/robot/src/project/install/project/share/project/package.dsv
[2.546s] -- Installing: /home/magnum/simuate_ws/src/robot/src/project/install/project/share/ament_index/resource_index/packages/project
[2.546s] -- Installing: /home/magnum/simuate_ws/src/robot/src/project/install/project/share/project/cmake/projectConfig.cmake
[2.546s] -- Installing: /home/magnum/simuate_ws/src/robot/src/project/install/project/share/project/cmake/projectConfig-version.cmake
[2.546s] -- Installing: /home/magnum/simuate_ws/src/robot/src/project/install/project/share/project/package.xml
[2.548s] Invoked command in '/home/magnum/simuate_ws/src/robot/src/project/build/project' returned '0': CMAKE_PREFIX_PATH=/opt/ros/foxy /usr/bin/cmake --install /home/magnum/simuate_ws/src/robot/src/project/build/project
