running egg_info
creating ../build/obstacle_detction_python/obstacle_detction_python.egg-info
writing ../build/obstacle_detction_python/obstacle_detction_python.egg-info/PKG-INFO
writing dependency_links to ../build/obstacle_detction_python/obstacle_detction_python.egg-info/dependency_links.txt
writing entry points to ../build/obstacle_detction_python/obstacle_detction_python.egg-info/entry_points.txt
writing requirements to ../build/obstacle_detction_python/obstacle_detction_python.egg-info/requires.txt
writing top-level names to ../build/obstacle_detction_python/obstacle_detction_python.egg-info/top_level.txt
writing manifest file '../build/obstacle_detction_python/obstacle_detction_python.egg-info/SOURCES.txt'
reading manifest file '../build/obstacle_detction_python/obstacle_detction_python.egg-info/SOURCES.txt'
writing manifest file '../build/obstacle_detction_python/obstacle_detction_python.egg-info/SOURCES.txt'
running build
running build_py
creating /home/magnum/simuate_ws/src/robot/src/build/obstacle_detction_python/build
creating /home/magnum/simuate_ws/src/robot/src/build/obstacle_detction_python/build/lib
creating /home/magnum/simuate_ws/src/robot/src/build/obstacle_detction_python/build/lib/obstacle_detction_python
copying obstacle_detction_python/__init__.py -> /home/magnum/simuate_ws/src/robot/src/build/obstacle_detction_python/build/lib/obstacle_detction_python
running install
running install_lib
creating /home/magnum/simuate_ws/src/robot/src/install/obstacle_detction_python/lib/python3.8/site-packages/obstacle_detction_python
copying /home/magnum/simuate_ws/src/robot/src/build/obstacle_detction_python/build/lib/obstacle_detction_python/__init__.py -> /home/magnum/simuate_ws/src/robot/src/install/obstacle_detction_python/lib/python3.8/site-packages/obstacle_detction_python
byte-compiling /home/magnum/simuate_ws/src/robot/src/install/obstacle_detction_python/lib/python3.8/site-packages/obstacle_detction_python/__init__.py to __init__.cpython-38.pyc
running install_data
creating /home/magnum/simuate_ws/src/robot/src/install/obstacle_detction_python/share/ament_index
creating /home/magnum/simuate_ws/src/robot/src/install/obstacle_detction_python/share/ament_index/resource_index
creating /home/magnum/simuate_ws/src/robot/src/install/obstacle_detction_python/share/ament_index/resource_index/packages
copying resource/obstacle_detction_python -> /home/magnum/simuate_ws/src/robot/src/install/obstacle_detction_python/share/ament_index/resource_index/packages
copying package.xml -> /home/magnum/simuate_ws/src/robot/src/install/obstacle_detction_python/share/obstacle_detction_python
running install_egg_info
Copying ../build/obstacle_detction_python/obstacle_detction_python.egg-info to /home/magnum/simuate_ws/src/robot/src/install/obstacle_detction_python/lib/python3.8/site-packages/obstacle_detction_python-0.0.0-py3.8.egg-info
running install_scripts
writing list of installed files to '/home/magnum/simuate_ws/src/robot/src/build/obstacle_detction_python/install.log'
