[0.012s] Invoking command in '/home/magnum/simuate_ws/src/robot/src/project/build/project': CMAKE_PREFIX_PATH=${CMAKE_PREFIX_PATH}:/opt/ros/foxy /usr/bin/cmake --build /home/magnum/simuate_ws/src/robot/src/project/build/project -- -j8 -l8
[0.033s] [ 75%] Built target move
[0.033s] [ 75%] Built target project
[0.033s] [ 75%] Built target sub
[0.035s] [ 87%] [32mBuilding CXX object CMakeFiles/avoid_obstacle.dir/src/avoid_obstacle.cpp.o[0m
[1.914s] [100%] [32m[1mLinking CXX executable avoid_obstacle[0m
[2.022s] [100%] Built target avoid_obstacle
[2.032s] Invoked command in '/home/magnum/simuate_ws/src/robot/src/project/build/project' returned '0': CMAKE_PREFIX_PATH=${CMAKE_PREFIX_PATH}:/opt/ros/foxy /usr/bin/cmake --build /home/magnum/simuate_ws/src/robot/src/project/build/project -- -j8 -l8
[2.054s] Invoking command in '/home/magnum/simuate_ws/src/robot/src/project/build/project': CMAKE_PREFIX_PATH=${CMAKE_PREFIX_PATH}:/opt/ros/foxy /usr/bin/cmake --install /home/magnum/simuate_ws/src/robot/src/project/build/project
[2.057s] -- Install configuration: ""
[2.057s] -- Execute custom install script
[2.057s] -- Up-to-date symlink: /home/magnum/simuate_ws/src/robot/src/project/install/project/lib/project/project
[2.057s] -- Up-to-date symlink: /home/magnum/simuate_ws/src/robot/src/project/install/project/lib/project/move
[2.057s] -- Up-to-date symlink: /home/magnum/simuate_ws/src/robot/src/project/install/project/lib/project/sub
[2.058s] -- Up-to-date symlink: /home/magnum/simuate_ws/src/robot/src/project/install/project/lib/project/avoid_obstacle
[2.058s] -- Up-to-date symlink: /home/magnum/simuate_ws/src/robot/src/project/install/project/share/ament_index/resource_index/package_run_dependencies/project
[2.058s] -- Up-to-date symlink: /home/magnum/simuate_ws/src/robot/src/project/install/project/share/ament_index/resource_index/parent_prefix_path/project
[2.058s] -- Up-to-date symlink: /home/magnum/simuate_ws/src/robot/src/project/install/project/share/project/environment/ament_prefix_path.sh
[2.058s] -- Up-to-date symlink: /home/magnum/simuate_ws/src/robot/src/project/install/project/share/project/environment/ament_prefix_path.dsv
[2.058s] -- Up-to-date symlink: /home/magnum/simuate_ws/src/robot/src/project/install/project/share/project/environment/path.sh
[2.058s] -- Up-to-date symlink: /home/magnum/simuate_ws/src/robot/src/project/install/project/share/project/environment/path.dsv
[2.058s] -- Up-to-date symlink: /home/magnum/simuate_ws/src/robot/src/project/install/project/share/project/local_setup.bash
[2.059s] -- Up-to-date symlink: /home/magnum/simuate_ws/src/robot/src/project/install/project/share/project/local_setup.sh
[2.059s] -- Up-to-date symlink: /home/magnum/simuate_ws/src/robot/src/project/install/project/share/project/local_setup.zsh
[2.059s] -- Up-to-date symlink: /home/magnum/simuate_ws/src/robot/src/project/install/project/share/project/local_setup.dsv
[2.059s] -- Symlinking: /home/magnum/simuate_ws/src/robot/src/project/install/project/share/project/package.dsv
[2.061s] -- Up-to-date symlink: /home/magnum/simuate_ws/src/robot/src/project/install/project/share/ament_index/resource_index/packages/project
[2.061s] -- Up-to-date symlink: /home/magnum/simuate_ws/src/robot/src/project/install/project/share/project/cmake/projectConfig.cmake
[2.061s] -- Up-to-date symlink: /home/magnum/simuate_ws/src/robot/src/project/install/project/share/project/cmake/projectConfig-version.cmake
[2.061s] -- Up-to-date symlink: /home/magnum/simuate_ws/src/robot/src/project/install/project/share/project/package.xml
[2.063s] Invoked command in '/home/magnum/simuate_ws/src/robot/src/project/build/project' returned '0': CMAKE_PREFIX_PATH=${CMAKE_PREFIX_PATH}:/opt/ros/foxy /usr/bin/cmake --install /home/magnum/simuate_ws/src/robot/src/project/build/project
