[0.011s] Invoking command in '/home/magnum/simuate_ws/src/robot/src/propotional_bump_go/build/propotional_bump_go': CMAKE_PREFIX_PATH=/opt/ros/foxy /usr/bin/cmake --build /home/magnum/simuate_ws/src/robot/src/propotional_bump_go/build/propotional_bump_go -- -j8 -l8
[0.036s] [ 50%] [32mBuilding CXX object CMakeFiles/bump_go_node.dir/src/bump_go_node.cpp.o[0m
[3.431s] [100%] [32m[1mLinking CXX executable bump_go_node[0m
[3.599s] [100%] Built target bump_go_node
[3.608s] Invoked command in '/home/magnum/simuate_ws/src/robot/src/propotional_bump_go/build/propotional_bump_go' returned '0': CMAKE_PREFIX_PATH=/opt/ros/foxy /usr/bin/cmake --build /home/magnum/simuate_ws/src/robot/src/propotional_bump_go/build/propotional_bump_go -- -j8 -l8
[3.626s] Invoking command in '/home/magnum/simuate_ws/src/robot/src/propotional_bump_go/build/propotional_bump_go': CMAKE_PREFIX_PATH=/opt/ros/foxy /usr/bin/cmake --install /home/magnum/simuate_ws/src/robot/src/propotional_bump_go/build/propotional_bump_go
[3.628s] -- Install configuration: ""
[3.628s] -- Installing: /home/magnum/simuate_ws/src/robot/src/propotional_bump_go/install/propotional_bump_go/lib/propotional_bump_go/bump_go_node
[3.630s] -- Set runtime path of "/home/magnum/simuate_ws/src/robot/src/propotional_bump_go/install/propotional_bump_go/lib/propotional_bump_go/bump_go_node" to ""
[3.630s] -- Up-to-date: /home/magnum/simuate_ws/src/robot/src/propotional_bump_go/install/propotional_bump_go/share/ament_index/resource_index/package_run_dependencies/propotional_bump_go
[3.630s] -- Up-to-date: /home/magnum/simuate_ws/src/robot/src/propotional_bump_go/install/propotional_bump_go/share/ament_index/resource_index/parent_prefix_path/propotional_bump_go
[3.630s] -- Up-to-date: /home/magnum/simuate_ws/src/robot/src/propotional_bump_go/install/propotional_bump_go/share/propotional_bump_go/environment/ament_prefix_path.sh
[3.630s] -- Up-to-date: /home/magnum/simuate_ws/src/robot/src/propotional_bump_go/install/propotional_bump_go/share/propotional_bump_go/environment/ament_prefix_path.dsv
[3.630s] -- Up-to-date: /home/magnum/simuate_ws/src/robot/src/propotional_bump_go/install/propotional_bump_go/share/propotional_bump_go/environment/path.sh
[3.630s] -- Up-to-date: /home/magnum/simuate_ws/src/robot/src/propotional_bump_go/install/propotional_bump_go/share/propotional_bump_go/environment/path.dsv
[3.630s] -- Up-to-date: /home/magnum/simuate_ws/src/robot/src/propotional_bump_go/install/propotional_bump_go/share/propotional_bump_go/local_setup.bash
[3.630s] -- Up-to-date: /home/magnum/simuate_ws/src/robot/src/propotional_bump_go/install/propotional_bump_go/share/propotional_bump_go/local_setup.sh
[3.630s] -- Up-to-date: /home/magnum/simuate_ws/src/robot/src/propotional_bump_go/install/propotional_bump_go/share/propotional_bump_go/local_setup.zsh
[3.631s] -- Up-to-date: /home/magnum/simuate_ws/src/robot/src/propotional_bump_go/install/propotional_bump_go/share/propotional_bump_go/local_setup.dsv
[3.631s] -- Installing: /home/magnum/simuate_ws/src/robot/src/propotional_bump_go/install/propotional_bump_go/share/propotional_bump_go/package.dsv
[3.631s] -- Up-to-date: /home/magnum/simuate_ws/src/robot/src/propotional_bump_go/install/propotional_bump_go/share/ament_index/resource_index/packages/propotional_bump_go
[3.631s] -- Up-to-date: /home/magnum/simuate_ws/src/robot/src/propotional_bump_go/install/propotional_bump_go/share/propotional_bump_go/cmake/propotional_bump_goConfig.cmake
[3.631s] -- Up-to-date: /home/magnum/simuate_ws/src/robot/src/propotional_bump_go/install/propotional_bump_go/share/propotional_bump_go/cmake/propotional_bump_goConfig-version.cmake
[3.631s] -- Up-to-date: /home/magnum/simuate_ws/src/robot/src/propotional_bump_go/install/propotional_bump_go/share/propotional_bump_go/package.xml
[3.632s] Invoked command in '/home/magnum/simuate_ws/src/robot/src/propotional_bump_go/build/propotional_bump_go' returned '0': CMAKE_PREFIX_PATH=/opt/ros/foxy /usr/bin/cmake --install /home/magnum/simuate_ws/src/robot/src/propotional_bump_go/build/propotional_bump_go
